<?xml version="1.0" encoding="UTF-8" standalone="yes"?><!DOCTYPE report PUBLIC "-//JACOCO//DTD Report 1.1//EN" "report.dtd"><report name="spring-boot-skeleton"><sessioninfo id="DESKTOP-1N3M7NR-36c4bbff" start="1611607461332" dump="1611607515544"/><sessioninfo id="DESKTOP-1N3M7NR-6dc8c88b" start="1611705291657" dump="1611705344150"/><sessioninfo id="DESKTOP-1N3M7NR-b8f39b97" start="1611768506601" dump="1611768578472"/><sessioninfo id="DESKTOP-1N3M7NR-bec8e27b" start="1611863377803" dump="1611863440011"/><sessioninfo id="DESKTOP-1N3M7NR-760ad531" start="1612296644174" dump="1612296712426"/><sessioninfo id="DESKTOP-1N3M7NR-91805535" start="1612456996438" dump="1612457073889"/><sessioninfo id="DESKTOP-1N3M7NR-4732bb4f" start="1612472523329" dump="1612472584392"/><sessioninfo id="DESKTOP-1N3M7NR-cd97b068" start="1612540646384" dump="1612540704460"/><sessioninfo id="DESKTOP-1N3M7NR-29e3d3d8" start="1612541508031" dump="1612541583035"/><sessioninfo id="DESKTOP-1N3M7NR-f1f15454" start="1613063062312" dump="1613063130519"/><package name="com/nnk/springboot/controllers"><class name="com/nnk/springboot/controllers/CurveController" sourcefilename="CurveController.java"><method name="&lt;clinit&gt;" desc="()V" line="39"><counter type="INSTRUCTION" missed="0" covered="4"/><counter type="LINE" missed="0" covered="1"/><counter type="COMPLEXITY" missed="0" covered="1"/><counter type="METHOD" missed="0" covered="1"/></method><method name="&lt;init&gt;" desc="()V" line="32"><counter type="INSTRUCTION" missed="0" covered="3"/><counter type="LINE" missed="0" covered="1"/><counter type="COMPLEXITY" missed="0" covered="1"/><counter type="METHOD" missed="0" covered="1"/></method><method name="home" desc="()Ljava/util/List;" line="49"><counter type="INSTRUCTION" missed="0" covered="4"/><counter type="LINE" missed="0" covered="1"/><counter type="COMPLEXITY" missed="0" covered="1"/><counter type="METHOD" missed="0" covered="1"/></method><method name="addCurvePoint" desc="(Lcom/nnk/springboot/domain/CurvePoint;)Lorg/springframework/http/ResponseEntity;" line="61"><counter type="INSTRUCTION" missed="0" covered="9"/><counter type="LINE" missed="0" covered="1"/><counter type="COMPLEXITY" missed="0" covered="1"/><counter type="METHOD" missed="0" covered="1"/></method><method name="getCurvePointById" desc="(Ljava/lang/Integer;)Lcom/nnk/springboot/domain/CurvePoint;" line="73"><counter type="INSTRUCTION" missed="0" covered="6"/><counter type="LINE" missed="0" covered="1"/><counter type="COMPLEXITY" missed="0" covered="1"/><counter type="METHOD" missed="0" covered="1"/></method><method name="updateCurve" desc="(Lcom/nnk/springboot/domain/CurvePoint;)Lcom/nnk/springboot/domain/CurvePoint;" line="85"><counter type="INSTRUCTION" missed="0" covered="5"/><counter type="LINE" missed="0" covered="1"/><counter type="COMPLEXITY" missed="0" covered="1"/><counter type="METHOD" missed="0" covered="1"/></method><method name="deleteCurve" desc="(Ljava/lang/Integer;Ljavax/servlet/http/HttpServletResponse;)V" line="94"><counter type="INSTRUCTION" missed="12" covered="14"/><counter type="BRANCH" missed="1" covered="1"/><counter type="LINE" missed="4" covered="4"/><counter type="COMPLEXITY" missed="1" covered="1"/><counter type="METHOD" missed="0" covered="1"/></method><counter type="INSTRUCTION" missed="12" covered="45"/><counter type="BRANCH" missed="1" covered="1"/><counter type="LINE" missed="4" covered="10"/><counter type="COMPLEXITY" missed="1" covered="7"/><counter type="METHOD" missed="0" covered="7"/><counter type="CLASS" missed="0" covered="1"/></class><class name="com/nnk/springboot/controllers/UserController" sourcefilename="UserController.java"><method name="&lt;clinit&gt;" desc="()V" line="36"><counter type="INSTRUCTION" missed="0" covered="4"/><counter type="LINE" missed="0" covered="1"/><counter type="COMPLEXITY" missed="0" covered="1"/><counter type="METHOD" missed="0" covered="1"/></method><method name="&lt;init&gt;" desc="()V" line="32"><counter type="INSTRUCTION" missed="0" covered="3"/><counter type="LINE" missed="0" covered="1"/><counter type="COMPLEXITY" missed="0" covered="1"/><counter type="METHOD" missed="0" covered="1"/></method><method name="home" desc="()Ljava/util/List;" line="46"><counter type="INSTRUCTION" missed="0" covered="4"/><counter type="LINE" missed="0" covered="1"/><counter type="COMPLEXITY" missed="0" covered="1"/><counter type="METHOD" missed="0" covered="1"/></method><method name="addUser" desc="(Lcom/nnk/springboot/domain/User;)Lorg/springframework/http/ResponseEntity;" line="59"><counter type="INSTRUCTION" missed="9" covered="0"/><counter type="LINE" missed="1" covered="0"/><counter type="COMPLEXITY" missed="1" covered="0"/><counter type="METHOD" missed="1" covered="0"/></method><method name="getUserByUsername" desc="(Ljava/lang/String;)Lcom/nnk/springboot/domain/User;" line="71"><counter type="INSTRUCTION" missed="0" covered="5"/><counter type="LINE" missed="0" covered="1"/><counter type="COMPLEXITY" missed="0" covered="1"/><counter type="METHOD" missed="0" covered="1"/></method><method name="updateUser" desc="(Lcom/nnk/springboot/domain/User;)Lcom/nnk/springboot/domain/User;" line="83"><counter type="INSTRUCTION" missed="5" covered="0"/><counter type="LINE" missed="1" covered="0"/><counter type="COMPLEXITY" missed="1" covered="0"/><counter type="METHOD" missed="1" covered="0"/></method><method name="deleteUser" desc="(Ljava/lang/Integer;Ljavax/servlet/http/HttpServletResponse;)V" line="95"><counter type="INSTRUCTION" missed="12" covered="14"/><counter type="BRANCH" missed="1" covered="1"/><counter type="LINE" missed="4" covered="4"/><counter type="COMPLEXITY" missed="1" covered="1"/><counter type="METHOD" missed="0" covered="1"/></method><counter type="INSTRUCTION" missed="26" covered="30"/><counter type="BRANCH" missed="1" covered="1"/><counter type="LINE" missed="6" covered="8"/><counter type="COMPLEXITY" missed="3" covered="5"/><counter type="METHOD" missed="2" covered="5"/><counter type="CLASS" missed="0" covered="1"/></class><class name="com/nnk/springboot/controllers/BidListController" sourcefilename="BidListController.java"><method name="&lt;clinit&gt;" desc="()V" line="39"><counter type="INSTRUCTION" missed="0" covered="4"/><counter type="LINE" missed="0" covered="1"/><counter type="COMPLEXITY" missed="0" covered="1"/><counter type="METHOD" missed="0" covered="1"/></method><method name="&lt;init&gt;" desc="()V" line="32"><counter type="INSTRUCTION" missed="0" covered="3"/><counter type="LINE" missed="0" covered="1"/><counter type="COMPLEXITY" missed="0" covered="1"/><counter type="METHOD" missed="0" covered="1"/></method><method name="home" desc="()Ljava/util/List;" line="49"><counter type="INSTRUCTION" missed="0" covered="4"/><counter type="LINE" missed="0" covered="1"/><counter type="COMPLEXITY" missed="0" covered="1"/><counter type="METHOD" missed="0" covered="1"/></method><method name="findBidListById" desc="(I)Lcom/nnk/springboot/domain/BidList;" line="61"><counter type="INSTRUCTION" missed="5" covered="0"/><counter type="LINE" missed="1" covered="0"/><counter type="COMPLEXITY" missed="1" covered="0"/><counter type="METHOD" missed="1" covered="0"/></method><method name="addBidList" desc="(Lcom/nnk/springboot/domain/BidList;)Lorg/springframework/http/ResponseEntity;" line="73"><counter type="INSTRUCTION" missed="0" covered="9"/><counter type="LINE" missed="0" covered="1"/><counter type="COMPLEXITY" missed="0" covered="1"/><counter type="METHOD" missed="0" covered="1"/></method><method name="updateBid" desc="(Lcom/nnk/springboot/domain/BidList;)Lcom/nnk/springboot/domain/BidList;" line="85"><counter type="INSTRUCTION" missed="0" covered="5"/><counter type="LINE" missed="0" covered="1"/><counter type="COMPLEXITY" missed="0" covered="1"/><counter type="METHOD" missed="0" covered="1"/></method><method name="deleteBid" desc="(Ljava/lang/Integer;Ljavax/servlet/http/HttpServletResponse;)V" line="94"><counter type="INSTRUCTION" missed="12" covered="14"/><counter type="BRANCH" missed="1" covered="1"/><counter type="LINE" missed="4" covered="4"/><counter type="COMPLEXITY" missed="1" covered="1"/><counter type="METHOD" missed="0" covered="1"/></method><counter type="INSTRUCTION" missed="17" covered="39"/><counter type="BRANCH" missed="1" covered="1"/><counter type="LINE" missed="5" covered="9"/><counter type="COMPLEXITY" missed="2" covered="6"/><counter type="METHOD" missed="1" covered="6"/><counter type="CLASS" missed="0" covered="1"/></class><class name="com/nnk/springboot/controllers/RatingController" sourcefilename="RatingController.java"><method name="&lt;clinit&gt;" desc="()V" line="39"><counter type="INSTRUCTION" missed="0" covered="4"/><counter type="LINE" missed="0" covered="1"/><counter type="COMPLEXITY" missed="0" covered="1"/><counter type="METHOD" missed="0" covered="1"/></method><method name="&lt;init&gt;" desc="()V" line="32"><counter type="INSTRUCTION" missed="0" covered="3"/><counter type="LINE" missed="0" covered="1"/><counter type="COMPLEXITY" missed="0" covered="1"/><counter type="METHOD" missed="0" covered="1"/></method><method name="home" desc="()Ljava/util/List;" line="49"><counter type="INSTRUCTION" missed="0" covered="4"/><counter type="LINE" missed="0" covered="1"/><counter type="COMPLEXITY" missed="0" covered="1"/><counter type="METHOD" missed="0" covered="1"/></method><method name="addRating" desc="(Lcom/nnk/springboot/domain/Rating;)Lorg/springframework/http/ResponseEntity;" line="61"><counter type="INSTRUCTION" missed="0" covered="9"/><counter type="LINE" missed="0" covered="1"/><counter type="COMPLEXITY" missed="0" covered="1"/><counter type="METHOD" missed="0" covered="1"/></method><method name="getRatingById" desc="(Ljava/lang/Integer;)Lcom/nnk/springboot/domain/Rating;" line="73"><counter type="INSTRUCTION" missed="0" covered="6"/><counter type="LINE" missed="0" covered="1"/><counter type="COMPLEXITY" missed="0" covered="1"/><counter type="METHOD" missed="0" covered="1"/></method><method name="updateRating" desc="(Lcom/nnk/springboot/domain/Rating;)Lcom/nnk/springboot/domain/Rating;" line="85"><counter type="INSTRUCTION" missed="0" covered="5"/><counter type="LINE" missed="0" covered="1"/><counter type="COMPLEXITY" missed="0" covered="1"/><counter type="METHOD" missed="0" covered="1"/></method><method name="deleteRating" desc="(Ljava/lang/Integer;Ljavax/servlet/http/HttpServletResponse;)V" line="94"><counter type="INSTRUCTION" missed="12" covered="14"/><counter type="BRANCH" missed="1" covered="1"/><counter type="LINE" missed="4" covered="4"/><counter type="COMPLEXITY" missed="1" covered="1"/><counter type="METHOD" missed="0" covered="1"/></method><counter type="INSTRUCTION" missed="12" covered="45"/><counter type="BRANCH" missed="1" covered="1"/><counter type="LINE" missed="4" covered="10"/><counter type="COMPLEXITY" missed="1" covered="7"/><counter type="METHOD" missed="0" covered="7"/><counter type="CLASS" missed="0" covered="1"/></class><class name="com/nnk/springboot/controllers/TradeController" sourcefilename="TradeController.java"><method name="&lt;clinit&gt;" desc="()V" line="38"><counter type="INSTRUCTION" missed="0" covered="4"/><counter type="LINE" missed="0" covered="1"/><counter type="COMPLEXITY" missed="0" covered="1"/><counter type="METHOD" missed="0" covered="1"/></method><method name="&lt;init&gt;" desc="()V" line="32"><counter type="INSTRUCTION" missed="0" covered="3"/><counter type="LINE" missed="0" covered="1"/><counter type="COMPLEXITY" missed="0" covered="1"/><counter type="METHOD" missed="0" covered="1"/></method><method name="home" desc="()Ljava/util/List;" line="48"><counter type="INSTRUCTION" missed="0" covered="4"/><counter type="LINE" missed="0" covered="1"/><counter type="COMPLEXITY" missed="0" covered="1"/><counter type="METHOD" missed="0" covered="1"/></method><method name="addTrade" desc="(Lcom/nnk/springboot/domain/Trade;)Lorg/springframework/http/ResponseEntity;" line="60"><counter type="INSTRUCTION" missed="0" covered="9"/><counter type="LINE" missed="0" covered="1"/><counter type="COMPLEXITY" missed="0" covered="1"/><counter type="METHOD" missed="0" covered="1"/></method><method name="getTrade" desc="(Ljava/lang/Integer;)Lcom/nnk/springboot/domain/Trade;" line="72"><counter type="INSTRUCTION" missed="0" covered="6"/><counter type="LINE" missed="0" covered="1"/><counter type="COMPLEXITY" missed="0" covered="1"/><counter type="METHOD" missed="0" covered="1"/></method><method name="updateTrade" desc="(Lcom/nnk/springboot/domain/Trade;)Lcom/nnk/springboot/domain/Trade;" line="84"><counter type="INSTRUCTION" missed="0" covered="5"/><counter type="LINE" missed="0" covered="1"/><counter type="COMPLEXITY" missed="0" covered="1"/><counter type="METHOD" missed="0" covered="1"/></method><method name="deleteTrade" desc="(Ljava/lang/Integer;Ljavax/servlet/http/HttpServletResponse;)V" line="95"><counter type="INSTRUCTION" missed="12" covered="14"/><counter type="BRANCH" missed="1" covered="1"/><counter type="LINE" missed="4" covered="4"/><counter type="COMPLEXITY" missed="1" covered="1"/><counter type="METHOD" missed="0" covered="1"/></method><counter type="INSTRUCTION" missed="12" covered="45"/><counter type="BRANCH" missed="1" covered="1"/><counter type="LINE" missed="4" covered="10"/><counter type="COMPLEXITY" missed="1" covered="7"/><counter type="METHOD" missed="0" covered="7"/><counter type="CLASS" missed="0" covered="1"/></class><class name="com/nnk/springboot/controllers/RuleNameController" sourcefilename="RuleNameController.java"><method name="&lt;clinit&gt;" desc="()V" line="35"><counter type="INSTRUCTION" missed="0" covered="4"/><counter type="LINE" missed="0" covered="1"/><counter type="COMPLEXITY" missed="0" covered="1"/><counter type="METHOD" missed="0" covered="1"/></method><method name="&lt;init&gt;" desc="()V" line="28"><counter type="INSTRUCTION" missed="0" covered="3"/><counter type="LINE" missed="0" covered="1"/><counter type="COMPLEXITY" missed="0" covered="1"/><counter type="METHOD" missed="0" covered="1"/></method><method name="home" desc="()Ljava/util/List;" line="44"><counter type="INSTRUCTION" missed="0" covered="4"/><counter type="LINE" missed="0" covered="1"/><counter type="COMPLEXITY" missed="0" covered="1"/><counter type="METHOD" missed="0" covered="1"/></method><method name="addRule" desc="(Lcom/nnk/springboot/domain/RuleName;)Lorg/springframework/http/ResponseEntity;" line="55"><counter type="INSTRUCTION" missed="0" covered="9"/><counter type="LINE" missed="0" covered="1"/><counter type="COMPLEXITY" missed="0" covered="1"/><counter type="METHOD" missed="0" covered="1"/></method><method name="updateRuleName" desc="(Lcom/nnk/springboot/domain/RuleName;)Lcom/nnk/springboot/domain/RuleName;" line="66"><counter type="INSTRUCTION" missed="0" covered="5"/><counter type="LINE" missed="0" covered="1"/><counter type="COMPLEXITY" missed="0" covered="1"/><counter type="METHOD" missed="0" covered="1"/></method><method name="deleteRuleName" desc="(Ljava/lang/Integer;Ljavax/servlet/http/HttpServletResponse;)V" line="76"><counter type="INSTRUCTION" missed="12" covered="14"/><counter type="BRANCH" missed="1" covered="1"/><counter type="LINE" missed="4" covered="4"/><counter type="COMPLEXITY" missed="1" covered="1"/><counter type="METHOD" missed="0" covered="1"/></method><counter type="INSTRUCTION" missed="12" covered="39"/><counter type="BRANCH" missed="1" covered="1"/><counter type="LINE" missed="4" covered="9"/><counter type="COMPLEXITY" missed="1" covered="6"/><counter type="METHOD" missed="0" covered="6"/><counter type="CLASS" missed="0" covered="1"/></class><sourcefile name="RatingController.java"><line nr="32" mi="0" ci="3" mb="0" cb="0"/><line nr="39" mi="0" ci="4" mb="0" cb="0"/><line nr="49" mi="0" ci="4" mb="0" cb="0"/><line nr="61" mi="0" ci="9" mb="0" cb="0"/><line nr="73" mi="0" ci="6" mb="0" cb="0"/><line nr="85" mi="0" ci="5" mb="0" cb="0"/><line nr="94" mi="0" ci="7" mb="0" cb="0"/><line nr="95" mi="0" ci="3" mb="1" cb="1"/><line nr="96" mi="3" ci="0" mb="0" cb="0"/><line nr="97" mi="3" ci="0" mb="0" cb="0"/><line nr="98" mi="5" ci="0" mb="0" cb="0"/><line nr="99" mi="1" ci="0" mb="0" cb="0"/><line nr="100" mi="0" ci="3" mb="0" cb="0"/><line nr="102" mi="0" ci="1" mb="0" cb="0"/><counter type="INSTRUCTION" missed="12" covered="45"/><counter type="BRANCH" missed="1" covered="1"/><counter type="LINE" missed="4" covered="10"/><counter type="COMPLEXITY" missed="1" covered="7"/><counter type="METHOD" missed="0" covered="7"/><counter type="CLASS" missed="0" covered="1"/></sourcefile><sourcefile name="TradeController.java"><line nr="32" mi="0" ci="3" mb="0" cb="0"/><line nr="38" mi="0" ci="4" mb="0" cb="0"/><line nr="48" mi="0" ci="4" mb="0" cb="0"/><line nr="60" mi="0" ci="9" mb="0" cb="0"/><line nr="72" mi="0" ci="6" mb="0" cb="0"/><line nr="84" mi="0" ci="5" mb="0" cb="0"/><line nr="95" mi="0" ci="7" mb="0" cb="0"/><line nr="96" mi="0" ci="3" mb="1" cb="1"/><line nr="97" mi="3" ci="0" mb="0" cb="0"/><line nr="98" mi="3" ci="0" mb="0" cb="0"/><line nr="99" mi="5" ci="0" mb="0" cb="0"/><line nr="100" mi="1" ci="0" mb="0" cb="0"/><line nr="101" mi="0" ci="3" mb="0" cb="0"/><line nr="103" mi="0" ci="1" mb="0" cb="0"/><counter type="INSTRUCTION" missed="12" covered="45"/><counter type="BRANCH" missed="1" covered="1"/><counter type="LINE" missed="4" covered="10"/><counter type="COMPLEXITY" missed="1" covered="7"/><counter type="METHOD" missed="0" covered="7"/><counter type="CLASS" missed="0" covered="1"/></sourcefile><sourcefile name="CurveController.java"><line nr="32" mi="0" ci="3" mb="0" cb="0"/><line nr="39" mi="0" ci="4" mb="0" cb="0"/><line nr="49" mi="0" ci="4" mb="0" cb="0"/><line nr="61" mi="0" ci="9" mb="0" cb="0"/><line nr="73" mi="0" ci="6" mb="0" cb="0"/><line nr="85" mi="0" ci="5" mb="0" cb="0"/><line nr="94" mi="0" ci="7" mb="0" cb="0"/><line nr="95" mi="0" ci="3" mb="1" cb="1"/><line nr="96" mi="3" ci="0" mb="0" cb="0"/><line nr="97" mi="3" ci="0" mb="0" cb="0"/><line nr="98" mi="5" ci="0" mb="0" cb="0"/><line nr="99" mi="1" ci="0" mb="0" cb="0"/><line nr="100" mi="0" ci="3" mb="0" cb="0"/><line nr="102" mi="0" ci="1" mb="0" cb="0"/><counter type="INSTRUCTION" missed="12" covered="45"/><counter type="BRANCH" missed="1" covered="1"/><counter type="LINE" missed="4" covered="10"/><counter type="COMPLEXITY" missed="1" covered="7"/><counter type="METHOD" missed="0" covered="7"/><counter type="CLASS" missed="0" covered="1"/></sourcefile><sourcefile name="BidListController.java"><line nr="32" mi="0" ci="3" mb="0" cb="0"/><line nr="39" mi="0" ci="4" mb="0" cb="0"/><line nr="49" mi="0" ci="4" mb="0" cb="0"/><line nr="61" mi="5" ci="0" mb="0" cb="0"/><line nr="73" mi="0" ci="9" mb="0" cb="0"/><line nr="85" mi="0" ci="5" mb="0" cb="0"/><line nr="94" mi="0" ci="7" mb="0" cb="0"/><line nr="95" mi="0" ci="3" mb="1" cb="1"/><line nr="96" mi="3" ci="0" mb="0" cb="0"/><line nr="97" mi="3" ci="0" mb="0" cb="0"/><line nr="98" mi="5" ci="0" mb="0" cb="0"/><line nr="99" mi="1" ci="0" mb="0" cb="0"/><line nr="100" mi="0" ci="3" mb="0" cb="0"/><line nr="102" mi="0" ci="1" mb="0" cb="0"/><counter type="INSTRUCTION" missed="17" covered="39"/><counter type="BRANCH" missed="1" covered="1"/><counter type="LINE" missed="5" covered="9"/><counter type="COMPLEXITY" missed="2" covered="6"/><counter type="METHOD" missed="1" covered="6"/><counter type="CLASS" missed="0" covered="1"/></sourcefile><sourcefile name="RuleNameController.java"><line nr="28" mi="0" ci="3" mb="0" cb="0"/><line nr="35" mi="0" ci="4" mb="0" cb="0"/><line nr="44" mi="0" ci="4" mb="0" cb="0"/><line nr="55" mi="0" ci="9" mb="0" cb="0"/><line nr="66" mi="0" ci="5" mb="0" cb="0"/><line nr="76" mi="0" ci="7" mb="0" cb="0"/><line nr="77" mi="0" ci="3" mb="1" cb="1"/><line nr="78" mi="3" ci="0" mb="0" cb="0"/><line nr="79" mi="3" ci="0" mb="0" cb="0"/><line nr="80" mi="5" ci="0" mb="0" cb="0"/><line nr="81" mi="1" ci="0" mb="0" cb="0"/><line nr="82" mi="0" ci="3" mb="0" cb="0"/><line nr="84" mi="0" ci="1" mb="0" cb="0"/><counter type="INSTRUCTION" missed="12" covered="39"/><counter type="BRANCH" missed="1" covered="1"/><counter type="LINE" missed="4" covered="9"/><counter type="COMPLEXITY" missed="1" covered="6"/><counter type="METHOD" missed="0" covered="6"/><counter type="CLASS" missed="0" covered="1"/></sourcefile><sourcefile name="UserController.java"><line nr="32" mi="0" ci="3" mb="0" cb="0"/><line nr="36" mi="0" ci="4" mb="0" cb="0"/><line nr="46" mi="0" ci="4" mb="0" cb="0"/><line nr="59" mi="9" ci="0" mb="0" cb="0"/><line nr="71" mi="0" ci="5" mb="0" cb="0"/><line nr="83" mi="5" ci="0" mb="0" cb="0"/><line nr="95" mi="0" ci="7" mb="0" cb="0"/><line nr="96" mi="0" ci="3" mb="1" cb="1"/><line nr="97" mi="3" ci="0" mb="0" cb="0"/><line nr="98" mi="3" ci="0" mb="0" cb="0"/><line nr="99" mi="5" ci="0" mb="0" cb="0"/><line nr="100" mi="1" ci="0" mb="0" cb="0"/><line nr="101" mi="0" ci="3" mb="0" cb="0"/><line nr="103" mi="0" ci="1" mb="0" cb="0"/><counter type="INSTRUCTION" missed="26" covered="30"/><counter type="BRANCH" missed="1" covered="1"/><counter type="LINE" missed="6" covered="8"/><counter type="COMPLEXITY" missed="3" covered="5"/><counter type="METHOD" missed="2" covered="5"/><counter type="CLASS" missed="0" covered="1"/></sourcefile><counter type="INSTRUCTION" missed="91" covered="243"/><counter type="BRANCH" missed="6" covered="6"/><counter type="LINE" missed="27" covered="56"/><counter type="COMPLEXITY" missed="9" covered="38"/><counter type="METHOD" missed="3" covered="38"/><counter type="CLASS" missed="0" covered="6"/></package><package name="com/nnk/springboot/dto"><class name="com/nnk/springboot/dto/RuleNameDTO" sourcefilename="RuleNameDTO.java"><method name="&lt;init&gt;" desc="()V" line="7"><counter type="INSTRUCTION" missed="3" covered="0"/><counter type="LINE" missed="1" covered="0"/><counter type="COMPLEXITY" missed="1" covered="0"/><counter type="METHOD" missed="1" covered="0"/></method><method name="getId" desc="()Ljava/lang/Integer;" line="57"><counter type="INSTRUCTION" missed="3" covered="0"/><counter type="LINE" missed="1" covered="0"/><counter type="COMPLEXITY" missed="1" covered="0"/><counter type="METHOD" missed="1" covered="0"/></method><method name="setId" desc="(Ljava/lang/Integer;)V" line="61"><counter type="INSTRUCTION" missed="4" covered="0"/><counter type="LINE" missed="2" covered="0"/><counter type="COMPLEXITY" missed="1" covered="0"/><counter type="METHOD" missed="1" covered="0"/></method><method name="getName" desc="()Ljava/lang/String;" line="65"><counter type="INSTRUCTION" missed="3" covered="0"/><counter type="LINE" missed="1" covered="0"/><counter type="COMPLEXITY" missed="1" covered="0"/><counter type="METHOD" missed="1" covered="0"/></method><method name="setName" desc="(Ljava/lang/String;)V" line="69"><counter type="INSTRUCTION" missed="4" covered="0"/><counter type="LINE" missed="2" covered="0"/><counter type="COMPLEXITY" missed="1" covered="0"/><counter type="METHOD" missed="1" covered="0"/></method><method name="getDescription" desc="()Ljava/lang/String;" line="73"><counter type="INSTRUCTION" missed="3" covered="0"/><counter type="LINE" missed="1" covered="0"/><counter type="COMPLEXITY" missed="1" covered="0"/><counter type="METHOD" missed="1" covered="0"/></method><method name="setDescription" desc="(Ljava/lang/String;)V" line="77"><counter type="INSTRUCTION" missed="4" covered="0"/><counter type="LINE" missed="2" covered="0"/><counter type="COMPLEXITY" missed="1" covered="0"/><counter type="METHOD" missed="1" covered="0"/></method><method name="getJson" desc="()Ljava/lang/String;" line="81"><counter type="INSTRUCTION" missed="3" covered="0"/><counter type="LINE" missed="1" covered="0"/><counter type="COMPLEXITY" missed="1" covered="0"/><counter type="METHOD" missed="1" covered="0"/></method><method name="setJson" desc="(Ljava/lang/String;)V" line="85"><counter type="INSTRUCTION" missed="4" covered="0"/><counter type="LINE" missed="2" covered="0"/><counter type="COMPLEXITY" missed="1" covered="0"/><counter type="METHOD" missed="1" covered="0"/></method><method name="getTemplate" desc="()Ljava/lang/String;" line="89"><counter type="INSTRUCTION" missed="3" covered="0"/><counter type="LINE" missed="1" covered="0"/><counter type="COMPLEXITY" missed="1" covered="0"/><counter type="METHOD" missed="1" covered="0"/></method><method name="setTemplate" desc="(Ljava/lang/String;)V" line="93"><counter type="INSTRUCTION" missed="4" covered="0"/><counter type="LINE" missed="2" covered="0"/><counter type="COMPLEXITY" missed="1" covered="0"/><counter type="METHOD" missed="1" covered="0"/></method><method name="getSqlStr" desc="()Ljava/lang/String;" line="97"><counter type="INSTRUCTION" missed="3" covered="0"/><counter type="LINE" missed="1" covered="0"/><counter type="COMPLEXITY" missed="1" covered="0"/><counter type="METHOD" missed="1" covered="0"/></method><method name="setSqlStr" desc="(Ljava/lang/String;)V" line="101"><counter type="INSTRUCTION" missed="4" covered="0"/><counter type="LINE" missed="2" covered="0"/><counter type="COMPLEXITY" missed="1" covered="0"/><counter type="METHOD" missed="1" covered="0"/></method><method name="getSqlPart" desc="()Ljava/lang/String;" line="105"><counter type="INSTRUCTION" missed="3" covered="0"/><counter type="LINE" missed="1" covered="0"/><counter type="COMPLEXITY" missed="1" covered="0"/><counter type="METHOD" missed="1" covered="0"/></method><method name="setSqlPart" desc="(Ljava/lang/String;)V" line="109"><counter type="INSTRUCTION" missed="4" covered="0"/><counter type="LINE" missed="2" covered="0"/><counter type="COMPLEXITY" missed="1" covered="0"/><counter type="METHOD" missed="1" covered="0"/></method><counter type="INSTRUCTION" missed="52" covered="0"/><counter type="LINE" missed="22" covered="0"/><counter type="COMPLEXITY" missed="15" covered="0"/><counter type="METHOD" missed="15" covered="0"/><counter type="CLASS" missed="1" covered="0"/></class><class name="com/nnk/springboot/dto/RatingDTO" sourcefilename="RatingDTO.java"><method name="&lt;init&gt;" desc="()V" line="12"><counter type="INSTRUCTION" missed="3" covered="0"/><counter type="LINE" missed="1" covered="0"/><counter type="COMPLEXITY" missed="1" covered="0"/><counter type="METHOD" missed="1" covered="0"/></method><method name="getId" desc="()Ljava/lang/Integer;" line="44"><counter type="INSTRUCTION" missed="3" covered="0"/><counter type="LINE" missed="1" covered="0"/><counter type="COMPLEXITY" missed="1" covered="0"/><counter type="METHOD" missed="1" covered="0"/></method><method name="setId" desc="(Ljava/lang/Integer;)V" line="48"><counter type="INSTRUCTION" missed="4" covered="0"/><counter type="LINE" missed="2" covered="0"/><counter type="COMPLEXITY" missed="1" covered="0"/><counter type="METHOD" missed="1" covered="0"/></method><method name="getMoodysRating" desc="()Ljava/lang/String;" line="52"><counter type="INSTRUCTION" missed="3" covered="0"/><counter type="LINE" missed="1" covered="0"/><counter type="COMPLEXITY" missed="1" covered="0"/><counter type="METHOD" missed="1" covered="0"/></method><method name="setMoodysRating" desc="(Ljava/lang/String;)V" line="56"><counter type="INSTRUCTION" missed="4" covered="0"/><counter type="LINE" missed="2" covered="0"/><counter type="COMPLEXITY" missed="1" covered="0"/><counter type="METHOD" missed="1" covered="0"/></method><method name="getSandPRating" desc="()Ljava/lang/String;" line="60"><counter type="INSTRUCTION" missed="3" covered="0"/><counter type="LINE" missed="1" covered="0"/><counter type="COMPLEXITY" missed="1" covered="0"/><counter type="METHOD" missed="1" covered="0"/></method><method name="setSandPRating" desc="(Ljava/lang/String;)V" line="64"><counter type="INSTRUCTION" missed="4" covered="0"/><counter type="LINE" missed="2" covered="0"/><counter type="COMPLEXITY" missed="1" covered="0"/><counter type="METHOD" missed="1" covered="0"/></method><method name="getFitchRating" desc="()Ljava/lang/String;" line="68"><counter type="INSTRUCTION" missed="3" covered="0"/><counter type="LINE" missed="1" covered="0"/><counter type="COMPLEXITY" missed="1" covered="0"/><counter type="METHOD" missed="1" covered="0"/></method><method name="setFitchRating" desc="(Ljava/lang/String;)V" line="72"><counter type="INSTRUCTION" missed="4" covered="0"/><counter type="LINE" missed="2" covered="0"/><counter type="COMPLEXITY" missed="1" covered="0"/><counter type="METHOD" missed="1" covered="0"/></method><method name="getOrderNumber" desc="()Ljava/lang/Integer;" line="76"><counter type="INSTRUCTION" missed="3" covered="0"/><counter type="LINE" missed="1" covered="0"/><counter type="COMPLEXITY" missed="1" covered="0"/><counter type="METHOD" missed="1" covered="0"/></method><method name="setOrderNumber" desc="(Ljava/lang/Integer;)V" line="80"><counter type="INSTRUCTION" missed="4" covered="0"/><counter type="LINE" missed="2" covered="0"/><counter type="COMPLEXITY" missed="1" covered="0"/><counter type="METHOD" missed="1" covered="0"/></method><counter type="INSTRUCTION" missed="38" covered="0"/><counter type="LINE" missed="16" covered="0"/><counter type="COMPLEXITY" missed="11" covered="0"/><counter type="METHOD" missed="11" covered="0"/><counter type="CLASS" missed="1" covered="0"/></class><class name="com/nnk/springboot/dto/CurvePointDTO" sourcefilename="CurvePointDTO.java"><method name="&lt;init&gt;" desc="()V" line="13"><counter type="INSTRUCTION" missed="3" covered="0"/><counter type="LINE" missed="1" covered="0"/><counter type="COMPLEXITY" missed="1" covered="0"/><counter type="METHOD" missed="1" covered="0"/></method><method name="getAsOfDate" desc="()Ljava/sql/Timestamp;" line="53"><counter type="INSTRUCTION" missed="12" covered="0"/><counter type="BRANCH" missed="2" covered="0"/><counter type="LINE" missed="3" covered="0"/><counter type="COMPLEXITY" missed="2" covered="0"/><counter type="METHOD" missed="1" covered="0"/></method><method name="setAsOfDate" desc="(Ljava/sql/Timestamp;)V" line="65"><counter type="INSTRUCTION" missed="14" covered="0"/><counter type="BRANCH" missed="2" covered="0"/><counter type="LINE" missed="5" covered="0"/><counter type="COMPLEXITY" missed="2" covered="0"/><counter type="METHOD" missed="1" covered="0"/></method><method name="getCreationDate" desc="()Ljava/sql/Timestamp;" line="77"><counter type="INSTRUCTION" missed="12" covered="0"/><counter type="BRANCH" missed="2" covered="0"/><counter type="LINE" missed="3" covered="0"/><counter type="COMPLEXITY" missed="2" covered="0"/><counter type="METHOD" missed="1" covered="0"/></method><method name="setCreationDate" desc="(Ljava/sql/Timestamp;)V" line="89"><counter type="INSTRUCTION" missed="8" covered="0"/><counter type="LINE" missed="2" covered="0"/><counter type="COMPLEXITY" missed="1" covered="0"/><counter type="METHOD" missed="1" covered="0"/></method><method name="getCurvePointId" desc="()Ljava/lang/Integer;" line="93"><counter type="INSTRUCTION" missed="3" covered="0"/><counter type="LINE" missed="1" covered="0"/><counter type="COMPLEXITY" missed="1" covered="0"/><counter type="METHOD" missed="1" covered="0"/></method><method name="setCurvePointId" desc="(Ljava/lang/Integer;)V" line="97"><counter type="INSTRUCTION" missed="4" covered="0"/><counter type="LINE" missed="2" covered="0"/><counter type="COMPLEXITY" missed="1" covered="0"/><counter type="METHOD" missed="1" covered="0"/></method><method name="getCurveId" desc="()Ljava/lang/Integer;" line="101"><counter type="INSTRUCTION" missed="3" covered="0"/><counter type="LINE" missed="1" covered="0"/><counter type="COMPLEXITY" missed="1" covered="0"/><counter type="METHOD" missed="1" covered="0"/></method><method name="setCurveId" desc="(Ljava/lang/Integer;)V" line="105"><counter type="INSTRUCTION" missed="4" covered="0"/><counter type="LINE" missed="2" covered="0"/><counter type="COMPLEXITY" missed="1" covered="0"/><counter type="METHOD" missed="1" covered="0"/></method><method name="getTerm" desc="()Ljava/lang/Double;" line="109"><counter type="INSTRUCTION" missed="3" covered="0"/><counter type="LINE" missed="1" covered="0"/><counter type="COMPLEXITY" missed="1" covered="0"/><counter type="METHOD" missed="1" covered="0"/></method><method name="setTerm" desc="(Ljava/lang/Double;)V" line="113"><counter type="INSTRUCTION" missed="4" covered="0"/><counter type="LINE" missed="2" covered="0"/><counter type="COMPLEXITY" missed="1" covered="0"/><counter type="METHOD" missed="1" covered="0"/></method><method name="getValue" desc="()Ljava/lang/Double;" line="117"><counter type="INSTRUCTION" missed="3" covered="0"/><counter type="LINE" missed="1" covered="0"/><counter type="COMPLEXITY" missed="1" covered="0"/><counter type="METHOD" missed="1" covered="0"/></method><method name="setValue" desc="(Ljava/lang/Double;)V" line="121"><counter type="INSTRUCTION" missed="4" covered="0"/><counter type="LINE" missed="2" covered="0"/><counter type="COMPLEXITY" missed="1" covered="0"/><counter type="METHOD" missed="1" covered="0"/></method><counter type="INSTRUCTION" missed="77" covered="0"/><counter type="BRANCH" missed="6" covered="0"/><counter type="LINE" missed="26" covered="0"/><counter type="COMPLEXITY" missed="16" covered="0"/><counter type="METHOD" missed="13" covered="0"/><counter type="CLASS" missed="1" covered="0"/></class><class name="com/nnk/springboot/dto/BidListDTO" sourcefilename="BidListDTO.java"><method name="&lt;init&gt;" desc="()V" line="15"><counter type="INSTRUCTION" missed="3" covered="0"/><counter type="LINE" missed="1" covered="0"/><counter type="COMPLEXITY" missed="1" covered="0"/><counter type="METHOD" missed="1" covered="0"/></method><method name="getBidListDate" desc="()Ljava/sql/Timestamp;" line="136"><counter type="INSTRUCTION" missed="12" covered="0"/><counter type="BRANCH" missed="2" covered="0"/><counter type="LINE" missed="3" covered="0"/><counter type="COMPLEXITY" missed="2" covered="0"/><counter type="METHOD" missed="1" covered="0"/></method><method name="setBidListDate" desc="(Ljava/sql/Timestamp;)V" line="148"><counter type="INSTRUCTION" missed="8" covered="0"/><counter type="LINE" missed="2" covered="0"/><counter type="COMPLEXITY" missed="1" covered="0"/><counter type="METHOD" missed="1" covered="0"/></method><method name="getCreationDate" desc="()Ljava/sql/Timestamp;" line="156"><counter type="INSTRUCTION" missed="12" covered="0"/><counter type="BRANCH" missed="2" covered="0"/><counter type="LINE" missed="3" covered="0"/><counter type="COMPLEXITY" missed="2" covered="0"/><counter type="METHOD" missed="1" covered="0"/></method><method name="setCreationDate" desc="(Ljava/sql/Timestamp;)V" line="168"><counter type="INSTRUCTION" missed="8" covered="0"/><counter type="LINE" missed="2" covered="0"/><counter type="COMPLEXITY" missed="1" covered="0"/><counter type="METHOD" missed="1" covered="0"/></method><method name="getRevisionDate" desc="()Ljava/sql/Timestamp;" line="176"><counter type="INSTRUCTION" missed="12" covered="0"/><counter type="BRANCH" missed="2" covered="0"/><counter type="LINE" missed="3" covered="0"/><counter type="COMPLEXITY" missed="2" covered="0"/><counter type="METHOD" missed="1" covered="0"/></method><method name="setRevisionDate" desc="(Ljava/sql/Timestamp;)V" line="188"><counter type="INSTRUCTION" missed="14" covered="0"/><counter type="BRANCH" missed="2" covered="0"/><counter type="LINE" missed="5" covered="0"/><counter type="COMPLEXITY" missed="2" covered="0"/><counter type="METHOD" missed="1" covered="0"/></method><method name="getBidListId" desc="()Ljava/lang/Integer;" line="196"><counter type="INSTRUCTION" missed="3" covered="0"/><counter type="LINE" missed="1" covered="0"/><counter type="COMPLEXITY" missed="1" covered="0"/><counter type="METHOD" missed="1" covered="0"/></method><method name="setBidListId" desc="(Ljava/lang/Integer;)V" line="200"><counter type="INSTRUCTION" missed="4" covered="0"/><counter type="LINE" missed="2" covered="0"/><counter type="COMPLEXITY" missed="1" covered="0"/><counter type="METHOD" missed="1" covered="0"/></method><method name="getAccount" desc="()Ljava/lang/String;" line="204"><counter type="INSTRUCTION" missed="3" covered="0"/><counter type="LINE" missed="1" covered="0"/><counter type="COMPLEXITY" missed="1" covered="0"/><counter type="METHOD" missed="1" covered="0"/></method><method name="setAccount" desc="(Ljava/lang/String;)V" line="208"><counter type="INSTRUCTION" missed="4" covered="0"/><counter type="LINE" missed="2" covered="0"/><counter type="COMPLEXITY" missed="1" covered="0"/><counter type="METHOD" missed="1" covered="0"/></method><method name="getType" desc="()Ljava/lang/String;" line="212"><counter type="INSTRUCTION" missed="3" covered="0"/><counter type="LINE" missed="1" covered="0"/><counter type="COMPLEXITY" missed="1" covered="0"/><counter type="METHOD" missed="1" covered="0"/></method><method name="setType" desc="(Ljava/lang/String;)V" line="216"><counter type="INSTRUCTION" missed="4" covered="0"/><counter type="LINE" missed="2" covered="0"/><counter type="COMPLEXITY" missed="1" covered="0"/><counter type="METHOD" missed="1" covered="0"/></method><method name="getBidQuantity" desc="()Ljava/lang/Double;" line="220"><counter type="INSTRUCTION" missed="3" covered="0"/><counter type="LINE" missed="1" covered="0"/><counter type="COMPLEXITY" missed="1" covered="0"/><counter type="METHOD" missed="1" covered="0"/></method><method name="setBidQuantity" desc="(Ljava/lang/Double;)V" line="224"><counter type="INSTRUCTION" missed="4" covered="0"/><counter type="LINE" missed="2" covered="0"/><counter type="COMPLEXITY" missed="1" covered="0"/><counter type="METHOD" missed="1" covered="0"/></method><method name="getAskQuantity" desc="()Ljava/lang/Double;" line="228"><counter type="INSTRUCTION" missed="3" covered="0"/><counter type="LINE" missed="1" covered="0"/><counter type="COMPLEXITY" missed="1" covered="0"/><counter type="METHOD" missed="1" covered="0"/></method><method name="setAskQuantity" desc="(Ljava/lang/Double;)V" line="232"><counter type="INSTRUCTION" missed="4" covered="0"/><counter type="LINE" missed="2" covered="0"/><counter type="COMPLEXITY" missed="1" covered="0"/><counter type="METHOD" missed="1" covered="0"/></method><method name="getBid" desc="()Ljava/lang/Double;" line="236"><counter type="INSTRUCTION" missed="3" covered="0"/><counter type="LINE" missed="1" covered="0"/><counter type="COMPLEXITY" missed="1" covered="0"/><counter type="METHOD" missed="1" covered="0"/></method><method name="setBid" desc="(Ljava/lang/Double;)V" line="240"><counter type="INSTRUCTION" missed="4" covered="0"/><counter type="LINE" missed="2" covered="0"/><counter type="COMPLEXITY" missed="1" covered="0"/><counter type="METHOD" missed="1" covered="0"/></method><method name="getAsk" desc="()Ljava/lang/Double;" line="244"><counter type="INSTRUCTION" missed="3" covered="0"/><counter type="LINE" missed="1" covered="0"/><counter type="COMPLEXITY" missed="1" covered="0"/><counter type="METHOD" missed="1" covered="0"/></method><method name="setAsk" desc="(Ljava/lang/Double;)V" line="248"><counter type="INSTRUCTION" missed="4" covered="0"/><counter type="LINE" missed="2" covered="0"/><counter type="COMPLEXITY" missed="1" covered="0"/><counter type="METHOD" missed="1" covered="0"/></method><method name="getBenchmark" desc="()Ljava/lang/String;" line="252"><counter type="INSTRUCTION" missed="3" covered="0"/><counter type="LINE" missed="1" covered="0"/><counter type="COMPLEXITY" missed="1" covered="0"/><counter type="METHOD" missed="1" covered="0"/></method><method name="setBenchmark" desc="(Ljava/lang/String;)V" line="256"><counter type="INSTRUCTION" missed="4" covered="0"/><counter type="LINE" missed="2" covered="0"/><counter type="COMPLEXITY" missed="1" covered="0"/><counter type="METHOD" missed="1" covered="0"/></method><method name="getCommentary" desc="()Ljava/lang/String;" line="260"><counter type="INSTRUCTION" missed="3" covered="0"/><counter type="LINE" missed="1" covered="0"/><counter type="COMPLEXITY" missed="1" covered="0"/><counter type="METHOD" missed="1" covered="0"/></method><method name="setCommentary" desc="(Ljava/lang/String;)V" line="264"><counter type="INSTRUCTION" missed="4" covered="0"/><counter type="LINE" missed="2" covered="0"/><counter type="COMPLEXITY" missed="1" covered="0"/><counter type="METHOD" missed="1" covered="0"/></method><method name="getSecurity" desc="()Ljava/lang/String;" line="268"><counter type="INSTRUCTION" missed="3" covered="0"/><counter type="LINE" missed="1" covered="0"/><counter type="COMPLEXITY" missed="1" covered="0"/><counter type="METHOD" missed="1" covered="0"/></method><method name="setSecurity" desc="(Ljava/lang/String;)V" line="272"><counter type="INSTRUCTION" missed="4" covered="0"/><counter type="LINE" missed="2" covered="0"/><counter type="COMPLEXITY" missed="1" covered="0"/><counter type="METHOD" missed="1" covered="0"/></method><method name="getStatus" desc="()Ljava/lang/String;" line="276"><counter type="INSTRUCTION" missed="3" covered="0"/><counter type="LINE" missed="1" covered="0"/><counter type="COMPLEXITY" missed="1" covered="0"/><counter type="METHOD" missed="1" covered="0"/></method><method name="setStatus" desc="(Ljava/lang/String;)V" line="280"><counter type="INSTRUCTION" missed="4" covered="0"/><counter type="LINE" missed="2" covered="0"/><counter type="COMPLEXITY" missed="1" covered="0"/><counter type="METHOD" missed="1" covered="0"/></method><method name="getTrader" desc="()Ljava/lang/String;" line="284"><counter type="INSTRUCTION" missed="3" covered="0"/><counter type="LINE" missed="1" covered="0"/><counter type="COMPLEXITY" missed="1" covered="0"/><counter type="METHOD" missed="1" covered="0"/></method><method name="setTrader" desc="(Ljava/lang/String;)V" line="288"><counter type="INSTRUCTION" missed="4" covered="0"/><counter type="LINE" missed="2" covered="0"/><counter type="COMPLEXITY" missed="1" covered="0"/><counter type="METHOD" missed="1" covered="0"/></method><method name="getBook" desc="()Ljava/lang/String;" line="292"><counter type="INSTRUCTION" missed="3" covered="0"/><counter type="LINE" missed="1" covered="0"/><counter type="COMPLEXITY" missed="1" covered="0"/><counter type="METHOD" missed="1" covered="0"/></method><method name="setBook" desc="(Ljava/lang/String;)V" line="296"><counter type="INSTRUCTION" missed="4" covered="0"/><counter type="LINE" missed="2" covered="0"/><counter type="COMPLEXITY" missed="1" covered="0"/><counter type="METHOD" missed="1" covered="0"/></method><method name="getCreationName" desc="()Ljava/lang/String;" line="300"><counter type="INSTRUCTION" missed="3" covered="0"/><counter type="LINE" missed="1" covered="0"/><counter type="COMPLEXITY" missed="1" covered="0"/><counter type="METHOD" missed="1" covered="0"/></method><method name="setCreationName" desc="(Ljava/lang/String;)V" line="304"><counter type="INSTRUCTION" missed="4" covered="0"/><counter type="LINE" missed="2" covered="0"/><counter type="COMPLEXITY" missed="1" covered="0"/><counter type="METHOD" missed="1" covered="0"/></method><method name="getRevisionName" desc="()Ljava/lang/String;" line="308"><counter type="INSTRUCTION" missed="3" covered="0"/><counter type="LINE" missed="1" covered="0"/><counter type="COMPLEXITY" missed="1" covered="0"/><counter type="METHOD" missed="1" covered="0"/></method><method name="setRevisionName" desc="(Ljava/lang/String;)V" line="312"><counter type="INSTRUCTION" missed="4" covered="0"/><counter type="LINE" missed="2" covered="0"/><counter type="COMPLEXITY" missed="1" covered="0"/><counter type="METHOD" missed="1" covered="0"/></method><method name="getDealName" desc="()Ljava/lang/String;" line="316"><counter type="INSTRUCTION" missed="3" covered="0"/><counter type="LINE" missed="1" covered="0"/><counter type="COMPLEXITY" missed="1" covered="0"/><counter type="METHOD" missed="1" covered="0"/></method><method name="setDealName" desc="(Ljava/lang/String;)V" line="320"><counter type="INSTRUCTION" missed="4" covered="0"/><counter type="LINE" missed="2" covered="0"/><counter type="COMPLEXITY" missed="1" covered="0"/><counter type="METHOD" missed="1" covered="0"/></method><method name="getDealType" desc="()Ljava/lang/String;" line="324"><counter type="INSTRUCTION" missed="3" covered="0"/><counter type="LINE" missed="1" covered="0"/><counter type="COMPLEXITY" missed="1" covered="0"/><counter type="METHOD" missed="1" covered="0"/></method><method name="setDealType" desc="(Ljava/lang/String;)V" line="328"><counter type="INSTRUCTION" missed="4" covered="0"/><counter type="LINE" missed="2" covered="0"/><counter type="COMPLEXITY" missed="1" covered="0"/><counter type="METHOD" missed="1" covered="0"/></method><method name="getSourceListId" desc="()Ljava/lang/String;" line="332"><counter type="INSTRUCTION" missed="3" covered="0"/><counter type="LINE" missed="1" covered="0"/><counter type="COMPLEXITY" missed="1" covered="0"/><counter type="METHOD" missed="1" covered="0"/></method><method name="setSourceListId" desc="(Ljava/lang/String;)V" line="336"><counter type="INSTRUCTION" missed="4" covered="0"/><counter type="LINE" missed="2" covered="0"/><counter type="COMPLEXITY" missed="1" covered="0"/><counter type="METHOD" missed="1" covered="0"/></method><method name="getSide" desc="()Ljava/lang/String;" line="340"><counter type="INSTRUCTION" missed="3" covered="0"/><counter type="LINE" missed="1" covered="0"/><counter type="COMPLEXITY" missed="1" covered="0"/><counter type="METHOD" missed="1" covered="0"/></method><method name="setSide" desc="(Ljava/lang/String;)V" line="344"><counter type="INSTRUCTION" missed="4" covered="0"/><counter type="LINE" missed="2" covered="0"/><counter type="COMPLEXITY" missed="1" covered="0"/><counter type="METHOD" missed="1" covered="0"/></method><counter type="INSTRUCTION" missed="202" covered="0"/><counter type="BRANCH" missed="8" covered="0"/><counter type="LINE" missed="76" covered="0"/><counter type="COMPLEXITY" missed="49" covered="0"/><counter type="METHOD" missed="45" covered="0"/><counter type="CLASS" missed="1" covered="0"/></class><class name="com/nnk/springboot/dto/TradeDTO" sourcefilename="TradeDTO.java"><method name="&lt;init&gt;" desc="()V" line="9"><counter type="INSTRUCTION" missed="3" covered="0"/><counter type="LINE" missed="1" covered="0"/><counter type="COMPLEXITY" missed="1" covered="0"/><counter type="METHOD" missed="1" covered="0"/></method><method name="getTradeDate" desc="()Ljava/sql/Timestamp;" line="125"><counter type="INSTRUCTION" missed="12" covered="0"/><counter type="BRANCH" missed="2" covered="0"/><counter type="LINE" missed="3" covered="0"/><counter type="COMPLEXITY" missed="2" covered="0"/><counter type="METHOD" missed="1" covered="0"/></method><method name="setTradeDate" desc="(Ljava/sql/Timestamp;)V" line="137"><counter type="INSTRUCTION" missed="8" covered="0"/><counter type="LINE" missed="2" covered="0"/><counter type="COMPLEXITY" missed="1" covered="0"/><counter type="METHOD" missed="1" covered="0"/></method><method name="getCreationDate" desc="()Ljava/sql/Timestamp;" line="145"><counter type="INSTRUCTION" missed="12" covered="0"/><counter type="BRANCH" missed="2" covered="0"/><counter type="LINE" missed="3" covered="0"/><counter type="COMPLEXITY" missed="2" covered="0"/><counter type="METHOD" missed="1" covered="0"/></method><method name="setCreationDate" desc="(Ljava/sql/Timestamp;)V" line="157"><counter type="INSTRUCTION" missed="8" covered="0"/><counter type="LINE" missed="2" covered="0"/><counter type="COMPLEXITY" missed="1" covered="0"/><counter type="METHOD" missed="1" covered="0"/></method><method name="getRevisionDate" desc="()Ljava/sql/Timestamp;" line="165"><counter type="INSTRUCTION" missed="12" covered="0"/><counter type="BRANCH" missed="2" covered="0"/><counter type="LINE" missed="3" covered="0"/><counter type="COMPLEXITY" missed="2" covered="0"/><counter type="METHOD" missed="1" covered="0"/></method><method name="setRevisionDate" desc="(Ljava/sql/Timestamp;)V" line="177"><counter type="INSTRUCTION" missed="14" covered="0"/><counter type="BRANCH" missed="2" covered="0"/><counter type="LINE" missed="5" covered="0"/><counter type="COMPLEXITY" missed="2" covered="0"/><counter type="METHOD" missed="1" covered="0"/></method><method name="getTradeId" desc="()Ljava/lang/Integer;" line="185"><counter type="INSTRUCTION" missed="3" covered="0"/><counter type="LINE" missed="1" covered="0"/><counter type="COMPLEXITY" missed="1" covered="0"/><counter type="METHOD" missed="1" covered="0"/></method><method name="setTradeId" desc="(Ljava/lang/Integer;)V" line="189"><counter type="INSTRUCTION" missed="4" covered="0"/><counter type="LINE" missed="2" covered="0"/><counter type="COMPLEXITY" missed="1" covered="0"/><counter type="METHOD" missed="1" covered="0"/></method><method name="getAccount" desc="()Ljava/lang/String;" line="193"><counter type="INSTRUCTION" missed="3" covered="0"/><counter type="LINE" missed="1" covered="0"/><counter type="COMPLEXITY" missed="1" covered="0"/><counter type="METHOD" missed="1" covered="0"/></method><method name="setAccount" desc="(Ljava/lang/String;)V" line="197"><counter type="INSTRUCTION" missed="4" covered="0"/><counter type="LINE" missed="2" covered="0"/><counter type="COMPLEXITY" missed="1" covered="0"/><counter type="METHOD" missed="1" covered="0"/></method><method name="getType" desc="()Ljava/lang/String;" line="201"><counter type="INSTRUCTION" missed="3" covered="0"/><counter type="LINE" missed="1" covered="0"/><counter type="COMPLEXITY" missed="1" covered="0"/><counter type="METHOD" missed="1" covered="0"/></method><method name="setType" desc="(Ljava/lang/String;)V" line="205"><counter type="INSTRUCTION" missed="4" covered="0"/><counter type="LINE" missed="2" covered="0"/><counter type="COMPLEXITY" missed="1" covered="0"/><counter type="METHOD" missed="1" covered="0"/></method><method name="getBuyQuantity" desc="()Ljava/lang/Double;" line="209"><counter type="INSTRUCTION" missed="3" covered="0"/><counter type="LINE" missed="1" covered="0"/><counter type="COMPLEXITY" missed="1" covered="0"/><counter type="METHOD" missed="1" covered="0"/></method><method name="setBuyQuantity" desc="(Ljava/lang/Double;)V" line="213"><counter type="INSTRUCTION" missed="4" covered="0"/><counter type="LINE" missed="2" covered="0"/><counter type="COMPLEXITY" missed="1" covered="0"/><counter type="METHOD" missed="1" covered="0"/></method><method name="getSellQuantity" desc="()Ljava/lang/Double;" line="217"><counter type="INSTRUCTION" missed="3" covered="0"/><counter type="LINE" missed="1" covered="0"/><counter type="COMPLEXITY" missed="1" covered="0"/><counter type="METHOD" missed="1" covered="0"/></method><method name="setSellQuantity" desc="(Ljava/lang/Double;)V" line="221"><counter type="INSTRUCTION" missed="4" covered="0"/><counter type="LINE" missed="2" covered="0"/><counter type="COMPLEXITY" missed="1" covered="0"/><counter type="METHOD" missed="1" covered="0"/></method><method name="getBuyPrice" desc="()Ljava/lang/Double;" line="225"><counter type="INSTRUCTION" missed="3" covered="0"/><counter type="LINE" missed="1" covered="0"/><counter type="COMPLEXITY" missed="1" covered="0"/><counter type="METHOD" missed="1" covered="0"/></method><method name="setBuyPrice" desc="(Ljava/lang/Double;)V" line="229"><counter type="INSTRUCTION" missed="4" covered="0"/><counter type="LINE" missed="2" covered="0"/><counter type="COMPLEXITY" missed="1" covered="0"/><counter type="METHOD" missed="1" covered="0"/></method><method name="getSellPrice" desc="()Ljava/lang/Double;" line="233"><counter type="INSTRUCTION" missed="3" covered="0"/><counter type="LINE" missed="1" covered="0"/><counter type="COMPLEXITY" missed="1" covered="0"/><counter type="METHOD" missed="1" covered="0"/></method><method name="setSellPrice" desc="(Ljava/lang/Double;)V" line="237"><counter type="INSTRUCTION" missed="4" covered="0"/><counter type="LINE" missed="2" covered="0"/><counter type="COMPLEXITY" missed="1" covered="0"/><counter type="METHOD" missed="1" covered="0"/></method><method name="getBenchmark" desc="()Ljava/lang/String;" line="241"><counter type="INSTRUCTION" missed="3" covered="0"/><counter type="LINE" missed="1" covered="0"/><counter type="COMPLEXITY" missed="1" covered="0"/><counter type="METHOD" missed="1" covered="0"/></method><method name="setBenchmark" desc="(Ljava/lang/String;)V" line="245"><counter type="INSTRUCTION" missed="4" covered="0"/><counter type="LINE" missed="2" covered="0"/><counter type="COMPLEXITY" missed="1" covered="0"/><counter type="METHOD" missed="1" covered="0"/></method><method name="getSecurity" desc="()Ljava/lang/String;" line="249"><counter type="INSTRUCTION" missed="3" covered="0"/><counter type="LINE" missed="1" covered="0"/><counter type="COMPLEXITY" missed="1" covered="0"/><counter type="METHOD" missed="1" covered="0"/></method><method name="setSecurity" desc="(Ljava/lang/String;)V" line="253"><counter type="INSTRUCTION" missed="4" covered="0"/><counter type="LINE" missed="2" covered="0"/><counter type="COMPLEXITY" missed="1" covered="0"/><counter type="METHOD" missed="1" covered="0"/></method><method name="getStatus" desc="()Ljava/lang/String;" line="257"><counter type="INSTRUCTION" missed="3" covered="0"/><counter type="LINE" missed="1" covered="0"/><counter type="COMPLEXITY" missed="1" covered="0"/><counter type="METHOD" missed="1" covered="0"/></method><method name="setStatus" desc="(Ljava/lang/String;)V" line="261"><counter type="INSTRUCTION" missed="4" covered="0"/><counter type="LINE" missed="2" covered="0"/><counter type="COMPLEXITY" missed="1" covered="0"/><counter type="METHOD" missed="1" covered="0"/></method><method name="getTrader" desc="()Ljava/lang/String;" line="265"><counter type="INSTRUCTION" missed="3" covered="0"/><counter type="LINE" missed="1" covered="0"/><counter type="COMPLEXITY" missed="1" covered="0"/><counter type="METHOD" missed="1" covered="0"/></method><method name="setTrader" desc="(Ljava/lang/String;)V" line="269"><counter type="INSTRUCTION" missed="4" covered="0"/><counter type="LINE" missed="2" covered="0"/><counter type="COMPLEXITY" missed="1" covered="0"/><counter type="METHOD" missed="1" covered="0"/></method><method name="getBook" desc="()Ljava/lang/String;" line="273"><counter type="INSTRUCTION" missed="3" covered="0"/><counter type="LINE" missed="1" covered="0"/><counter type="COMPLEXITY" missed="1" covered="0"/><counter type="METHOD" missed="1" covered="0"/></method><method name="setBook" desc="(Ljava/lang/String;)V" line="277"><counter type="INSTRUCTION" missed="4" covered="0"/><counter type="LINE" missed="2" covered="0"/><counter type="COMPLEXITY" missed="1" covered="0"/><counter type="METHOD" missed="1" covered="0"/></method><method name="getCreationName" desc="()Ljava/lang/String;" line="281"><counter type="INSTRUCTION" missed="3" covered="0"/><counter type="LINE" missed="1" covered="0"/><counter type="COMPLEXITY" missed="1" covered="0"/><counter type="METHOD" missed="1" covered="0"/></method><method name="setCreationName" desc="(Ljava/lang/String;)V" line="285"><counter type="INSTRUCTION" missed="4" covered="0"/><counter type="LINE" missed="2" covered="0"/><counter type="COMPLEXITY" missed="1" covered="0"/><counter type="METHOD" missed="1" covered="0"/></method><method name="getRevisionName" desc="()Ljava/lang/String;" line="289"><counter type="INSTRUCTION" missed="3" covered="0"/><counter type="LINE" missed="1" covered="0"/><counter type="COMPLEXITY" missed="1" covered="0"/><counter type="METHOD" missed="1" covered="0"/></method><method name="setRevisionName" desc="(Ljava/lang/String;)V" line="293"><counter type="INSTRUCTION" missed="4" covered="0"/><counter type="LINE" missed="2" covered="0"/><counter type="COMPLEXITY" missed="1" covered="0"/><counter type="METHOD" missed="1" covered="0"/></method><method name="getDealName" desc="()Ljava/lang/String;" line="297"><counter type="INSTRUCTION" missed="3" covered="0"/><counter type="LINE" missed="1" covered="0"/><counter type="COMPLEXITY" missed="1" covered="0"/><counter type="METHOD" missed="1" covered="0"/></method><method name="setDealName" desc="(Ljava/lang/String;)V" line="301"><counter type="INSTRUCTION" missed="4" covered="0"/><counter type="LINE" missed="2" covered="0"/><counter type="COMPLEXITY" missed="1" covered="0"/><counter type="METHOD" missed="1" covered="0"/></method><method name="getDealType" desc="()Ljava/lang/String;" line="305"><counter type="INSTRUCTION" missed="3" covered="0"/><counter type="LINE" missed="1" covered="0"/><counter type="COMPLEXITY" missed="1" covered="0"/><counter type="METHOD" missed="1" covered="0"/></method><method name="setDealType" desc="(Ljava/lang/String;)V" line="309"><counter type="INSTRUCTION" missed="4" covered="0"/><counter type="LINE" missed="2" covered="0"/><counter type="COMPLEXITY" missed="1" covered="0"/><counter type="METHOD" missed="1" covered="0"/></method><method name="getSourceListId" desc="()Ljava/lang/String;" line="313"><counter type="INSTRUCTION" missed="3" covered="0"/><counter type="LINE" missed="1" covered="0"/><counter type="COMPLEXITY" missed="1" covered="0"/><counter type="METHOD" missed="1" covered="0"/></method><method name="setSourceListId" desc="(Ljava/lang/String;)V" line="317"><counter type="INSTRUCTION" missed="4" covered="0"/><counter type="LINE" missed="2" covered="0"/><counter type="COMPLEXITY" missed="1" covered="0"/><counter type="METHOD" missed="1" covered="0"/></method><method name="getSide" desc="()Ljava/lang/String;" line="321"><counter type="INSTRUCTION" missed="3" covered="0"/><counter type="LINE" missed="1" covered="0"/><counter type="COMPLEXITY" missed="1" covered="0"/><counter type="METHOD" missed="1" covered="0"/></method><method name="setSide" desc="(Ljava/lang/String;)V" line="325"><counter type="INSTRUCTION" missed="4" covered="0"/><counter type="LINE" missed="2" covered="0"/><counter type="COMPLEXITY" missed="1" covered="0"/><counter type="METHOD" missed="1" covered="0"/></method><counter type="INSTRUCTION" missed="195" covered="0"/><counter type="BRANCH" missed="8" covered="0"/><counter type="LINE" missed="73" covered="0"/><counter type="COMPLEXITY" missed="47" covered="0"/><counter type="METHOD" missed="43" covered="0"/><counter type="CLASS" missed="1" covered="0"/></class><class name="com/nnk/springboot/dto/UserDTO" sourcefilename="UserDTO.java"><method name="&lt;init&gt;" desc="()V" line="11"><counter type="INSTRUCTION" missed="3" covered="0"/><counter type="LINE" missed="1" covered="0"/><counter type="COMPLEXITY" missed="1" covered="0"/><counter type="METHOD" missed="1" covered="0"/></method><method name="getId" desc="()Ljava/lang/Integer;" line="43"><counter type="INSTRUCTION" missed="3" covered="0"/><counter type="LINE" missed="1" covered="0"/><counter type="COMPLEXITY" missed="1" covered="0"/><counter type="METHOD" missed="1" covered="0"/></method><method name="setId" desc="(Ljava/lang/Integer;)V" line="47"><counter type="INSTRUCTION" missed="4" covered="0"/><counter type="LINE" missed="2" covered="0"/><counter type="COMPLEXITY" missed="1" covered="0"/><counter type="METHOD" missed="1" covered="0"/></method><method name="getUsername" desc="()Ljava/lang/String;" line="51"><counter type="INSTRUCTION" missed="3" covered="0"/><counter type="LINE" missed="1" covered="0"/><counter type="COMPLEXITY" missed="1" covered="0"/><counter type="METHOD" missed="1" covered="0"/></method><method name="setUsername" desc="(Ljava/lang/String;)V" line="55"><counter type="INSTRUCTION" missed="4" covered="0"/><counter type="LINE" missed="2" covered="0"/><counter type="COMPLEXITY" missed="1" covered="0"/><counter type="METHOD" missed="1" covered="0"/></method><method name="getPassword" desc="()Ljava/lang/String;" line="59"><counter type="INSTRUCTION" missed="3" covered="0"/><counter type="LINE" missed="1" covered="0"/><counter type="COMPLEXITY" missed="1" covered="0"/><counter type="METHOD" missed="1" covered="0"/></method><method name="setPassword" desc="(Ljava/lang/String;)V" line="63"><counter type="INSTRUCTION" missed="4" covered="0"/><counter type="LINE" missed="2" covered="0"/><counter type="COMPLEXITY" missed="1" covered="0"/><counter type="METHOD" missed="1" covered="0"/></method><method name="getFullName" desc="()Ljava/lang/String;" line="67"><counter type="INSTRUCTION" missed="3" covered="0"/><counter type="LINE" missed="1" covered="0"/><counter type="COMPLEXITY" missed="1" covered="0"/><counter type="METHOD" missed="1" covered="0"/></method><method name="setFullName" desc="(Ljava/lang/String;)V" line="71"><counter type="INSTRUCTION" missed="4" covered="0"/><counter type="LINE" missed="2" covered="0"/><counter type="COMPLEXITY" missed="1" covered="0"/><counter type="METHOD" missed="1" covered="0"/></method><method name="getRole" desc="()Ljava/lang/String;" line="75"><counter type="INSTRUCTION" missed="3" covered="0"/><counter type="LINE" missed="1" covered="0"/><counter type="COMPLEXITY" missed="1" covered="0"/><counter type="METHOD" missed="1" covered="0"/></method><method name="setRole" desc="(Ljava/lang/String;)V" line="79"><counter type="INSTRUCTION" missed="4" covered="0"/><counter type="LINE" missed="2" covered="0"/><counter type="COMPLEXITY" missed="1" covered="0"/><counter type="METHOD" missed="1" covered="0"/></method><counter type="INSTRUCTION" missed="38" covered="0"/><counter type="LINE" missed="16" covered="0"/><counter type="COMPLEXITY" missed="11" covered="0"/><counter type="METHOD" missed="11" covered="0"/><counter type="CLASS" missed="1" covered="0"/></class><sourcefile name="UserDTO.java"><line nr="11" mi="3" ci="0" mb="0" cb="0"/><line nr="43" mi="3" ci="0" mb="0" cb="0"/><line nr="47" mi="3" ci="0" mb="0" cb="0"/><line nr="48" mi="1" ci="0" mb="0" cb="0"/><line nr="51" mi="3" ci="0" mb="0" cb="0"/><line nr="55" mi="3" ci="0" mb="0" cb="0"/><line nr="56" mi="1" ci="0" mb="0" cb="0"/><line nr="59" mi="3" ci="0" mb="0" cb="0"/><line nr="63" mi="3" ci="0" mb="0" cb="0"/><line nr="64" mi="1" ci="0" mb="0" cb="0"/><line nr="67" mi="3" ci="0" mb="0" cb="0"/><line nr="71" mi="3" ci="0" mb="0" cb="0"/><line nr="72" mi="1" ci="0" mb="0" cb="0"/><line nr="75" mi="3" ci="0" mb="0" cb="0"/><line nr="79" mi="3" ci="0" mb="0" cb="0"/><line nr="80" mi="1" ci="0" mb="0" cb="0"/><counter type="INSTRUCTION" missed="38" covered="0"/><counter type="LINE" missed="16" covered="0"/><counter type="COMPLEXITY" missed="11" covered="0"/><counter type="METHOD" missed="11" covered="0"/><counter type="CLASS" missed="1" covered="0"/></sourcefile><sourcefile name="BidListDTO.java"><line nr="15" mi="3" ci="0" mb="0" cb="0"/><line nr="136" mi="3" ci="0" mb="2" cb="0"/><line nr="137" mi="2" ci="0" mb="0" cb="0"/><line nr="139" mi="7" ci="0" mb="0" cb="0"/><line nr="148" mi="7" ci="0" mb="0" cb="0"/><line nr="149" mi="1" ci="0" mb="0" cb="0"/><line nr="156" mi="3" ci="0" mb="2" cb="0"/><line nr="157" mi="2" ci="0" mb="0" cb="0"/><line nr="159" mi="7" ci="0" mb="0" cb="0"/><line nr="168" mi="7" ci="0" mb="0" cb="0"/><line nr="169" mi="1" ci="0" mb="0" cb="0"/><line nr="176" mi="3" ci="0" mb="2" cb="0"/><line nr="177" mi="2" ci="0" mb="0" cb="0"/><line nr="179" mi="7" ci="0" mb="0" cb="0"/><line nr="188" mi="2" ci="0" mb="2" cb="0"/><line nr="189" mi="3" ci="0" mb="0" cb="0"/><line nr="190" mi="1" ci="0" mb="0" cb="0"/><line nr="191" mi="7" ci="0" mb="0" cb="0"/><line nr="193" mi="1" ci="0" mb="0" cb="0"/><line nr="196" mi="3" ci="0" mb="0" cb="0"/><line nr="200" mi="3" ci="0" mb="0" cb="0"/><line nr="201" mi="1" ci="0" mb="0" cb="0"/><line nr="204" mi="3" ci="0" mb="0" cb="0"/><line nr="208" mi="3" ci="0" mb="0" cb="0"/><line nr="209" mi="1" ci="0" mb="0" cb="0"/><line nr="212" mi="3" ci="0" mb="0" cb="0"/><line nr="216" mi="3" ci="0" mb="0" cb="0"/><line nr="217" mi="1" ci="0" mb="0" cb="0"/><line nr="220" mi="3" ci="0" mb="0" cb="0"/><line nr="224" mi="3" ci="0" mb="0" cb="0"/><line nr="225" mi="1" ci="0" mb="0" cb="0"/><line nr="228" mi="3" ci="0" mb="0" cb="0"/><line nr="232" mi="3" ci="0" mb="0" cb="0"/><line nr="233" mi="1" ci="0" mb="0" cb="0"/><line nr="236" mi="3" ci="0" mb="0" cb="0"/><line nr="240" mi="3" ci="0" mb="0" cb="0"/><line nr="241" mi="1" ci="0" mb="0" cb="0"/><line nr="244" mi="3" ci="0" mb="0" cb="0"/><line nr="248" mi="3" ci="0" mb="0" cb="0"/><line nr="249" mi="1" ci="0" mb="0" cb="0"/><line nr="252" mi="3" ci="0" mb="0" cb="0"/><line nr="256" mi="3" ci="0" mb="0" cb="0"/><line nr="257" mi="1" ci="0" mb="0" cb="0"/><line nr="260" mi="3" ci="0" mb="0" cb="0"/><line nr="264" mi="3" ci="0" mb="0" cb="0"/><line nr="265" mi="1" ci="0" mb="0" cb="0"/><line nr="268" mi="3" ci="0" mb="0" cb="0"/><line nr="272" mi="3" ci="0" mb="0" cb="0"/><line nr="273" mi="1" ci="0" mb="0" cb="0"/><line nr="276" mi="3" ci="0" mb="0" cb="0"/><line nr="280" mi="3" ci="0" mb="0" cb="0"/><line nr="281" mi="1" ci="0" mb="0" cb="0"/><line nr="284" mi="3" ci="0" mb="0" cb="0"/><line nr="288" mi="3" ci="0" mb="0" cb="0"/><line nr="289" mi="1" ci="0" mb="0" cb="0"/><line nr="292" mi="3" ci="0" mb="0" cb="0"/><line nr="296" mi="3" ci="0" mb="0" cb="0"/><line nr="297" mi="1" ci="0" mb="0" cb="0"/><line nr="300" mi="3" ci="0" mb="0" cb="0"/><line nr="304" mi="3" ci="0" mb="0" cb="0"/><line nr="305" mi="1" ci="0" mb="0" cb="0"/><line nr="308" mi="3" ci="0" mb="0" cb="0"/><line nr="312" mi="3" ci="0" mb="0" cb="0"/><line nr="313" mi="1" ci="0" mb="0" cb="0"/><line nr="316" mi="3" ci="0" mb="0" cb="0"/><line nr="320" mi="3" ci="0" mb="0" cb="0"/><line nr="321" mi="1" ci="0" mb="0" cb="0"/><line nr="324" mi="3" ci="0" mb="0" cb="0"/><line nr="328" mi="3" ci="0" mb="0" cb="0"/><line nr="329" mi="1" ci="0" mb="0" cb="0"/><line nr="332" mi="3" ci="0" mb="0" cb="0"/><line nr="336" mi="3" ci="0" mb="0" cb="0"/><line nr="337" mi="1" ci="0" mb="0" cb="0"/><line nr="340" mi="3" ci="0" mb="0" cb="0"/><line nr="344" mi="3" ci="0" mb="0" cb="0"/><line nr="345" mi="1" ci="0" mb="0" cb="0"/><counter type="INSTRUCTION" missed="202" covered="0"/><counter type="BRANCH" missed="8" covered="0"/><counter type="LINE" missed="76" covered="0"/><counter type="COMPLEXITY" missed="49" covered="0"/><counter type="METHOD" missed="45" covered="0"/><counter type="CLASS" missed="1" covered="0"/></sourcefile><sourcefile name="CurvePointDTO.java"><line nr="13" mi="3" ci="0" mb="0" cb="0"/><line nr="53" mi="3" ci="0" mb="2" cb="0"/><line nr="54" mi="2" ci="0" mb="0" cb="0"/><line nr="56" mi="7" ci="0" mb="0" cb="0"/><line nr="65" mi="2" ci="0" mb="2" cb="0"/><line nr="66" mi="3" ci="0" mb="0" cb="0"/><line nr="67" mi="1" ci="0" mb="0" cb="0"/><line nr="68" mi="7" ci="0" mb="0" cb="0"/><line nr="70" mi="1" ci="0" mb="0" cb="0"/><line nr="77" mi="3" ci="0" mb="2" cb="0"/><line nr="78" mi="2" ci="0" mb="0" cb="0"/><line nr="80" mi="7" ci="0" mb="0" cb="0"/><line nr="89" mi="7" ci="0" mb="0" cb="0"/><line nr="90" mi="1" ci="0" mb="0" cb="0"/><line nr="93" mi="3" ci="0" mb="0" cb="0"/><line nr="97" mi="3" ci="0" mb="0" cb="0"/><line nr="98" mi="1" ci="0" mb="0" cb="0"/><line nr="101" mi="3" ci="0" mb="0" cb="0"/><line nr="105" mi="3" ci="0" mb="0" cb="0"/><line nr="106" mi="1" ci="0" mb="0" cb="0"/><line nr="109" mi="3" ci="0" mb="0" cb="0"/><line nr="113" mi="3" ci="0" mb="0" cb="0"/><line nr="114" mi="1" ci="0" mb="0" cb="0"/><line nr="117" mi="3" ci="0" mb="0" cb="0"/><line nr="121" mi="3" ci="0" mb="0" cb="0"/><line nr="122" mi="1" ci="0" mb="0" cb="0"/><counter type="INSTRUCTION" missed="77" covered="0"/><counter type="BRANCH" missed="6" covered="0"/><counter type="LINE" missed="26" covered="0"/><counter type="COMPLEXITY" missed="16" covered="0"/><counter type="METHOD" missed="13" covered="0"/><counter type="CLASS" missed="1" covered="0"/></sourcefile><sourcefile name="RatingDTO.java"><line nr="12" mi="3" ci="0" mb="0" cb="0"/><line nr="44" mi="3" ci="0" mb="0" cb="0"/><line nr="48" mi="3" ci="0" mb="0" cb="0"/><line nr="49" mi="1" ci="0" mb="0" cb="0"/><line nr="52" mi="3" ci="0" mb="0" cb="0"/><line nr="56" mi="3" ci="0" mb="0" cb="0"/><line nr="57" mi="1" ci="0" mb="0" cb="0"/><line nr="60" mi="3" ci="0" mb="0" cb="0"/><line nr="64" mi="3" ci="0" mb="0" cb="0"/><line nr="65" mi="1" ci="0" mb="0" cb="0"/><line nr="68" mi="3" ci="0" mb="0" cb="0"/><line nr="72" mi="3" ci="0" mb="0" cb="0"/><line nr="73" mi="1" ci="0" mb="0" cb="0"/><line nr="76" mi="3" ci="0" mb="0" cb="0"/><line nr="80" mi="3" ci="0" mb="0" cb="0"/><line nr="81" mi="1" ci="0" mb="0" cb="0"/><counter type="INSTRUCTION" missed="38" covered="0"/><counter type="LINE" missed="16" covered="0"/><counter type="COMPLEXITY" missed="11" covered="0"/><counter type="METHOD" missed="11" covered="0"/><counter type="CLASS" missed="1" covered="0"/></sourcefile><sourcefile name="RuleNameDTO.java"><line nr="7" mi="3" ci="0" mb="0" cb="0"/><line nr="57" mi="3" ci="0" mb="0" cb="0"/><line nr="61" mi="3" ci="0" mb="0" cb="0"/><line nr="62" mi="1" ci="0" mb="0" cb="0"/><line nr="65" mi="3" ci="0" mb="0" cb="0"/><line nr="69" mi="3" ci="0" mb="0" cb="0"/><line nr="70" mi="1" ci="0" mb="0" cb="0"/><line nr="73" mi="3" ci="0" mb="0" cb="0"/><line nr="77" mi="3" ci="0" mb="0" cb="0"/><line nr="78" mi="1" ci="0" mb="0" cb="0"/><line nr="81" mi="3" ci="0" mb="0" cb="0"/><line nr="85" mi="3" ci="0" mb="0" cb="0"/><line nr="86" mi="1" ci="0" mb="0" cb="0"/><line nr="89" mi="3" ci="0" mb="0" cb="0"/><line nr="93" mi="3" ci="0" mb="0" cb="0"/><line nr="94" mi="1" ci="0" mb="0" cb="0"/><line nr="97" mi="3" ci="0" mb="0" cb="0"/><line nr="101" mi="3" ci="0" mb="0" cb="0"/><line nr="102" mi="1" ci="0" mb="0" cb="0"/><line nr="105" mi="3" ci="0" mb="0" cb="0"/><line nr="109" mi="3" ci="0" mb="0" cb="0"/><line nr="110" mi="1" ci="0" mb="0" cb="0"/><counter type="INSTRUCTION" missed="52" covered="0"/><counter type="LINE" missed="22" covered="0"/><counter type="COMPLEXITY" missed="15" covered="0"/><counter type="METHOD" missed="15" covered="0"/><counter type="CLASS" missed="1" covered="0"/></sourcefile><sourcefile name="TradeDTO.java"><line nr="9" mi="3" ci="0" mb="0" cb="0"/><line nr="125" mi="3" ci="0" mb="2" cb="0"/><line nr="126" mi="2" ci="0" mb="0" cb="0"/><line nr="128" mi="7" ci="0" mb="0" cb="0"/><line nr="137" mi="7" ci="0" mb="0" cb="0"/><line nr="138" mi="1" ci="0" mb="0" cb="0"/><line nr="145" mi="3" ci="0" mb="2" cb="0"/><line nr="146" mi="2" ci="0" mb="0" cb="0"/><line nr="148" mi="7" ci="0" mb="0" cb="0"/><line nr="157" mi="7" ci="0" mb="0" cb="0"/><line nr="158" mi="1" ci="0" mb="0" cb="0"/><line nr="165" mi="3" ci="0" mb="2" cb="0"/><line nr="166" mi="2" ci="0" mb="0" cb="0"/><line nr="168" mi="7" ci="0" mb="0" cb="0"/><line nr="177" mi="2" ci="0" mb="2" cb="0"/><line nr="178" mi="3" ci="0" mb="0" cb="0"/><line nr="179" mi="1" ci="0" mb="0" cb="0"/><line nr="180" mi="7" ci="0" mb="0" cb="0"/><line nr="182" mi="1" ci="0" mb="0" cb="0"/><line nr="185" mi="3" ci="0" mb="0" cb="0"/><line nr="189" mi="3" ci="0" mb="0" cb="0"/><line nr="190" mi="1" ci="0" mb="0" cb="0"/><line nr="193" mi="3" ci="0" mb="0" cb="0"/><line nr="197" mi="3" ci="0" mb="0" cb="0"/><line nr="198" mi="1" ci="0" mb="0" cb="0"/><line nr="201" mi="3" ci="0" mb="0" cb="0"/><line nr="205" mi="3" ci="0" mb="0" cb="0"/><line nr="206" mi="1" ci="0" mb="0" cb="0"/><line nr="209" mi="3" ci="0" mb="0" cb="0"/><line nr="213" mi="3" ci="0" mb="0" cb="0"/><line nr="214" mi="1" ci="0" mb="0" cb="0"/><line nr="217" mi="3" ci="0" mb="0" cb="0"/><line nr="221" mi="3" ci="0" mb="0" cb="0"/><line nr="222" mi="1" ci="0" mb="0" cb="0"/><line nr="225" mi="3" ci="0" mb="0" cb="0"/><line nr="229" mi="3" ci="0" mb="0" cb="0"/><line nr="230" mi="1" ci="0" mb="0" cb="0"/><line nr="233" mi="3" ci="0" mb="0" cb="0"/><line nr="237" mi="3" ci="0" mb="0" cb="0"/><line nr="238" mi="1" ci="0" mb="0" cb="0"/><line nr="241" mi="3" ci="0" mb="0" cb="0"/><line nr="245" mi="3" ci="0" mb="0" cb="0"/><line nr="246" mi="1" ci="0" mb="0" cb="0"/><line nr="249" mi="3" ci="0" mb="0" cb="0"/><line nr="253" mi="3" ci="0" mb="0" cb="0"/><line nr="254" mi="1" ci="0" mb="0" cb="0"/><line nr="257" mi="3" ci="0" mb="0" cb="0"/><line nr="261" mi="3" ci="0" mb="0" cb="0"/><line nr="262" mi="1" ci="0" mb="0" cb="0"/><line nr="265" mi="3" ci="0" mb="0" cb="0"/><line nr="269" mi="3" ci="0" mb="0" cb="0"/><line nr="270" mi="1" ci="0" mb="0" cb="0"/><line nr="273" mi="3" ci="0" mb="0" cb="0"/><line nr="277" mi="3" ci="0" mb="0" cb="0"/><line nr="278" mi="1" ci="0" mb="0" cb="0"/><line nr="281" mi="3" ci="0" mb="0" cb="0"/><line nr="285" mi="3" ci="0" mb="0" cb="0"/><line nr="286" mi="1" ci="0" mb="0" cb="0"/><line nr="289" mi="3" ci="0" mb="0" cb="0"/><line nr="293" mi="3" ci="0" mb="0" cb="0"/><line nr="294" mi="1" ci="0" mb="0" cb="0"/><line nr="297" mi="3" ci="0" mb="0" cb="0"/><line nr="301" mi="3" ci="0" mb="0" cb="0"/><line nr="302" mi="1" ci="0" mb="0" cb="0"/><line nr="305" mi="3" ci="0" mb="0" cb="0"/><line nr="309" mi="3" ci="0" mb="0" cb="0"/><line nr="310" mi="1" ci="0" mb="0" cb="0"/><line nr="313" mi="3" ci="0" mb="0" cb="0"/><line nr="317" mi="3" ci="0" mb="0" cb="0"/><line nr="318" mi="1" ci="0" mb="0" cb="0"/><line nr="321" mi="3" ci="0" mb="0" cb="0"/><line nr="325" mi="3" ci="0" mb="0" cb="0"/><line nr="326" mi="1" ci="0" mb="0" cb="0"/><counter type="INSTRUCTION" missed="195" covered="0"/><counter type="BRANCH" missed="8" covered="0"/><counter type="LINE" missed="73" covered="0"/><counter type="COMPLEXITY" missed="47" covered="0"/><counter type="METHOD" missed="43" covered="0"/><counter type="CLASS" missed="1" covered="0"/></sourcefile><counter type="INSTRUCTION" missed="602" covered="0"/><counter type="BRANCH" missed="22" covered="0"/><counter type="LINE" missed="229" covered="0"/><counter type="COMPLEXITY" missed="149" covered="0"/><counter type="METHOD" missed="138" covered="0"/><counter type="CLASS" missed="6" covered="0"/></package><package name="com/nnk/springboot/services"><class name="com/nnk/springboot/services/RuleNameService" sourcefilename="RuleNameService.java"/><class name="com/nnk/springboot/services/UserService" sourcefilename="UserService.java"/><class name="com/nnk/springboot/services/BidListService" sourcefilename="BidListService.java"/><class name="com/nnk/springboot/services/TradeService" sourcefilename="TradeService.java"/><class name="com/nnk/springboot/services/RatingService" sourcefilename="RatingService.java"/><class name="com/nnk/springboot/services/CurveService" sourcefilename="CurveService.java"/><sourcefile name="RatingService.java"/><sourcefile name="RuleNameService.java"/><sourcefile name="CurveService.java"/><sourcefile name="UserService.java"/><sourcefile name="TradeService.java"/><sourcefile name="BidListService.java"/></package><package name="com/nnk/springboot/servicesImpl"><class name="com/nnk/springboot/servicesImpl/BidListServiceImpl" sourcefilename="BidListServiceImpl.java"><method name="&lt;init&gt;" desc="()V" line="14"><counter type="INSTRUCTION" missed="0" covered="3"/><counter type="LINE" missed="0" covered="1"/><counter type="COMPLEXITY" missed="0" covered="1"/><counter type="METHOD" missed="0" covered="1"/></method><method name="saveBidList" desc="(Lcom/nnk/springboot/domain/BidList;)Lcom/nnk/springboot/domain/BidList;" line="20"><counter type="INSTRUCTION" missed="0" covered="6"/><counter type="LINE" missed="0" covered="1"/><counter type="COMPLEXITY" missed="0" covered="1"/><counter type="METHOD" missed="0" covered="1"/></method><method name="findBidListById" desc="(I)Lcom/nnk/springboot/domain/BidList;" line="25"><counter type="INSTRUCTION" missed="2" covered="15"/><counter type="BRANCH" missed="1" covered="1"/><counter type="LINE" missed="1" covered="4"/><counter type="COMPLEXITY" missed="1" covered="1"/><counter type="METHOD" missed="0" covered="1"/></method><method name="updateBidList" desc="(Lcom/nnk/springboot/domain/BidList;)Lcom/nnk/springboot/domain/BidList;" line="35"><counter type="INSTRUCTION" missed="2" covered="12"/><counter type="BRANCH" missed="1" covered="1"/><counter type="LINE" missed="1" covered="2"/><counter type="COMPLEXITY" missed="1" covered="1"/><counter type="METHOD" missed="0" covered="1"/></method><method name="findBidListByList" desc="()Ljava/util/List;" line="43"><counter type="INSTRUCTION" missed="0" covered="4"/><counter type="LINE" missed="0" covered="1"/><counter type="COMPLEXITY" missed="0" covered="1"/><counter type="METHOD" missed="0" covered="1"/></method><method name="deleteBidListById" desc="(I)V" line="48"><counter type="INSTRUCTION" missed="0" covered="12"/><counter type="BRANCH" missed="1" covered="1"/><counter type="LINE" missed="0" covered="3"/><counter type="COMPLEXITY" missed="1" covered="1"/><counter type="METHOD" missed="0" covered="1"/></method><counter type="INSTRUCTION" missed="4" covered="52"/><counter type="BRANCH" missed="3" covered="3"/><counter type="LINE" missed="2" covered="12"/><counter type="COMPLEXITY" missed="3" covered="6"/><counter type="METHOD" missed="0" covered="6"/><counter type="CLASS" missed="0" covered="1"/></class><class name="com/nnk/springboot/servicesImpl/UserServiceImpl" sourcefilename="UserServiceImpl.java"><method name="&lt;init&gt;" desc="()V" line="18"><counter type="INSTRUCTION" missed="0" covered="3"/><counter type="LINE" missed="0" covered="1"/><counter type="COMPLEXITY" missed="0" covered="1"/><counter type="METHOD" missed="0" covered="1"/></method><method name="getUserFromAuth" desc="(Lorg/springframework/security/core/Authentication;)Lcom/nnk/springboot/domain/User;" line="27"><counter type="INSTRUCTION" missed="11" covered="5"/><counter type="BRANCH" missed="1" covered="1"/><counter type="LINE" missed="3" covered="2"/><counter type="COMPLEXITY" missed="1" covered="1"/><counter type="METHOD" missed="0" covered="1"/></method><method name="findAllUsers" desc="()Ljava/util/List;" line="36"><counter type="INSTRUCTION" missed="0" covered="4"/><counter type="LINE" missed="0" covered="1"/><counter type="COMPLEXITY" missed="0" covered="1"/><counter type="METHOD" missed="0" covered="1"/></method><method name="findUserById" desc="(I)Lcom/nnk/springboot/domain/User;" line="41"><counter type="INSTRUCTION" missed="2" covered="15"/><counter type="BRANCH" missed="1" covered="1"/><counter type="LINE" missed="1" covered="4"/><counter type="COMPLEXITY" missed="1" covered="1"/><counter type="METHOD" missed="0" covered="1"/></method><method name="findUserByUserName" desc="(Ljava/lang/String;)Lcom/nnk/springboot/domain/User;" line="51"><counter type="INSTRUCTION" missed="2" covered="14"/><counter type="BRANCH" missed="1" covered="1"/><counter type="LINE" missed="1" covered="4"/><counter type="COMPLEXITY" missed="1" covered="1"/><counter type="METHOD" missed="0" covered="1"/></method><method name="createUser" desc="(Lcom/nnk/springboot/domain/User;)Lcom/nnk/springboot/domain/User;" line="61"><counter type="INSTRUCTION" missed="0" covered="16"/><counter type="LINE" missed="0" covered="3"/><counter type="COMPLEXITY" missed="0" covered="1"/><counter type="METHOD" missed="0" covered="1"/></method><method name="updateUser" desc="(Lcom/nnk/springboot/domain/User;)Lcom/nnk/springboot/domain/User;" line="68"><counter type="INSTRUCTION" missed="0" covered="34"/><counter type="LINE" missed="0" covered="7"/><counter type="COMPLEXITY" missed="0" covered="1"/><counter type="METHOD" missed="0" covered="1"/></method><method name="deleteUser" desc="(I)V" line="79"><counter type="INSTRUCTION" missed="0" covered="7"/><counter type="LINE" missed="0" covered="2"/><counter type="COMPLEXITY" missed="0" covered="1"/><counter type="METHOD" missed="0" covered="1"/></method><counter type="INSTRUCTION" missed="15" covered="98"/><counter type="BRANCH" missed="3" covered="3"/><counter type="LINE" missed="5" covered="24"/><counter type="COMPLEXITY" missed="3" covered="8"/><counter type="METHOD" missed="0" covered="8"/><counter type="CLASS" missed="0" covered="1"/></class><class name="com/nnk/springboot/servicesImpl/RatingServiceImpl" sourcefilename="RatingServiceImpl.java"><method name="&lt;init&gt;" desc="()V" line="14"><counter type="INSTRUCTION" missed="0" covered="3"/><counter type="LINE" 
[...]
ng;)V" line="51"><counter type="INSTRUCTION" missed="0" covered="4"/><counter type="LINE" missed="0" covered="2"/><counter type="COMPLEXITY" missed="0" covered="1"/><counter type="METHOD" missed="0" covered="1"/></method><method name="getPassword" desc="()Ljava/lang/String;" line="55"><counter type="INSTRUCTION" missed="0" covered="3"/><counter type="LINE" missed="0" covered="1"/><counter type="COMPLEXITY" missed="0" covered="1"/><counter type="METHOD" missed="0" covered="1"/></method><method name="setPassword" desc="(Ljava/lang/String;)V" line="59"><counter type="INSTRUCTION" missed="0" covered="4"/><counter type="LINE" missed="0" covered="2"/><counter type="COMPLEXITY" missed="0" covered="1"/><counter type="METHOD" missed="0" covered="1"/></method><method name="getFullname" desc="()Ljava/lang/String;" line="63"><counter type="INSTRUCTION" missed="0" covered="3"/><counter type="LINE" missed="0" covered="1"/><counter type="COMPLEXITY" missed="0" covered="1"/><counter type="METHOD" missed="0" covered="1"/></method><method name="setFullname" desc="(Ljava/lang/String;)V" line="67"><counter type="INSTRUCTION" missed="0" covered="4"/><counter type="LINE" missed="0" covered="2"/><counter type="COMPLEXITY" missed="0" covered="1"/><counter type="METHOD" missed="0" covered="1"/></method><method name="getRole" desc="()Ljava/lang/String;" line="71"><counter type="INSTRUCTION" missed="0" covered="3"/><counter type="LINE" missed="0" covered="1"/><counter type="COMPLEXITY" missed="0" covered="1"/><counter type="METHOD" missed="0" covered="1"/></method><method name="setRole" desc="(Ljava/lang/String;)V" line="75"><counter type="INSTRUCTION" missed="0" covered="4"/><counter type="LINE" missed="0" covered="2"/><counter type="COMPLEXITY" missed="0" covered="1"/><counter type="METHOD" missed="0" covered="1"/></method><counter type="INSTRUCTION" missed="0" covered="53"/><counter type="LINE" missed="0" covered="23"/><counter type="COMPLEXITY" missed="0" covered="12"/><counter type="METHOD" missed="0" covered="12"/><counter type="CLASS" missed="0" covered="1"/></class><class name="com/nnk/springboot/domain/CurvePoint" sourcefilename="CurvePoint.java"><method name="&lt;init&gt;" desc="()V" line="29"><counter type="INSTRUCTION" missed="0" covered="3"/><counter type="LINE" missed="0" covered="2"/><counter type="COMPLEXITY" missed="0" covered="1"/><counter type="METHOD" missed="0" covered="1"/></method><method name="&lt;init&gt;" desc="(ILjava/lang/Double;Ljava/lang/Double;)V" line="32"><counter type="INSTRUCTION" missed="0" covered="13"/><counter type="LINE" missed="0" covered="5"/><counter type="COMPLEXITY" missed="0" covered="1"/><counter type="METHOD" missed="0" covered="1"/></method><method name="getId" desc="()Ljava/lang/Integer;" line="39"><counter type="INSTRUCTION" missed="0" covered="3"/><counter type="LINE" missed="0" covered="1"/><counter type="COMPLEXITY" missed="0" covered="1"/><counter type="METHOD" missed="0" covered="1"/></method><method name="setId" desc="(Ljava/lang/Integer;)V" line="43"><counter type="INSTRUCTION" missed="0" covered="4"/><counter type="LINE" missed="0" covered="2"/><counter type="COMPLEXITY" missed="0" covered="1"/><counter type="METHOD" missed="0" covered="1"/></method><method name="getCurveId" desc="()Ljava/lang/Integer;" line="47"><counter type="INSTRUCTION" missed="0" covered="3"/><counter type="LINE" missed="0" covered="1"/><counter type="COMPLEXITY" missed="0" covered="1"/><counter type="METHOD" missed="0" covered="1"/></method><method name="setCurveId" desc="(Ljava/lang/Integer;)V" line="51"><counter type="INSTRUCTION" missed="0" covered="4"/><counter type="LINE" missed="0" covered="2"/><counter type="COMPLEXITY" missed="0" covered="1"/><counter type="METHOD" missed="0" covered="1"/></method><method name="getAsOfDate" desc="()Ljava/sql/Timestamp;" line="55"><counter type="INSTRUCTION" missed="0" covered="3"/><counter type="LINE" missed="0" covered="1"/><counter type="COMPLEXITY" missed="0" covered="1"/><counter type="METHOD" missed="0" covered="1"/></method><method name="setAsOfDate" desc="(Ljava/sql/Timestamp;)V" line="59"><counter type="INSTRUCTION" missed="0" covered="4"/><counter type="LINE" missed="0" covered="2"/><counter type="COMPLEXITY" missed="0" covered="1"/><counter type="METHOD" missed="0" covered="1"/></method><method name="getTerm" desc="()Ljava/lang/Double;" line="63"><counter type="INSTRUCTION" missed="0" covered="3"/><counter type="LINE" missed="0" covered="1"/><counter type="COMPLEXITY" missed="0" covered="1"/><counter type="METHOD" missed="0" covered="1"/></method><method name="setTerm" desc="(Ljava/lang/Double;)V" line="67"><counter type="INSTRUCTION" missed="0" covered="4"/><counter type="LINE" missed="0" covered="2"/><counter type="COMPLEXITY" missed="0" covered="1"/><counter type="METHOD" missed="0" covered="1"/></method><method name="getValue" desc="()Ljava/lang/Double;" line="71"><counter type="INSTRUCTION" missed="0" covered="3"/><counter type="LINE" missed="0" covered="1"/><counter type="COMPLEXITY" missed="0" covered="1"/><counter type="METHOD" missed="0" covered="1"/></method><method name="setValue" desc="(Ljava/lang/Double;)V" line="75"><counter type="INSTRUCTION" missed="0" covered="4"/><counter type="LINE" missed="0" covered="2"/><counter type="COMPLEXITY" missed="0" covered="1"/><counter type="METHOD" missed="0" covered="1"/></method><method name="getCreationDate" desc="()Ljava/sql/Timestamp;" line="79"><counter type="INSTRUCTION" missed="0" covered="3"/><counter type="LINE" missed="0" covered="1"/><counter type="COMPLEXITY" missed="0" covered="1"/><counter type="METHOD" missed="0" covered="1"/></method><method name="setCreationDate" desc="(Ljava/sql/Timestamp;)V" line="83"><counter type="INSTRUCTION" missed="0" covered="4"/><counter type="LINE" missed="0" covered="2"/><counter type="COMPLEXITY" missed="0" covered="1"/><counter type="METHOD" missed="0" covered="1"/></method><counter type="INSTRUCTION" missed="0" covered="58"/><counter type="LINE" missed="0" covered="25"/><counter type="COMPLEXITY" missed="0" covered="14"/><counter type="METHOD" missed="0" covered="14"/><counter type="CLASS" missed="0" covered="1"/></class><sourcefile name="RuleName.java"><line nr="29" mi="0" ci="2" mb="0" cb="0"/><line nr="30" mi="0" ci="1" mb="0" cb="0"/><line nr="32" mi="0" ci="2" mb="0" cb="0"/><line nr="33" mi="0" ci="3" mb="0" cb="0"/><line nr="34" mi="0" ci="3" mb="0" cb="0"/><line nr="35" mi="0" ci="3" mb="0" cb="0"/><line nr="36" mi="0" ci="3" mb="0" cb="0"/><line nr="37" mi="0" ci="3" mb="0" cb="0"/><line nr="38" mi="0" ci="3" mb="0" cb="0"/><line nr="39" mi="0" ci="1" mb="0" cb="0"/><line nr="43" mi="0" ci="2" mb="0" cb="0"/><line nr="44" mi="0" ci="3" mb="0" cb="0"/><line nr="45" mi="0" ci="3" mb="0" cb="0"/><line nr="46" mi="0" ci="3" mb="0" cb="0"/><line nr="47" mi="0" ci="3" mb="0" cb="0"/><line nr="48" mi="0" ci="3" mb="0" cb="0"/><line nr="49" mi="0" ci="3" mb="0" cb="0"/><line nr="50" mi="0" ci="3" mb="0" cb="0"/><line nr="51" mi="0" ci="1" mb="0" cb="0"/><line nr="54" mi="0" ci="3" mb="0" cb="0"/><line nr="58" mi="0" ci="3" mb="0" cb="0"/><line nr="59" mi="0" ci="1" mb="0" cb="0"/><line nr="62" mi="0" ci="3" mb="0" cb="0"/><line nr="66" mi="0" ci="3" mb="0" cb="0"/><line nr="67" mi="0" ci="1" mb="0" cb="0"/><line nr="70" mi="0" ci="3" mb="0" cb="0"/><line nr="74" mi="0" ci="3" mb="0" cb="0"/><line nr="75" mi="0" ci="1" mb="0" cb="0"/><line nr="78" mi="0" ci="3" mb="0" cb="0"/><line nr="82" mi="0" ci="3" mb="0" cb="0"/><line nr="83" mi="0" ci="1" mb="0" cb="0"/><line nr="86" mi="0" ci="3" mb="0" cb="0"/><line nr="90" mi="0" ci="3" mb="0" cb="0"/><line nr="91" mi="0" ci="1" mb="0" cb="0"/><line nr="94" mi="0" ci="3" mb="0" cb="0"/><line nr="98" mi="0" ci="3" mb="0" cb="0"/><line nr="99" mi="0" ci="1" mb="0" cb="0"/><line nr="102" mi="0" ci="3" mb="0" cb="0"/><line nr="106" mi="0" ci="3" mb="0" cb="0"/><line nr="107" mi="0" ci="1" mb="0" cb="0"/><counter type="INSTRUCTION" missed="0" covered="97"/><counter type="LINE" missed="0" covered="40"/><counter type="COMPLEXITY" missed="0" covered="17"/><counter type="METHOD" missed="0" covered="17"/><counter type="CLASS" missed="0" covered="1"/></sourcefile><sourcefile name="Rating.java"><line nr="27" mi="0" ci="2" mb="0" cb="0"/><line nr="28" mi="0" ci="1" mb="0" cb="0"/><line nr="30" mi="0" ci="2" mb="0" cb="0"/><line nr="31" mi="0" ci="3" mb="0" cb="0"/><line nr="32" mi="0" ci="3" mb="0" cb="0"/><line nr="33" mi="0" ci="3" mb="0" cb="0"/><line nr="34" mi="0" ci="3" mb="0" cb="0"/><line nr="35" mi="0" ci="1" mb="0" cb="0"/><line nr="39" mi="0" ci="2" mb="0" cb="0"/><line nr="40" mi="0" ci="3" mb="0" cb="0"/><line nr="41" mi="0" ci="3" mb="0" cb="0"/><line nr="42" mi="0" ci="3" mb="0" cb="0"/><line nr="43" mi="0" ci="3" mb="0" cb="0"/><line nr="44" mi="0" ci="3" mb="0" cb="0"/><line nr="45" mi="0" ci="1" mb="0" cb="0"/><line nr="48" mi="0" ci="3" mb="0" cb="0"/><line nr="52" mi="0" ci="3" mb="0" cb="0"/><line nr="53" mi="0" ci="1" mb="0" cb="0"/><line nr="56" mi="0" ci="3" mb="0" cb="0"/><line nr="60" mi="0" ci="3" mb="0" cb="0"/><line nr="61" mi="0" ci="1" mb="0" cb="0"/><line nr="64" mi="0" ci="3" mb="0" cb="0"/><line nr="68" mi="0" ci="3" mb="0" cb="0"/><line nr="69" mi="0" ci="1" mb="0" cb="0"/><line nr="72" mi="0" ci="3" mb="0" cb="0"/><line nr="76" mi="0" ci="3" mb="0" cb="0"/><line nr="77" mi="0" ci="1" mb="0" cb="0"/><line nr="80" mi="0" ci="3" mb="0" cb="0"/><line nr="84" mi="0" ci="3" mb="0" cb="0"/><line nr="85" mi="0" ci="1" mb="0" cb="0"/><counter type="INSTRUCTION" missed="0" covered="71"/><counter type="LINE" missed="0" covered="30"/><counter type="COMPLEXITY" missed="0" covered="13"/><counter type="METHOD" missed="0" covered="13"/><counter type="CLASS" missed="0" covered="1"/></sourcefile><sourcefile name="CurvePoint.java"><line nr="29" mi="0" ci="2" mb="0" cb="0"/><line nr="30" mi="0" ci="1" mb="0" cb="0"/><line nr="32" mi="0" ci="2" mb="0" cb="0"/><line nr="33" mi="0" ci="4" mb="0" cb="0"/><line nr="34" mi="0" ci="3" mb="0" cb="0"/><line nr="35" mi="0" ci="3" mb="0" cb="0"/><line nr="36" mi="0" ci="1" mb="0" cb="0"/><line nr="39" mi="0" ci="3" mb="0" cb="0"/><line nr="43" mi="0" ci="3" mb="0" cb="0"/><line nr="44" mi="0" ci="1" mb="0" cb="0"/><line nr="47" mi="0" ci="3" mb="0" cb="0"/><line nr="51" mi="0" ci="3" mb="0" cb="0"/><line nr="52" mi="0" ci="1" mb="0" cb="0"/><line nr="55" mi="0" ci="3" mb="0" cb="0"/><line nr="59" mi="0" ci="3" mb="0" cb="0"/><line nr="60" mi="0" ci="1" mb="0" cb="0"/><line nr="63" mi="0" ci="3" mb="0" cb="0"/><line nr="67" mi="0" ci="3" mb="0" cb="0"/><line nr="68" mi="0" ci="1" mb="0" cb="0"/><line nr="71" mi="0" ci="3" mb="0" cb="0"/><line nr="75" mi="0" ci="3" mb="0" cb="0"/><line nr="76" mi="0" ci="1" mb="0" cb="0"/><line nr="79" mi="0" ci="3" mb="0" cb="0"/><line nr="83" mi="0" ci="3" mb="0" cb="0"/><line nr="84" mi="0" ci="1" mb="0" cb="0"/><counter type="INSTRUCTION" missed="0" covered="58"/><counter type="LINE" missed="0" covered="25"/><counter type="COMPLEXITY" missed="0" covered="14"/><counter type="METHOD" missed="0" covered="14"/><counter type="CLASS" missed="0" covered="1"/></sourcefile><sourcefile name="User.java"><line nr="26" mi="0" ci="2" mb="0" cb="0"/><line nr="28" mi="0" ci="1" mb="0" cb="0"/><line nr="31" mi="0" ci="2" mb="0" cb="0"/><line nr="32" mi="0" ci="3" mb="0" cb="0"/><line nr="33" mi="0" ci="3" mb="0" cb="0"/><line nr="34" mi="0" ci="3" mb="0" cb="0"/><line nr="35" mi="0" ci="3" mb="0" cb="0"/><line nr="36" mi="0" ci="1" mb="0" cb="0"/><line nr="39" mi="0" ci="3" mb="0" cb="0"/><line nr="43" mi="0" ci="3" mb="0" cb="0"/><line nr="44" mi="0" ci="1" mb="0" cb="0"/><line nr="47" mi="0" ci="3" mb="0" cb="0"/><line nr="51" mi="0" ci="3" mb="0" cb="0"/><line nr="52" mi="0" ci="1" mb="0" cb="0"/><line nr="55" mi="0" ci="3" mb="0" cb="0"/><line nr="59" mi="0" ci="3" mb="0" cb="0"/><line nr="60" mi="0" ci="1" mb="0" cb="0"/><line nr="63" mi="0" ci="3" mb="0" cb="0"/><line nr="67" mi="0" ci="3" mb="0" cb="0"/><line nr="68" mi="0" ci="1" mb="0" cb="0"/><line nr="71" mi="0" ci="3" mb="0" cb="0"/><line nr="75" mi="0" ci="3" mb="0" cb="0"/><line nr="76" mi="0" ci="1" mb="0" cb="0"/><counter type="INSTRUCTION" missed="0" covered="53"/><counter type="LINE" missed="0" covered="23"/><counter type="COMPLEXITY" missed="0" covered="12"/><counter type="METHOD" missed="0" covered="12"/><counter type="CLASS" missed="0" covered="1"/></sourcefile><sourcefile name="BidList.java"><line nr="45" mi="0" ci="2" mb="0" cb="0"/><line nr="46" mi="0" ci="1" mb="0" cb="0"/><line nr="48" mi="0" ci="2" mb="0" cb="0"/><line nr="49" mi="0" ci="3" mb="0" cb="0"/><line nr="50" mi="0" ci="3" mb="0" cb="0"/><line nr="51" mi="0" ci="3" mb="0" cb="0"/><line nr="52" mi="0" ci="1" mb="0" cb="0"/><line nr="55" mi="0" ci="3" mb="0" cb="0"/><line nr="59" mi="0" ci="3" mb="0" cb="0"/><line nr="60" mi="0" ci="1" mb="0" cb="0"/><line nr="63" mi="0" ci="3" mb="0" cb="0"/><line nr="67" mi="0" ci="3" mb="0" cb="0"/><line nr="68" mi="0" ci="1" mb="0" cb="0"/><line nr="71" mi="0" ci="3" mb="0" cb="0"/><line nr="75" mi="0" ci="3" mb="0" cb="0"/><line nr="76" mi="0" ci="1" mb="0" cb="0"/><line nr="79" mi="0" ci="3" mb="0" cb="0"/><line nr="83" mi="0" ci="3" mb="0" cb="0"/><line nr="84" mi="0" ci="1" mb="0" cb="0"/><line nr="87" mi="0" ci="3" mb="0" cb="0"/><line nr="91" mi="0" ci="3" mb="0" cb="0"/><line nr="92" mi="0" ci="1" mb="0" cb="0"/><line nr="95" mi="0" ci="3" mb="0" cb="0"/><line nr="99" mi="0" ci="3" mb="0" cb="0"/><line nr="100" mi="0" ci="1" mb="0" cb="0"/><line nr="103" mi="0" ci="3" mb="0" cb="0"/><line nr="107" mi="0" ci="3" mb="0" cb="0"/><line nr="108" mi="0" ci="1" mb="0" cb="0"/><line nr="111" mi="0" ci="3" mb="0" cb="0"/><line nr="115" mi="0" ci="3" mb="0" cb="0"/><line nr="116" mi="0" ci="1" mb="0" cb="0"/><line nr="119" mi="0" ci="3" mb="0" cb="0"/><line nr="123" mi="0" ci="3" mb="0" cb="0"/><line nr="124" mi="0" ci="1" mb="0" cb="0"/><line nr="127" mi="0" ci="3" mb="0" cb="0"/><line nr="131" mi="0" ci="3" mb="0" cb="0"/><line nr="132" mi="0" ci="1" mb="0" cb="0"/><line nr="135" mi="0" ci="3" mb="0" cb="0"/><line nr="139" mi="0" ci="3" mb="0" cb="0"/><line nr="140" mi="0" ci="1" mb="0" cb="0"/><line nr="143" mi="0" ci="3" mb="0" cb="0"/><line nr="147" mi="0" ci="3" mb="0" cb="0"/><line nr="148" mi="0" ci="1" mb="0" cb="0"/><line nr="151" mi="0" ci="3" mb="0" cb="0"/><line nr="155" mi="0" ci="3" mb="0" cb="0"/><line nr="156" mi="0" ci="1" mb="0" cb="0"/><line nr="159" mi="0" ci="3" mb="0" cb="0"/><line nr="163" mi="0" ci="3" mb="0" cb="0"/><line nr="164" mi="0" ci="1" mb="0" cb="0"/><line nr="167" mi="0" ci="3" mb="0" cb="0"/><line nr="171" mi="0" ci="3" mb="0" cb="0"/><line nr="172" mi="0" ci="1" mb="0" cb="0"/><line nr="175" mi="0" ci="3" mb="0" cb="0"/><line nr="179" mi="0" ci="3" mb="0" cb="0"/><line nr="180" mi="0" ci="1" mb="0" cb="0"/><line nr="183" mi="0" ci="3" mb="0" cb="0"/><line nr="187" mi="0" ci="3" mb="0" cb="0"/><line nr="188" mi="0" ci="1" mb="0" cb="0"/><line nr="191" mi="0" ci="3" mb="0" cb="0"/><line nr="195" mi="0" ci="3" mb="0" cb="0"/><line nr="196" mi="0" ci="1" mb="0" cb="0"/><line nr="199" mi="0" ci="3" mb="0" cb="0"/><line nr="203" mi="0" ci="3" mb="0" cb="0"/><line nr="204" mi="0" ci="1" mb="0" cb="0"/><line nr="207" mi="0" ci="3" mb="0" cb="0"/><line nr="211" mi="0" ci="3" mb="0" cb="0"/><line nr="212" mi="0" ci="1" mb="0" cb="0"/><line nr="215" mi="0" ci="3" mb="0" cb="0"/><line nr="219" mi="0" ci="3" mb="0" cb="0"/><line nr="220" mi="0" ci="1" mb="0" cb="0"/><line nr="223" mi="0" ci="3" mb="0" cb="0"/><line nr="227" mi="0" ci="3" mb="0" cb="0"/><line nr="228" mi="0" ci="1" mb="0" cb="0"/><counter type="INSTRUCTION" missed="0" covered="169"/><counter type="LINE" missed="0" covered="73"/><counter type="COMPLEXITY" missed="0" covered="46"/><counter type="METHOD" missed="0" covered="46"/><counter type="CLASS" missed="0" covered="1"/></sourcefile><sourcefile name="Trade.java"><line nr="43" mi="0" ci="2" mb="0" cb="0"/><line nr="44" mi="0" ci="1" mb="0" cb="0"/><line nr="46" mi="0" ci="2" mb="0" cb="0"/><line nr="47" mi="0" ci="3" mb="0" cb="0"/><line nr="48" mi="0" ci="3" mb="0" cb="0"/><line nr="49" mi="0" ci="1" mb="0" cb="0"/><line nr="52" mi="0" ci="2" mb="0" cb="0"/><line nr="53" mi="0" ci="3" mb="0" cb="0"/><line nr="54" mi="0" ci="3" mb="0" cb="0"/><line nr="55" mi="0" ci="3" mb="0" cb="0"/><line nr="56" mi="0" ci="1" mb="0" cb="0"/><line nr="59" mi="0" ci="3" mb="0" cb="0"/><line nr="63" mi="0" ci="3" mb="0" cb="0"/><line nr="64" mi="0" ci="1" mb="0" cb="0"/><line nr="67" mi="0" ci="3" mb="0" cb="0"/><line nr="71" mi="0" ci="3" mb="0" cb="0"/><line nr="72" mi="0" ci="1" mb="0" cb="0"/><line nr="75" mi="0" ci="3" mb="0" cb="0"/><line nr="79" mi="0" ci="3" mb="0" cb="0"/><line nr="80" mi="0" ci="1" mb="0" cb="0"/><line nr="83" mi="0" ci="3" mb="0" cb="0"/><line nr="87" mi="0" ci="3" mb="0" cb="0"/><line nr="88" mi="0" ci="1" mb="0" cb="0"/><line nr="91" mi="0" ci="3" mb="0" cb="0"/><line nr="95" mi="0" ci="3" mb="0" cb="0"/><line nr="96" mi="0" ci="1" mb="0" cb="0"/><line nr="99" mi="0" ci="3" mb="0" cb="0"/><line nr="103" mi="0" ci="3" mb="0" cb="0"/><line nr="104" mi="0" ci="1" mb="0" cb="0"/><line nr="107" mi="0" ci="3" mb="0" cb="0"/><line nr="111" mi="0" ci="3" mb="0" cb="0"/><line nr="112" mi="0" ci="1" mb="0" cb="0"/><line nr="115" mi="0" ci="3" mb="0" cb="0"/><line nr="119" mi="0" ci="3" mb="0" cb="0"/><line nr="120" mi="0" ci="1" mb="0" cb="0"/><line nr="123" mi="0" ci="3" mb="0" cb="0"/><line nr="127" mi="0" ci="3" mb="0" cb="0"/><line nr="128" mi="0" ci="1" mb="0" cb="0"/><line nr="131" mi="0" ci="3" mb="0" cb="0"/><line nr="135" mi="0" ci="3" mb="0" cb="0"/><line nr="136" mi="0" ci="1" mb="0" cb="0"/><line nr="139" mi="0" ci="3" mb="0" cb="0"/><line nr="143" mi="0" ci="3" mb="0" cb="0"/><line nr="144" mi="0" ci="1" mb="0" cb="0"/><line nr="147" mi="0" ci="3" mb="0" cb="0"/><line nr="151" mi="0" ci="3" mb="0" cb="0"/><line nr="152" mi="0" ci="1" mb="0" cb="0"/><line nr="155" mi="0" ci="3" mb="0" cb="0"/><line nr="159" mi="0" ci="3" mb="0" cb="0"/><line nr="160" mi="0" ci="1" mb="0" cb="0"/><line nr="163" mi="0" ci="3" mb="0" cb="0"/><line nr="167" mi="0" ci="3" mb="0" cb="0"/><line nr="168" mi="0" ci="1" mb="0" cb="0"/><line nr="171" mi="0" ci="3" mb="0" cb="0"/><line nr="175" mi="0" ci="3" mb="0" cb="0"/><line nr="176" mi="0" ci="1" mb="0" cb="0"/><line nr="179" mi="0" ci="3" mb="0" cb="0"/><line nr="183" mi="0" ci="3" mb="0" cb="0"/><line nr="184" mi="0" ci="1" mb="0" cb="0"/><line nr="187" mi="0" ci="3" mb="0" cb="0"/><line nr="191" mi="0" ci="3" mb="0" cb="0"/><line nr="192" mi="0" ci="1" mb="0" cb="0"/><line nr="195" mi="0" ci="3" mb="0" cb="0"/><line nr="199" mi="0" ci="3" mb="0" cb="0"/><line nr="200" mi="0" ci="1" mb="0" cb="0"/><line nr="203" mi="0" ci="3" mb="0" cb="0"/><line nr="207" mi="0" ci="3" mb="0" cb="0"/><line nr="208" mi="0" ci="1" mb="0" cb="0"/><line nr="211" mi="0" ci="3" mb="0" cb="0"/><line nr="215" mi="0" ci="3" mb="0" cb="0"/><line nr="216" mi="0" ci="1" mb="0" cb="0"/><line nr="219" mi="0" ci="3" mb="0" cb="0"/><line nr="223" mi="0" ci="3" mb="0" cb="0"/><line nr="224" mi="0" ci="1" mb="0" cb="0"/><counter type="INSTRUCTION" missed="0" covered="171"/><counter type="LINE" missed="0" covered="74"/><counter type="COMPLEXITY" missed="0" covered="45"/><counter type="METHOD" missed="0" covered="45"/><counter type="CLASS" missed="0" covered="1"/></sourcefile><counter type="INSTRUCTION" missed="0" covered="619"/><counter type="LINE" missed="0" covered="265"/><counter type="COMPLEXITY" missed="0" covered="147"/><counter type="METHOD" missed="0" covered="147"/><counter type="CLASS" missed="0" covered="6"/></package><counter type="INSTRUCTION" missed="733" covered="1355"/><counter type="BRANCH" missed="38" covered="18"/><counter type="LINE" missed="272" covered="432"/><counter type="COMPLEXITY" missed="171" covered="239"/><counter type="METHOD" missed="144" covered="238"/><counter type="CLASS" missed="7" covered="22"/></report>