-------------------------------------------------------------------------------
Test set: com.nnk.springboot.controllers.LoginControllerTest
-------------------------------------------------------------------------------
Tests run: 1, Failures: 0, Errors: 1, Skipped: 0, Time elapsed: 0.006 s <<< FAILURE! - in com.nnk.springboot.controllers.LoginControllerTest
initializationError(com.nnk.springboot.controllers.LoginControllerTest)  Time elapsed: 0 s  <<< ERROR!
java.lang.Exception: No runnable methods

