<?xml version="1.0" encoding="UTF-8"?>
<testsuite xmlns:xsi="http://www.w3.org/2001/XMLSchema-instance" xsi:noNamespaceSchemaLocation="https://maven.apache.org/surefire/maven-surefire-plugin/xsd/surefire-test-report.xsd" name="com.nnk.springboot.BidTests" time="56.47" tests="1" errors="1" skipped="0" failures="0">
  <properties>
[...]
</properties>
  <testcase name="bidListTest" classname="com.nnk.springboot.BidTests" time="0.006">
    <error message="Failed to load ApplicationContext" type="java.lang.IllegalStateException">java.lang.IllegalStateException: Failed to load ApplicationContext
Caused by: org.springframework.beans.factory.UnsatisfiedDependencyException: Error creating bean with name 'userController': Unsatisfied dependency expressed through field 'userService'; nested exception is org.springframework.beans.factory.NoSuchBeanDefinitionException: No qualifying bean of type 'com.nnk.springboot.services.UserService' available: expected at least 1 bean which qualifies as autowire candidate. Dependency annotations: {@org.springframework.beans.factory.annotation.Autowired(required=true)}
Caused by: org.springframework.beans.factory.NoSuchBeanDefinitionException: No qualifying bean of type 'com.nnk.springboot.services.UserService' available: expected at least 1 bean which qualifies as autowire candidate. Dependency annotations: {@org.springframework.beans.factory.annotation.Autowired(required=true)}
</error>
    <system-out><![CDATA[20:54:21.664 [main] DEBUG org.springframework.test.context.junit4.SpringJUnit4ClassRunner - SpringJUnit4ClassRunner constructor called with [class com.nnk.springboot.BidTests]
20:54:21.696 [main] DEBUG org.springframework.test.context.BootstrapUtils - Instantiating CacheAwareContextLoaderDelegate from class [org.springframework.test.context.cache.DefaultCacheAwareContextLoaderDelegate]
20:54:21.753 [main] DEBUG org.springframework.test.context.BootstrapUtils - Instantiating BootstrapContext using constructor [public org.springframework.test.context.support.DefaultBootstrapContext(java.lang.Class,org.springframework.test.context.CacheAwareContextLoaderDelegate)]
20:54:21.858 [main] DEBUG org.springframework.test.context.BootstrapUtils - Instantiating TestContextBootstrapper for test class [com.nnk.springboot.BidTests] from class [org.springframework.boot.test.context.SpringBootTestContextBootstrapper]
20:54:21.943 [main] INFO org.springframework.boot.test.context.SpringBootTestContextBootstrapper - Neither @ContextConfiguration nor @ContextHierarchy found for test class [com.nnk.springboot.BidTests], using SpringBootContextLoader
20:54:21.966 [main] DEBUG org.springframework.test.context.support.AbstractContextLoader - Did not detect default resource location for test class [com.nnk.springboot.BidTests]: class path resource [com/nnk/springboot/BidTests-context.xml] does not exist
20:54:21.967 [main] DEBUG org.springframework.test.context.support.AbstractContextLoader - Did not detect default resource location for test class [com.nnk.springboot.BidTests]: class path resource [com/nnk/springboot/BidTestsContext.groovy] does not exist
20:54:21.968 [main] INFO org.springframework.test.context.support.AbstractContextLoader - Could not detect default resource locations for test class [com.nnk.springboot.BidTests]: no resource found for suffixes {-context.xml, Context.groovy}.
20:54:21.970 [main] INFO org.springframework.test.context.support.AnnotationConfigContextLoaderUtils - Could not detect default configuration classes for test class [com.nnk.springboot.BidTests]: BidTests does not declare any static, non-private, non-final, nested classes annotated with @Configuration.
20:54:22.191 [main] DEBUG org.springframework.test.context.support.ActiveProfilesUtils - Could not find an 'annotation declaring class' for annotation type [org.springframework.test.context.ActiveProfiles] and class [com.nnk.springboot.BidTests]
20:54:22.237 [main] DEBUG org.springframework.core.env.StandardEnvironment - Adding PropertySource 'systemProperties' with lowest search precedence
20:54:22.239 [main] DEBUG org.springframework.core.env.StandardEnvironment - Adding PropertySource 'systemEnvironment' with lowest search precedence
20:54:22.240 [main] DEBUG org.springframework.core.env.StandardEnvironment - Initialized StandardEnvironment with PropertySources [MapPropertySource@1562452013 {name='systemProperties', properties={java.runtime.name=Java(TM) SE Runtime Environment, sun.boot.library.path=C:\Program Files\Java\jdk1.8.0_261\jre\bin, java.vm.version=25.261-b12, java.vm.vendor=Oracle Corporation, java.vendor.url=http://java.oracle.com/, path.separator=;, java.vm.name=Java HotSpot(TM) 64-Bit Server VM, file.encoding.pkg=sun.io, user.country=FR, user.script=, sun.java.launcher=SUN_STANDARD, sun.os.patch.level=, java.vm.specification.name=Java Virtual Machine Specification, user.dir=C:\Users\adoba\eclipse-workspace\JavaDA_PROJECT7_RESTAPI\Poseiden-skeleton, java.runtime.version=1.8.0_261-b12, basedir=C:\Users\adoba\eclipse-workspace\JavaDA_PROJECT7_RESTAPI\Poseiden-skeleton, java.awt.graphicsenv=sun.awt.Win32GraphicsEnvironment, java.endorsed.dirs=C:\Program Files\Java\jdk1.8.0_261\jre\lib\endorsed, os.arch=amd64, surefire.real.class.path=C:\Users\adoba\AppData\Local\Temp\surefire6191266030503073023\surefirebooter5012710993884844240.jar;C:\\Users\\adoba\\.m2\\repository\\org\\jacoco\\org.jacoco.agent\\0.8.5\\org.jacoco.agent-0.8.5-runtime.jar, java.io.tmpdir=C:\Users\adoba\AppData\Local\Temp\, line.separator=
, java.vm.specification.vendor=Oracle Corporation, user.variant=, os.name=Windows 10, sun.jnu.encoding=Cp1252, java.library.path=C:\Program Files\Java\jdk1.8.0_261\jre\bin;C:\WINDOWS\Sun\Java\bin;C:\WINDOWS\system32;C:\WINDOWS;C:\cmder\vendor\bin;C:\cmder\vendor\git-for-windows\cmd;C:\cmder\vendor\conemu-maximus5\ConEmu\Scripts;C:\cmder\vendor\conemu-maximus5;C:\cmder\vendor\conemu-maximus5\ConEmu;C:\WINDOWS\system32;C:\WINDOWS;C:\WINDOWS\System32\Wbem;C:\WINDOWS\System32\WindowsPowerShell\v1.0\;C:\WINDOWS\System32\OpenSSH\;C:\Program Files\Git\cmd;C:\Program Files\nodejs\;C:\ProgramData\ComposerSetup\bin;C:\Program Files\Symfony;C:\apache-maven-3.6.3\bin;C:\Program Files\Java\jdk1.8.0_261\bin;C:\Program Files\Java\jdk1.8.0_261;C:\Program Files\MySQL\MySQL Shell 8.0\bin\;C:\Users\adoba\AppData\Local\Microsoft\WindowsApps;C:\Users\adoba\AppData\Local\Programs\Microsoft VS Code\bin;C:\Users\adoba\AppData\Roaming\npm;C:\xampp\php;C:\Users\adoba\AppData\Roaming\Composer\vendor\bin;C:\Program Files\Java\jdk1.8.0_261;C:\Program Files\Java\jdk1.8.0_261\bin;C:\cmder\vendor\git-for-windows\mingw64\bin;C:\cmder\vendor\git-for-windows\usr\bin;C:\cmder;., surefire.test.class.path=C:\Users\adoba\eclipse-workspace\JavaDA_PROJECT7_RESTAPI\Poseiden-skeleton\target\test-classes;C:\Users\adoba\eclipse-workspace\JavaDA_PROJECT7_RESTAPI\Poseiden-skeleton\target\classes;C:\Users\adoba\.m2\repository\org\springframework\boot\spring-boot-starter-test\2.0.4.RELEASE\spring-boot-starter-test-2.0.4.RELEASE.jar;C:\Users\adoba\.m2\repository\org\springframework\boot\spring-boot-starter\2.0.4.RELEASE\spring-boot-starter-2.0.4.RELEASE.jar;C:\Users\adoba\.m2\repository\org\springframework\boot\spring-boot-starter-logging\2.0.4.RELEASE\spring-boot-starter-logging-2.0.4.RELEASE.jar;C:\Users\adoba\.m2\repository\ch\qos\logback\logback-classic\1.2.3\logback-classic-1.2.3.jar;C:\Users\adoba\.m2\repository\ch\qos\logback\logback-core\1.2.3\logback-core-1.2.3.jar;C:\Users\adoba\.m2\repository\org\apache\logging\log4j\log4j-to-slf4j\2.10.0\log4j-to-slf4j-2.10.0.jar;C:\Users\adoba\.m2\repository\org\apache\logging\log4j\log4j-api\2.10.0\log4j-api-2.10.0.jar;C:\Users\adoba\.m2\repository\org\slf4j\jul-to-slf4j\1.7.25\jul-to-slf4j-1.7.25.jar;C:\Users\adoba\.m2\repository\javax\annotation\javax.annotation-api\1.3.2\javax.annotation-api-1.3.2.jar;C:\Users\adoba\.m2\repository\org\yaml\snakeyaml\1.19\snakeyaml-1.19.jar;C:\Users\adoba\.m2\repository\org\springframework\boot\spring-boot-test\2.0.4.RELEASE\spring-boot-test-2.0.4.RELEASE.jar;C:\Users\adoba\.m2\repository\org\springframework\boot\spring-boot-test-autoconfigure\2.0.4.RELEASE\spring-boot-test-autoconfigure-2.0.4.RELEASE.jar;C:\Users\adoba\.m2\repository\com\jayway\jsonpath\json-path\2.4.0\json-path-2.4.0.jar;C:\Users\adoba\.m2\repository\net\minidev\json-smart\2.3\json-smart-2.3.jar;C:\Users\adoba\.m2\repository\net\minidev\accessors-smart\1.2\accessors-smart-1.2.jar;C:\Users\adoba\.m2\repository\org\slf4j\slf4j-api\1.7.25\slf4j-api-1.7.25.jar;C:\Users\adoba\.m2\repository\junit\junit\4.12\junit-4.12.jar;C:\Users\adoba\.m2\repository\org\assertj\assertj-core\3.9.1\assertj-core-3.9.1.jar;C:\Users\adoba\.m2\repository\org\mockito\mockito-core\2.15.0\mockito-core-2.15.0.jar;C:\Users\adoba\.m2\repository\net\bytebuddy\byte-buddy\1.7.11\byte-buddy-1.7.11.jar;C:\Users\adoba\.m2\repository\net\bytebuddy\byte-buddy-agent\1.7.11\byte-buddy-agent-1.7.11.jar;C:\Users\adoba\.m2\repository\org\objenesis\objenesis\2.6\objenesis-2.6.jar;C:\Users\adoba\.m2\repository\org\hamcrest\hamcrest-core\1.3\hamcrest-core-1.3.jar;C:\Users\adoba\.m2\repository\org\hamcrest\hamcrest-library\1.3\hamcrest-library-1.3.jar;C:\Users\adoba\.m2\repository\org\skyscreamer\jsonassert\1.5.0\jsonassert-1.5.0.jar;C:\Users\adoba\.m2\repository\com\vaadin\external\google\android-json\0.0.20131108.vaadin1\android-json-0.0.20131108.vaadin1.jar;C:\Users\adoba\.m2\repository\org\springframework\spring-core\5.0.8.RELEASE\spring-core-5.0.8.RELEASE.jar;C:\Users\adoba\.m2\repository\org\springframework\spring-jcl\5.0.8.RELEASE\spring-jcl-5.0.8.RELEASE.jar;C:\Users\adoba\.m2\repository\org\springframework\spring-test\5.0.8.RELEASE\spring-test-5.0.8.RELEASE.jar;C:\Users\adoba\.m2\repository\org\xmlunit\xmlunit-core\2.5.1\xmlunit-core-2.5.1.jar;C:\Users\adoba\.m2\repository\org\springframework\boot\spring-boot-starter-data-jpa\2.0.4.RELEASE\spring-boot-starter-data-jpa-2.0.4.RELEASE.jar;C:\Users\adoba\.m2\repository\org\springframework\boot\spring-boot-starter-aop\2.0.4.RELEASE\spring-boot-starter-aop-2.0.4.RELEASE.jar;C:\Users\adoba\.m2\repository\org\aspectj\aspectjweaver\1.8.13\aspectjweaver-1.8.13.jar;C:\Users\adoba\.m2\repository\org\springframework\boot\spring-boot-starter-jdbc\2.0.4.RELEASE\spring-boot-starter-jdbc-2.0.4.RELEASE.jar;C:\Users\adoba\.m2\repository\com\zaxxer\HikariCP\2.7.9\HikariCP-2.7.9.jar;C:\Users\adoba\.m2\repository\org\springframework\spring-jdbc\5.0.8.RELEASE\spring-jdbc-5.0.8.RELEASE.jar;C:\Users\adoba\.m2\repository\org\hibernate\hibernate-core\5.2.17.Final\hibernate-core-5.2.17.Final.jar;C:\Users\adoba\.m2\repository\org\jboss\logging\jboss-logging\3.3.2.Final\jboss-logging-3.3.2.Final.jar;C:\Users\adoba\.m2\repository\org\hibernate\javax\persistence\hibernate-jpa-2.1-api\1.0.2.Final\hibernate-jpa-2.1-api-1.0.2.Final.jar;C:\Users\adoba\.m2\repository\org\javassist\javassist\3.22.0-GA\javassist-3.22.0-GA.jar;C:\Users\adoba\.m2\repository\antlr\antlr\2.7.7\antlr-2.7.7.jar;C:\Users\adoba\.m2\repository\org\jboss\jandex\2.0.3.Final\jandex-2.0.3.Final.jar;C:\Users\adoba\.m2\repository\com\fasterxml\classmate\1.3.4\classmate-1.3.4.jar;C:\Users\adoba\.m2\repository\dom4j\dom4j\1.6.1\dom4j-1.6.1.jar;C:\Users\adoba\.m2\repository\org\hibernate\common\hibernate-commons-annotations\5.0.1.Final\hibernate-commons-annotations-5.0.1.Final.jar;C:\Users\adoba\.m2\repository\javax\transaction\javax.transaction-api\1.2\javax.transaction-api-1.2.jar;C:\Users\adoba\.m2\repository\org\springframework\data\spring-data-jpa\2.0.9.RELEASE\spring-data-jpa-2.0.9.RELEASE.jar;C:\Users\adoba\.m2\repository\org\springframework\data\spring-data-commons\2.0.9.RELEASE\spring-data-commons-2.0.9.RELEASE.jar;C:\Users\adoba\.m2\repository\org\springframework\spring-orm\5.0.8.RELEASE\spring-orm-5.0.8.RELEASE.jar;C:\Users\adoba\.m2\repository\org\springframework\spring-context\5.0.8.RELEASE\spring-context-5.0.8.RELEASE.jar;C:\Users\adoba\.m2\repository\org\springframework\spring-tx\5.0.8.RELEASE\spring-tx-5.0.8.RELEASE.jar;C:\Users\adoba\.m2\repository\org\springframework\spring-beans\5.0.8.RELEASE\spring-beans-5.0.8.RELEASE.jar;C:\Users\adoba\.m2\repository\org\springframework\spring-aspects\5.0.8.RELEASE\spring-aspects-5.0.8.RELEASE.jar;C:\Users\adoba\.m2\repository\org\springframework\boot\spring-boot-starter-web\2.0.4.RELEASE\spring-boot-starter-web-2.0.4.RELEASE.jar;C:\Users\adoba\.m2\repository\org\springframework\boot\spring-boot-starter-json\2.0.4.RELEASE\spring-boot-starter-json-2.0.4.RELEASE.jar;C:\Users\adoba\.m2\repository\com\fasterxml\jackson\core\jackson-databind\2.9.6\jackson-databind-2.9.6.jar;C:\Users\adoba\.m2\repository\com\fasterxml\jackson\core\jackson-annotations\2.9.0\jackson-annotations-2.9.0.jar;C:\Users\adoba\.m2\repository\com\fasterxml\jackson\core\jackson-core\2.9.6\jackson-core-2.9.6.jar;C:\Users\adoba\.m2\repository\com\fasterxml\jackson\datatype\jackson-datatype-jdk8\2.9.6\jackson-datatype-jdk8-2.9.6.jar;C:\Users\adoba\.m2\repository\com\fasterxml\jackson\datatype\jackson-datatype-jsr310\2.9.6\jackson-datatype-jsr310-2.9.6.jar;C:\Users\adoba\.m2\repository\com\fasterxml\jackson\module\jackson-module-parameter-names\2.9.6\jackson-module-parameter-names-2.9.6.jar;C:\Users\adoba\.m2\repository\org\springframework\boot\spring-boot-starter-tomcat\2.0.4.RELEASE\spring-boot-starter-tomcat-2.0.4.RELEASE.jar;C:\Users\adoba\.m2\repository\org\apache\tomcat\embed\tomcat-embed-core\8.5.32\tomcat-embed-core-8.5.32.jar;C:\Users\adoba\.m2\repository\org\apache\tomcat\embed\tomcat-embed-el\8.5.32\tomcat-embed-el-8.5.32.jar;C:\Users\adoba\.m2\repository\org\apache\tomcat\embed\tomcat-embed-websocket\8.5.32\tomcat-embed-websocket-8.5.32.jar;C:\Users\adoba\.m2\repository\org\hibernate\validator\hibernate-validator\6.0.11.Final\hibernate-validator-6.0.11.Final.jar;C:\Users\adoba\.m2\repository\javax\validation\validation-api\2.0.1.Final\validation-api-2.0.1.Final.jar;C:\Users\adoba\.m2\repository\org\springframework\spring-web\5.0.8.RELEASE\spring-web-5.0.8.RELEASE.jar;C:\Users\adoba\.m2\repository\org\springframework\spring-webmvc\5.0.8.RELEASE\spring-webmvc-5.0.8.RELEASE.jar;C:\Users\adoba\.m2\repository\org\springframework\spring-expression\5.0.8.RELEASE\spring-expression-5.0.8.RELEASE.jar;C:\Users\adoba\.m2\repository\org\springframework\boot\spring-boot-starter-thymeleaf\2.0.4.RELEASE\spring-boot-starter-thymeleaf-2.0.4.RELEASE.jar;C:\Users\adoba\.m2\repository\org\thymeleaf\thymeleaf-spring5\3.0.9.RELEASE\thymeleaf-spring5-3.0.9.RELEASE.jar;C:\Users\adoba\.m2\repository\org\thymeleaf\thymeleaf\3.0.9.RELEASE\thymeleaf-3.0.9.RELEASE.jar;C:\Users\adoba\.m2\repository\org\attoparser\attoparser\2.0.4.RELEASE\attoparser-2.0.4.RELEASE.jar;C:\Users\adoba\.m2\repository\org\unbescape\unbescape\1.1.5.RELEASE\unbescape-1.1.5.RELEASE.jar;C:\Users\adoba\.m2\repository\org\thymeleaf\extras\thymeleaf-extras-java8time\3.0.1.RELEASE\thymeleaf-extras-java8time-3.0.1.RELEASE.jar;C:\Users\adoba\.m2\repository\org\springframework\boot\spring-boot-starter-security\2.0.4.RELEASE\spring-boot-starter-security-2.0.4.RELEASE.jar;C:\Users\adoba\.m2\repository\org\springframework\spring-aop\5.0.8.RELEASE\spring-aop-5.0.8.RELEASE.jar;C:\Users\adoba\.m2\repository\org\springframework\security\spring-security-config\5.0.7.RELEASE\spring-security-config-5.0.7.RELEASE.jar;C:\Users\adoba\.m2\repository\org\springframework\security\spring-security-core\5.0.7.RELEASE\spring-security-core-5.0.7.RELEASE.jar;C:\Users\adoba\.m2\repository\org\springframework\security\spring-security-web\5.0.7.RELEASE\spring-security-web-5.0.7.RELEASE.jar;C:\Users\adoba\.m2\repository\org\springframework\boot\spring-boot-devtools\2.0.4.RELEASE\spring-boot-devtools-2.0.4.RELEASE.jar;C:\Users\adoba\.m2\repository\org\springframework\boot\spring-boot\2.0.4.RELEASE\spring-boot-2.0.4.RELEASE.jar;C:\Users\adoba\.m2\repository\org\springframework\boot\spring-boot-autoconfigure\2.0.4.RELEASE\spring-boot-autoconfigure-2.0.4.RELEASE.jar;C:\Users\adoba\.m2\repository\mysql\mysql-connector-java\5.1.46\mysql-connector-java-5.1.46.jar;C:\Users\adoba\.m2\repository\com\h2database\h2\1.4.197\h2-1.4.197.jar;C:\Users\adoba\.m2\repository\org\apache\maven\plugins\maven-surefire-plugin\3.0.0-M4\maven-surefire-plugin-3.0.0-M4.jar;C:\Users\adoba\.m2\repository\org\apache\maven\surefire\maven-surefire-common\3.0.0-M4\maven-surefire-common-3.0.0-M4.jar;C:\Users\adoba\.m2\repository\org\apache\maven\surefire\surefire-api\3.0.0-M4\surefire-api-3.0.0-M4.jar;C:\Users\adoba\.m2\repository\org\apache\maven\surefire\surefire-logger-api\3.0.0-M4\surefire-logger-api-3.0.0-M4.jar;C:\Users\adoba\.m2\repository\org\apache\maven\surefire\surefire-extensions-api\3.0.0-M4\surefire-extensions-api-3.0.0-M4.jar;C:\Users\adoba\.m2\repository\org\apache\maven\surefire\surefire-booter\3.0.0-M4\surefire-booter-3.0.0-M4.jar;C:\Users\adoba\.m2\repository\org\apache\maven\maven-toolchain\3.0-alpha-2\maven-toolchain-3.0-alpha-2.jar;C:\Users\adoba\.m2\repository\org\apache\maven\shared\maven-artifact-transfer\0.11.0\maven-artifact-transfer-0.11.0.jar;C:\Users\adoba\.m2\repository\org\apache\maven\shared\maven-common-artifact-filters\3.0.1\maven-common-artifact-filters-3.0.1.jar;C:\Users\adoba\.m2\repository\org\apache\maven\shared\maven-shared-utils\3.1.0\maven-shared-utils-3.1.0.jar;C:\Users\adoba\.m2\repository\commons-io\commons-io\2.5\commons-io-2.5.jar;C:\Users\adoba\.m2\repository\commons-codec\commons-codec\1.11\commons-codec-1.11.jar;C:\Users\adoba\.m2\repository\org\codehaus\plexus\plexus-java\1.0.3\plexus-java-1.0.3.jar;C:\Users\adoba\.m2\repository\com\thoughtworks\qdox\qdox\2.0-M9\qdox-2.0-M9.jar;C:\Users\adoba\.m2\repository\org\jacoco\jacoco-maven-plugin\0.8.5\jacoco-maven-plugin-0.8.5.jar;C:\Users\adoba\.m2\repository\org\apache\maven\maven-plugin-api\3.0\maven-plugin-api-3.0.jar;C:\Users\adoba\.m2\repository\org\apache\maven\maven-model\3.0\maven-model-3.0.jar;C:\Users\adoba\.m2\repository\org\apache\maven\maven-artifact\3.0\maven-artifact-3.0.jar;C:\Users\adoba\.m2\repository\org\sonatype\sisu\sisu-inject-plexus\1.4.2\sisu-inject-plexus-1.4.2.jar;C:\Users\adoba\.m2\repository\org\sonatype\sisu\sisu-inject-bean\1.4.2\sisu-inject-bean-1.4.2.jar;C:\Users\adoba\.m2\repository\org\sonatype\sisu\sisu-guice\2.1.7\sisu-guice-2.1.7-noaop.jar;C:\Users\adoba\.m2\repository\org\apache\maven\maven-core\3.0\maven-core-3.0.jar;C:\Users\adoba\.m2\repository\org\apache\maven\maven-settings\3.0\maven-settings-3.0.jar;C:\Users\adoba\.m2\repository\org\apache\maven\maven-settings-builder\3.0\maven-settings-builder-3.0.jar;C:\Users\adoba\.m2\repository\org\apache\maven\maven-repository-metadata\3.0\maven-repository-metadata-3.0.jar;C:\Users\adoba\.m2\repository\org\apache\maven\maven-model-builder\3.0\maven-model-builder-3.0.jar;C:\Users\adoba\.m2\repository\org\apache\maven\maven-aether-provider\3.0\maven-aether-provider-3.0.jar;C:\Users\adoba\.m2\repository\org\sonatype\aether\aether-impl\1.7\aether-impl-1.7.jar;C:\Users\adoba\.m2\repository\org\sonatype\aether\aether-spi\1.7\aether-spi-1.7.jar;C:\Users\adoba\.m2\repository\org\sonatype\aether\aether-api\1.7\aether-api-1.7.jar;C:\Users\adoba\.m2\repository\org\sonatype\aether\aether-util\1.7\aether-util-1.7.jar;C:\Users\adoba\.m2\repository\org\codehaus\plexus\plexus-interpolation\1.14\plexus-interpolation-1.14.jar;C:\Users\adoba\.m2\repository\org\codehaus\plexus\plexus-classworlds\2.2.3\plexus-classworlds-2.2.3.jar;C:\Users\adoba\.m2\repository\org\codehaus\plexus\plexus-component-annotations\1.5.5\plexus-component-annotations-1.5.5.jar;C:\Users\adoba\.m2\repository\org\sonatype\plexus\plexus-sec-dispatcher\1.3\plexus-sec-dispatcher-1.3.jar;C:\Users\adoba\.m2\repository\org\sonatype\plexus\plexus-cipher\1.4\plexus-cipher-1.4.jar;C:\Users\adoba\.m2\repository\org\codehaus\plexus\plexus-utils\3.0.22\plexus-utils-3.0.22.jar;C:\Users\adoba\.m2\repository\org\apache\maven\shared\file-management\1.2.1\file-management-1.2.1.jar;C:\Users\adoba\.m2\repository\org\apache\maven\shared\maven-shared-io\1.1\maven-shared-io-1.1.jar;C:\Users\adoba\.m2\repository\org\apache\maven\maven-artifact-manager\2.0.2\maven-artifact-manager-2.0.2.jar;C:\Users\adoba\.m2\repository\org\apache\maven\wagon\wagon-provider-api\1.0-alpha-6\wagon-provider-api-1.0-alpha-6.jar;C:\Users\adoba\.m2\repository\org\codehaus\plexus\plexus-container-default\1.0-alpha-9\plexus-container-default-1.0-alpha-9.jar;C:\Users\adoba\.m2\repository\classworlds\classworlds\1.1-alpha-2\classworlds-1.1-alpha-2.jar;C:\Users\adoba\.m2\repository\org\apache\maven\reporting\maven-reporting-api\3.0\maven-reporting-api-3.0.jar;C:\Users\adoba\.m2\repository\org\apache\maven\doxia\doxia-sink-api\1.0\doxia-sink-api-1.0.jar;C:\Users\adoba\.m2\repository\org\apache\maven\reporting\maven-reporting-impl\2.1\maven-reporting-impl-2.1.jar;C:\Users\adoba\.m2\repository\org\apache\maven\maven-project\2.0.10\maven-project-2.0.10.jar;C:\Users\adoba\.m2\repository\org\apache\maven\maven-profile\2.0.10\maven-profile-2.0.10.jar;C:\Users\adoba\.m2\repository\org\apache\maven\maven-plugin-registry\2.0.10\maven-plugin-registry-2.0.10.jar;C:\Users\adoba\.m2\repository\org\apache\maven\doxia\doxia-core\1.1.2\doxia-core-1.1.2.jar;C:\Users\adoba\.m2\repository\org\apache\maven\doxia\doxia-logging-api\1.1.2\doxia-logging-api-1.1.2.jar;C:\Users\adoba\.m2\repository\xerces\xercesImpl\2.8.1\xercesImpl-2.8.1.jar;C:\Users\adoba\.m2\repository\commons-lang\commons-lang\2.4\commons-lang-2.4.jar;C:\Users\adoba\.m2\repository\commons-httpclient\commons-httpclient\3.1\commons-httpclient-3.1.jar;C:\Users\adoba\.m2\repository\org\apache\maven\doxia\doxia-site-renderer\1.1.2\doxia-site-renderer-1.1.2.jar;C:\Users\adoba\.m2\repository\org\apache\maven\doxia\doxia-decoration-model\1.1.2\doxia-decoration-model-1.1.2.jar;C:\Users\adoba\.m2\repository\org\apache\maven\doxia\doxia-module-xhtml\1.1.2\doxia-module-xhtml-1.1.2.jar;C:\Users\adoba\.m2\repository\org\apache\maven\doxia\doxia-module-fml\1.1.2\doxia-module-fml-1.1.2.jar;C:\Users\adoba\.m2\repository\org\codehaus\plexus\plexus-i18n\1.0-beta-7\plexus-i18n-1.0-beta-7.jar;C:\Users\adoba\.m2\repository\org\codehaus\plexus\plexus-velocity\1.1.7\plexus-velocity-1.1.7.jar;C:\Users\adoba\.m2\repository\org\apache\velocity\velocity\1.5\velocity-1.5.jar;C:\Users\adoba\.m2\repository\commons-collections\commons-collections\3.2\commons-collections-3.2.jar;C:\Users\adoba\.m2\repository\commons-validator\commons-validator\1.2.0\commons-validator-1.2.0.jar;C:\Users\adoba\.m2\repository\commons-beanutils\commons-beanutils\1.7.0\commons-beanutils-1.7.0.jar;C:\Users\adoba\.m2\repository\commons-digester\commons-digester\1.6\commons-digester-1.6.jar;C:\Users\adoba\.m2\repository\commons-logging\commons-logging\1.0.4\commons-logging-1.0.4.jar;C:\Users\adoba\.m2\repository\oro\oro\2.0.8\oro-2.0.8.jar;C:\Users\adoba\.m2\repository\xml-apis\xml-apis\1.4.01\xml-apis-1.4.01.jar;C:\Users\adoba\.m2\repository\org\jacoco\org.jacoco.agent\0.8.5\org.jacoco.agent-0.8.5-runtime.jar;C:\Users\adoba\.m2\repository\org\jacoco\org.jacoco.core\0.8.5\org.jacoco.core-0.8.5.jar;C:\Users\adoba\.m2\repository\org\ow2\asm\asm\7.2\asm-7.2.jar;C:\Users\adoba\.m2\repository\org\ow2\asm\asm-commons\7.2\asm-commons-7.2.jar;C:\Users\adoba\.m2\repository\org\ow2\asm\asm-analysis\7.2\asm-analysis-7.2.jar;C:\Users\adoba\.m2\repository\org\ow2\asm\asm-tree\7.2\asm-tree-7.2.jar;C:\Users\adoba\.m2\repository\org\jacoco\org.jacoco.report\0.8.5\org.jacoco.report-0.8.5.jar;, java.specification.name=Java Platform API Specification, java.class.version=52.0, sun.management.compiler=HotSpot 64-Bit Tiered Compilers, os.version=10.0, user.home=C:\Users\adoba, user.timezone=Europe/Paris, java.awt.printerjob=sun.awt.windows.WPrinterJob, file.encoding=Cp1252, java.specification.version=1.8, java.class.path=C:\Users\adoba\eclipse-workspace\JavaDA_PROJECT7_RESTAPI\Poseiden-skeleton\target\test-classes;C:\Users\adoba\eclipse-workspace\JavaDA_PROJECT7_RESTAPI\Poseiden-skeleton\target\classes;C:\Users\adoba\.m2\repository\org\springframework\boot\spring-boot-starter-test\2.0.4.RELEASE\spring-boot-starter-test-2.0.4.RELEASE.jar;C:\Users\adoba\.m2\repository\org\springframework\boot\spring-boot-starter\2.0.4.RELEASE\spring-boot-starter-2.0.4.RELEASE.jar;C:\Users\adoba\.m2\repository\org\springframework\boot\spring-boot-starter-logging\2.0.4.RELEASE\spring-boot-starter-logging-2.0.4.RELEASE.jar;C:\Users\adoba\.m2\repository\ch\qos\logback\logback-classic\1.2.3\logback-classic-1.2.3.jar;C:\Users\adoba\.m2\repository\ch\qos\logback\logback-core\1.2.3\logback-core-1.2.3.jar;C:\Users\adoba\.m2\repository\org\apache\logging\log4j\log4j-to-slf4j\2.10.0\log4j-to-slf4j-2.10.0.jar;C:\Users\adoba\.m2\repository\org\apache\logging\log4j\log4j-api\2.10.0\log4j-api-2.10.0.jar;C:\Users\adoba\.m2\repository\org\slf4j\jul-to-slf4j\1.7.25\jul-to-slf4j-1.7.25.jar;C:\Users\adoba\.m2\repository\javax\annotation\javax.annotation-api\1.3.2\javax.annotation-api-1.3.2.jar;C:\Users\adoba\.m2\repository\org\yaml\snakeyaml\1.19\snakeyaml-1.19.jar;C:\Users\adoba\.m2\repository\org\springframework\boot\spring-boot-test\2.0.4.RELEASE\spring-boot-test-2.0.4.RELEASE.jar;C:\Users\adoba\.m2\repository\org\springframework\boot\spring-boot-test-autoconfigure\2.0.4.RELEASE\spring-boot-test-autoconfigure-2.0.4.RELEASE.jar;C:\Users\adoba\.m2\repository\com\jayway\jsonpath\json-path\2.4.0\json-path-2.4.0.jar;C:\Users\adoba\.m2\repository\net\minidev\json-smart\2.3\json-smart-2.3.jar;C:\Users\adoba\.m2\repository\net\minidev\accessors-smart\1.2\accessors-smart-1.2.jar;C:\Users\adoba\.m2\repository\org\slf4j\slf4j-api\1.7.25\slf4j-api-1.7.25.jar;C:\Users\adoba\.m2\repository\junit\junit\4.12\junit-4.12.jar;C:\Users\adoba\.m2\repository\org\assertj\assertj-core\3.9.1\assertj-core-3.9.1.jar;C:\Users\adoba\.m2\repository\org\mockito\mockito-core\2.15.0\mockito-core-2.15.0.jar;C:\Users\adoba\.m2\repository\net\bytebuddy\byte-buddy\1.7.11\byte-buddy-1.7.11.jar;C:\Users\adoba\.m2\repository\net\bytebuddy\byte-buddy-agent\1.7.11\byte-buddy-agent-1.7.11.jar;C:\Users\adoba\.m2\repository\org\objenesis\objenesis\2.6\objenesis-2.6.jar;C:\Users\adoba\.m2\repository\org\hamcrest\hamcrest-core\1.3\hamcrest-core-1.3.jar;C:\Users\adoba\.m2\repository\org\hamcrest\hamcrest-library\1.3\hamcrest-library-1.3.jar;C:\Users\adoba\.m2\repository\org\skyscreamer\jsonassert\1.5.0\jsonassert-1.5.0.jar;C:\Users\adoba\.m2\repository\com\vaadin\external\google\android-json\0.0.20131108.vaadin1\android-json-0.0.20131108.vaadin1.jar;C:\Users\adoba\.m2\repository\org\springframework\spring-core\5.0.8.RELEASE\spring-core-5.0.8.RELEASE.jar;C:\Users\adoba\.m2\repository\org\springframework\spring-jcl\5.0.8.RELEASE\spring-jcl-5.0.8.RELEASE.jar;C:\Users\adoba\.m2\repository\org\springframework\spring-test\5.0.8.RELEASE\spring-test-5.0.8.RELEASE.jar;C:\Users\adoba\.m2\repository\org\xmlunit\xmlunit-core\2.5.1\xmlunit-core-2.5.1.jar;C:\Users\adoba\.m2\repository\org\springframework\boot\spring-boot-starter-data-jpa\2.0.4.RELEASE\spring-boot-starter-data-jpa-2.0.4.RELEASE.jar;C:\Users\adoba\.m2\repository\org\springframework\boot\spring-boot-starter-aop\2.0.4.RELEASE\spring-boot-starter-aop-2.0.4.RELEASE.jar;C:\Users\adoba\.m2\repository\org\aspectj\aspectjweaver\1.8.13\aspectjweaver-1.8.13.jar;C:\Users\adoba\.m2\repository\org\springframework\boot\spring-boot-starter-jdbc\2.0.4.RELEASE\spring-boot-starter-jdbc-2.0.4.RELEASE.jar;C:\Users\adoba\.m2\repository\com\zaxxer\HikariCP\2.7.9\HikariCP-2.7.9.jar;C:\Users\adoba\.m2\repository\org\springframework\spring-jdbc\5.0.8.RELEASE\spring-jdbc-5.0.8.RELEASE.jar;C:\Users\adoba\.m2\repository\org\hibernate\hibernate-core\5.2.17.Final\hibernate-core-5.2.17.Final.jar;C:\Users\adoba\.m2\repository\org\jboss\logging\jboss-logging\3.3.2.Final\jboss-logging-3.3.2.Final.jar;C:\Users\adoba\.m2\repository\org\hibernate\javax\persistence\hibernate-jpa-2.1-api\1.0.2.Final\hibernate-jpa-2.1-api-1.0.2.Final.jar;C:\Users\adoba\.m2\repository\org\javassist\javassist\3.22.0-GA\javassist-3.22.0-GA.jar;C:\Users\adoba\.m2\repository\antlr\antlr\2.7.7\antlr-2.7.7.jar;C:\Users\adoba\.m2\repository\org\jboss\jandex\2.0.3.Final\jandex-2.0.3.Final.jar;C:\Users\adoba\.m2\repository\com\fasterxml\classmate\1.3.4\classmate-1.3.4.jar;C:\Users\adoba\.m2\repository\dom4j\dom4j\1.6.1\dom4j-1.6.1.jar;C:\Users\adoba\.m2\repository\org\hibernate\common\hibernate-commons-annotations\5.0.1.Final\hibernate-commons-annotations-5.0.1.Final.jar;C:\Users\adoba\.m2\repository\javax\transaction\javax.transaction-api\1.2\javax.transaction-api-1.2.jar;C:\Users\adoba\.m2\repository\org\springframework\data\spring-data-jpa\2.0.9.RELEASE\spring-data-jpa-2.0.9.RELEASE.jar;C:\Users\adoba\.m2\repository\org\springframework\data\spring-data-commons\2.0.9.RELEASE\spring-data-commons-2.0.9.RELEASE.jar;C:\Users\adoba\.m2\repository\org\springframework\spring-orm\5.0.8.RELEASE\spring-orm-5.0.8.RELEASE.jar;C:\Users\adoba\.m2\repository\org\springframework\spring-context\5.0.8.RELEASE\spring-context-5.0.8.RELEASE.jar;C:\Users\adoba\.m2\repository\org\springframework\spring-tx\5.0.8.RELEASE\spring-tx-5.0.8.RELEASE.jar;C:\Users\adoba\.m2\repository\org\springframework\spring-beans\5.0.8.RELEASE\spring-beans-5.0.8.RELEASE.jar;C:\Users\adoba\.m2\repository\org\springframework\spring-aspects\5.0.8.RELEASE\spring-aspects-5.0.8.RELEASE.jar;C:\Users\adoba\.m2\repository\org\springframework\boot\spring-boot-starter-web\2.0.4.RELEASE\spring-boot-starter-web-2.0.4.RELEASE.jar;C:\Users\adoba\.m2\repository\org\springframework\boot\spring-boot-starter-json\2.0.4.RELEASE\spring-boot-starter-json-2.0.4.RELEASE.jar;C:\Users\adoba\.m2\repository\com\fasterxml\jackson\core\jackson-databind\2.9.6\jackson-databind-2.9.6.jar;C:\Users\adoba\.m2\repository\com\fasterxml\jackson\core\jackson-annotations\2.9.0\jackson-annotations-2.9.0.jar;C:\Users\adoba\.m2\repository\com\fasterxml\jackson\core\jackson-core\2.9.6\jackson-core-2.9.6.jar;C:\Users\adoba\.m2\repository\com\fasterxml\jackson\datatype\jackson-datatype-jdk8\2.9.6\jackson-datatype-jdk8-2.9.6.jar;C:\Users\adoba\.m2\repository\com\fasterxml\jackson\datatype\jackson-datatype-jsr310\2.9.6\jackson-datatype-jsr310-2.9.6.jar;C:\Users\adoba\.m2\repository\com\fasterxml\jackson\module\jackson-module-parameter-names\2.9.6\jackson-module-parameter-names-2.9.6.jar;C:\Users\adoba\.m2\repository\org\springframework\boot\spring-boot-starter-tomcat\2.0.4.RELEASE\spring-boot-starter-tomcat-2.0.4.RELEASE.jar;C:\Users\adoba\.m2\repository\org\apache\tomcat\embed\tomcat-embed-core\8.5.32\tomcat-embed-core-8.5.32.jar;C:\Users\adoba\.m2\repository\org\apache\tomcat\embed\tomcat-embed-el\8.5.32\tomcat-embed-el-8.5.32.jar;C:\Users\adoba\.m2\repository\org\apache\tomcat\embed\tomcat-embed-websocket\8.5.32\tomcat-embed-websocket-8.5.32.jar;C:\Users\adoba\.m2\repository\org\hibernate\validator\hibernate-validator\6.0.11.Final\hibernate-validator-6.0.11.Final.jar;C:\Users\adoba\.m2\repository\javax\validation\validation-api\2.0.1.Final\validation-api-2.0.1.Final.jar;C:\Users\adoba\.m2\repository\org\springframework\spring-web\5.0.8.RELEASE\spring-web-5.0.8.RELEASE.jar;C:\Users\adoba\.m2\repository\org\springframework\spring-webmvc\5.0.8.RELEASE\spring-webmvc-5.0.8.RELEASE.jar;C:\Users\adoba\.m2\repository\org\springframework\spring-expression\5.0.8.RELEASE\spring-expression-5.0.8.RELEASE.jar;C:\Users\adoba\.m2\repository\org\springframework\boot\spring-boot-starter-thymeleaf\2.0.4.RELEASE\spring-boot-starter-thymeleaf-2.0.4.RELEASE.jar;C:\Users\adoba\.m2\repository\org\thymeleaf\thymeleaf-spring5\3.0.9.RELEASE\thymeleaf-spring5-3.0.9.RELEASE.jar;C:\Users\adoba\.m2\repository\org\thymeleaf\thymeleaf\3.0.9.RELEASE\thymeleaf-3.0.9.RELEASE.jar;C:\Users\adoba\.m2\repository\org\attoparser\attoparser\2.0.4.RELEASE\attoparser-2.0.4.RELEASE.jar;C:\Users\adoba\.m2\repository\org\unbescape\unbescape\1.1.5.RELEASE\unbescape-1.1.5.RELEASE.jar;C:\Users\adoba\.m2\repository\org\thymeleaf\extras\thymeleaf-extras-java8time\3.0.1.RELEASE\thymeleaf-extras-java8time-3.0.1.RELEASE.jar;C:\Users\adoba\.m2\repository\org\springframework\boot\spring-boot-starter-security\2.0.4.RELEASE\spring-boot-starter-security-2.0.4.RELEASE.jar;C:\Users\adoba\.m2\repository\org\springframework\spring-aop\5.0.8.RELEASE\spring-aop-5.0.8.RELEASE.jar;C:\Users\adoba\.m2\repository\org\springframework\security\spring-security-config\5.0.7.RELEASE\spring-security-config-5.0.7.RELEASE.jar;C:\Users\adoba\.m2\repository\org\springframework\security\spring-security-core\5.0.7.RELEASE\spring-security-core-5.0.7.RELEASE.jar;C:\Users\adoba\.m2\repository\org\springframework\security\spring-security-web\5.0.7.RELEASE\spring-security-web-5.0.7.RELEASE.jar;C:\Users\adoba\.m2\repository\org\springframework\boot\spring-boot-devtools\2.0.4.RELEASE\spring-boot-devtools-2.0.4.RELEASE.jar;C:\Users\adoba\.m2\repository\org\springframework\boot\spring-boot\2.0.4.RELEASE\spring-boot-2.0.4.RELEASE.jar;C:\Users\adoba\.m2\repository\org\springframework\boot\spring-boot-autoconfigure\2.0.4.RELEASE\spring-boot-autoconfigure-2.0.4.RELEASE.jar;C:\Users\adoba\.m2\repository\mysql\mysql-connector-java\5.1.46\mysql-connector-java-5.1.46.jar;C:\Users\adoba\.m2\repository\com\h2database\h2\1.4.197\h2-1.4.197.jar;C:\Users\adoba\.m2\repository\org\apache\maven\plugins\maven-surefire-plugin\3.0.0-M4\maven-surefire-plugin-3.0.0-M4.jar;C:\Users\adoba\.m2\repository\org\apache\maven\surefire\maven-surefire-common\3.0.0-M4\maven-surefire-common-3.0.0-M4.jar;C:\Users\adoba\.m2\repository\org\apache\maven\surefire\surefire-api\3.0.0-M4\surefire-api-3.0.0-M4.jar;C:\Users\adoba\.m2\repository\org\apache\maven\surefire\surefire-logger-api\3.0.0-M4\surefire-logger-api-3.0.0-M4.jar;C:\Users\adoba\.m2\repository\org\apache\maven\surefire\surefire-extensions-api\3.0.0-M4\surefire-extensions-api-3.0.0-M4.jar;C:\Users\adoba\.m2\repository\org\apache\maven\surefire\surefire-booter\3.0.0-M4\surefire-booter-3.0.0-M4.jar;C:\Users\adoba\.m2\repository\org\apache\maven\maven-toolchain\3.0-alpha-2\maven-toolchain-3.0-alpha-2.jar;C:\Users\adoba\.m2\repository\org\apache\maven\shared\maven-artifact-transfer\0.11.0\maven-artifact-transfer-0.11.0.jar;C:\Users\adoba\.m2\repository\org\apache\maven\shared\maven-common-artifact-filters\3.0.1\maven-common-artifact-filters-3.0.1.jar;C:\Users\adoba\.m2\repository\org\apache\maven\shared\maven-shared-utils\3.1.0\maven-shared-utils-3.1.0.jar;C:\Users\adoba\.m2\repository\commons-io\commons-io\2.5\commons-io-2.5.jar;C:\Users\adoba\.m2\repository\commons-codec\commons-codec\1.11\commons-codec-1.11.jar;C:\Users\adoba\.m2\repository\org\codehaus\plexus\plexus-java\1.0.3\plexus-java-1.0.3.jar;C:\Users\adoba\.m2\repository\com\thoughtworks\qdox\qdox\2.0-M9\qdox-2.0-M9.jar;C:\Users\adoba\.m2\repository\org\jacoco\jacoco-maven-plugin\0.8.5\jacoco-maven-plugin-0.8.5.jar;C:\Users\adoba\.m2\repository\org\apache\maven\maven-plugin-api\3.0\maven-plugin-api-3.0.jar;C:\Users\adoba\.m2\repository\org\apache\maven\maven-model\3.0\maven-model-3.0.jar;C:\Users\adoba\.m2\repository\org\apache\maven\maven-artifact\3.0\maven-artifact-3.0.jar;C:\Users\adoba\.m2\repository\org\sonatype\sisu\sisu-inject-plexus\1.4.2\sisu-inject-plexus-1.4.2.jar;C:\Users\adoba\.m2\repository\org\sonatype\sisu\sisu-inject-bean\1.4.2\sisu-inject-bean-1.4.2.jar;C:\Users\adoba\.m2\repository\org\sonatype\sisu\sisu-guice\2.1.7\sisu-guice-2.1.7-noaop.jar;C:\Users\adoba\.m2\repository\org\apache\maven\maven-core\3.0\maven-core-3.0.jar;C:\Users\adoba\.m2\repository\org\apache\maven\maven-settings\3.0\maven-settings-3.0.jar;C:\Users\adoba\.m2\repository\org\apache\maven\maven-settings-builder\3.0\maven-settings-builder-3.0.jar;C:\Users\adoba\.m2\repository\org\apache\maven\maven-repository-metadata\3.0\maven-repository-metadata-3.0.jar;C:\Users\adoba\.m2\repository\org\apache\maven\maven-model-builder\3.0\maven-model-builder-3.0.jar;C:\Users\adoba\.m2\repository\org\apache\maven\maven-aether-provider\3.0\maven-aether-provider-3.0.jar;C:\Users\adoba\.m2\repository\org\sonatype\aether\aether-impl\1.7\aether-impl-1.7.jar;C:\Users\adoba\.m2\repository\org\sonatype\aether\aether-spi\1.7\aether-spi-1.7.jar;C:\Users\adoba\.m2\repository\org\sonatype\aether\aether-api\1.7\aether-api-1.7.jar;C:\Users\adoba\.m2\repository\org\sonatype\aether\aether-util\1.7\aether-util-1.7.jar;C:\Users\adoba\.m2\repository\org\codehaus\plexus\plexus-interpolation\1.14\plexus-interpolation-1.14.jar;C:\Users\adoba\.m2\repository\org\codehaus\plexus\plexus-classworlds\2.2.3\plexus-classworlds-2.2.3.jar;C:\Users\adoba\.m2\repository\org\codehaus\plexus\plexus-component-annotations\1.5.5\plexus-component-annotations-1.5.5.jar;C:\Users\adoba\.m2\repository\org\sonatype\plexus\plexus-sec-dispatcher\1.3\plexus-sec-dispatcher-1.3.jar;C:\Users\adoba\.m2\repository\org\sonatype\plexus\plexus-cipher\1.4\plexus-cipher-1.4.jar;C:\Users\adoba\.m2\repository\org\codehaus\plexus\plexus-utils\3.0.22\plexus-utils-3.0.22.jar;C:\Users\adoba\.m2\repository\org\apache\maven\shared\file-management\1.2.1\file-management-1.2.1.jar;C:\Users\adoba\.m2\repository\org\apache\maven\shared\maven-shared-io\1.1\maven-shared-io-1.1.jar;C:\Users\adoba\.m2\repository\org\apache\maven\maven-artifact-manager\2.0.2\maven-artifact-manager-2.0.2.jar;C:\Users\adoba\.m2\repository\org\apache\maven\wagon\wagon-provider-api\1.0-alpha-6\wagon-provider-api-1.0-alpha-6.jar;C:\Users\adoba\.m2\repository\org\codehaus\plexus\plexus-container-default\1.0-alpha-9\plexus-container-default-1.0-alpha-9.jar;C:\Users\adoba\.m2\repository\classworlds\classworlds\1.1-alpha-2\classworlds-1.1-alpha-2.jar;C:\Users\adoba\.m2\repository\org\apache\maven\reporting\maven-reporting-api\3.0\maven-reporting-api-3.0.jar;C:\Users\adoba\.m2\repository\org\apache\maven\doxia\doxia-sink-api\1.0\doxia-sink-api-1.0.jar;C:\Users\adoba\.m2\repository\org\apache\maven\reporting\maven-reporting-impl\2.1\maven-reporting-impl-2.1.jar;C:\Users\adoba\.m2\repository\org\apache\maven\maven-project\2.0.10\maven-project-2.0.10.jar;C:\Users\adoba\.m2\repository\org\apache\maven\maven-profile\2.0.10\maven-profile-2.0.10.jar;C:\Users\adoba\.m2\repository\org\apache\maven\maven-plugin-registry\2.0.10\maven-plugin-registry-2.0.10.jar;C:\Users\adoba\.m2\repository\org\apache\maven\doxia\doxia-core\1.1.2\doxia-core-1.1.2.jar;C:\Users\adoba\.m2\repository\org\apache\maven\doxia\doxia-logging-api\1.1.2\doxia-logging-api-1.1.2.jar;C:\Users\adoba\.m2\repository\xerces\xercesImpl\2.8.1\xercesImpl-2.8.1.jar;C:\Users\adoba\.m2\repository\commons-lang\commons-lang\2.4\commons-lang-2.4.jar;C:\Users\adoba\.m2\repository\commons-httpclient\commons-httpclient\3.1\commons-httpclient-3.1.jar;C:\Users\adoba\.m2\repository\org\apache\maven\doxia\doxia-site-renderer\1.1.2\doxia-site-renderer-1.1.2.jar;C:\Users\adoba\.m2\repository\org\apache\maven\doxia\doxia-decoration-model\1.1.2\doxia-decoration-model-1.1.2.jar;C:\Users\adoba\.m2\repository\org\apache\maven\doxia\doxia-module-xhtml\1.1.2\doxia-module-xhtml-1.1.2.jar;C:\Users\adoba\.m2\repository\org\apache\maven\doxia\doxia-module-fml\1.1.2\doxia-module-fml-1.1.2.jar;C:\Users\adoba\.m2\repository\org\codehaus\plexus\plexus-i18n\1.0-beta-7\plexus-i18n-1.0-beta-7.jar;C:\Users\adoba\.m2\repository\org\codehaus\plexus\plexus-velocity\1.1.7\plexus-velocity-1.1.7.jar;C:\Users\adoba\.m2\repository\org\apache\velocity\velocity\1.5\velocity-1.5.jar;C:\Users\adoba\.m2\repository\commons-collections\commons-collections\3.2\commons-collections-3.2.jar;C:\Users\adoba\.m2\repository\commons-validator\commons-validator\1.2.0\commons-validator-1.2.0.jar;C:\Users\adoba\.m2\repository\commons-beanutils\commons-beanutils\1.7.0\commons-beanutils-1.7.0.jar;C:\Users\adoba\.m2\repository\commons-digester\commons-digester\1.6\commons-digester-1.6.jar;C:\Users\adoba\.m2\repository\commons-logging\commons-logging\1.0.4\commons-logging-1.0.4.jar;C:\Users\adoba\.m2\repository\oro\oro\2.0.8\oro-2.0.8.jar;C:\Users\adoba\.m2\repository\xml-apis\xml-apis\1.4.01\xml-apis-1.4.01.jar;C:\Users\adoba\.m2\repository\org\jacoco\org.jacoco.agent\0.8.5\org.jacoco.agent-0.8.5-runtime.jar;C:\Users\adoba\.m2\repository\org\jacoco\org.jacoco.core\0.8.5\org.jacoco.core-0.8.5.jar;C:\Users\adoba\.m2\repository\org\ow2\asm\asm\7.2\asm-7.2.jar;C:\Users\adoba\.m2\repository\org\ow2\asm\asm-commons\7.2\asm-commons-7.2.jar;C:\Users\adoba\.m2\repository\org\ow2\asm\asm-analysis\7.2\asm-analysis-7.2.jar;C:\Users\adoba\.m2\repository\org\ow2\asm\asm-tree\7.2\asm-tree-7.2.jar;C:\Users\adoba\.m2\repository\org\jacoco\org.jacoco.report\0.8.5\org.jacoco.report-0.8.5.jar;, user.name=adoba, java.vm.specification.version=1.8, sun.java.command=C:\Users\adoba\AppData\Local\Temp\surefire6191266030503073023\surefirebooter5012710993884844240.jar C:\Users\adoba\AppData\Local\Temp\surefire6191266030503073023 2021-01-27T20-54-18_204-jvmRun1 surefire9214725013296050992tmp surefire_08824165713999797038tmp, java.home=C:\Program Files\Java\jdk1.8.0_261\jre, sun.arch.data.model=64, user.language=fr, java.specification.vendor=Oracle Corporation, awt.toolkit=sun.awt.windows.WToolkit, java.vm.info=mixed mode, java.version=1.8.0_261, java.ext.dirs=C:\Program Files\Java\jdk1.8.0_261\jre\lib\ext;C:\WINDOWS\Sun\Java\lib\ext, sun.boot.class.path=C:\Program Files\Java\jdk1.8.0_261\jre\lib\resources.jar;C:\Program Files\Java\jdk1.8.0_261\jre\lib\rt.jar;C:\Program Files\Java\jdk1.8.0_261\jre\lib\sunrsasign.jar;C:\Program Files\Java\jdk1.8.0_261\jre\lib\jsse.jar;C:\Program Files\Java\jdk1.8.0_261\jre\lib\jce.jar;C:\Program Files\Java\jdk1.8.0_261\jre\lib\charsets.jar;C:\Program Files\Java\jdk1.8.0_261\jre\lib\jfr.jar;C:\Program Files\Java\jdk1.8.0_261\jre\classes, java.vendor=Oracle Corporation, localRepository=C:\Users\adoba\.m2\repository, file.separator=\, java.vendor.url.bug=http://bugreport.sun.com/bugreport/, sun.io.unicode.encoding=UnicodeLittle, sun.cpu.endian=little, sun.desktop=windows, sun.cpu.isalist=amd64}}, SystemEnvironmentPropertySource@347572726 {name='systemEnvironment', properties={CONEMUDRIVE=C:, PATH=C:\cmder\vendor\bin;C:\cmder\vendor\git-for-windows\cmd;C:\cmder\vendor\conemu-maximus5\ConEmu\Scripts;C:\cmder\vendor\conemu-maximus5;C:\cmder\vendor\conemu-maximus5\ConEmu;C:\WINDOWS\system32;C:\WINDOWS;C:\WINDOWS\System32\Wbem;C:\WINDOWS\System32\WindowsPowerShell\v1.0\;C:\WINDOWS\System32\OpenSSH\;C:\Program Files\Git\cmd;C:\Program Files\nodejs\;C:\ProgramData\ComposerSetup\bin;C:\Program Files\Symfony;C:\apache-maven-3.6.3\bin;C:\Program Files\Java\jdk1.8.0_261\bin;C:\Program Files\Java\jdk1.8.0_261;C:\Program Files\MySQL\MySQL Shell 8.0\bin\;C:\Users\adoba\AppData\Local\Microsoft\WindowsApps;C:\Users\adoba\AppData\Local\Programs\Microsoft VS Code\bin;C:\Users\adoba\AppData\Roaming\npm;C:\xampp\php;C:\Users\adoba\AppData\Roaming\Composer\vendor\bin;C:\Program Files\Java\jdk1.8.0_261;C:\Program Files\Java\jdk1.8.0_261\bin;C:\cmder\vendor\git-for-windows\mingw64\bin;C:\cmder\vendor\git-for-windows\usr\bin;C:\cmder, CONEMUBUILD=191012, MAX_DEPTH=1, SESSIONNAME=Console, ALLUSERSPROFILE=C:\ProgramData, GIT_INSTALL_ROOT=C:\cmder\vendor\git-for-windows, USER_PATCH=1, CONEMUHOOKS=Enabled, LIB_BASE=call "C:\cmder\vendor\lib\lib_base.cmd", PROGRAMFILES=C:\Program Files, VENDORED_PATCH=0, CONEMUCFGDIR=C:\cmder\vendor\conemu-maximus5, PSMODULEPATH=C:\Program Files\WindowsPowerShell\Modules;C:\WINDOWS\system32\WindowsPowerShell\v1.0\Modules, USERNAME=adoba, OLD_PATH=C:\cmder\vendor\bin;C:\cmder\vendor\git-for-windows\cmd;C:\cmder\vendor\conemu-maximus5\ConEmu\Scripts;C:\cmder\vendor\conemu-maximus5;C:\cmder\vendor\conemu-maximus5\ConEmu;C:\WINDOWS\system32;C:\WINDOWS;C:\WINDOWS\System32\Wbem;C:\WINDOWS\System32\WindowsPowerShell\v1.0\;C:\WINDOWS\System32\OpenSSH\;C:\Program Files\Git\cmd;C:\Program Files\nodejs\;C:\ProgramData\ComposerSetup\bin;C:\Program Files\Symfony;C:\apache-maven-3.6.3\bin;C:\Program Files\Java\jdk1.8.0_261\bin;C:\Program Files\Java\jdk1.8.0_261;C:\Program Files\MySQL\MySQL Shell 8.0\bin\;C:\Users\adoba\AppData\Local\Microsoft\WindowsApps;C:\Users\adoba\AppData\Local\Programs\Microsoft VS Code\bin;C:\Users\adoba\AppData\Roaming\npm;C:\xampp\php;C:\Users\adoba\AppData\Roaming\Composer\vendor\bin;C:\Program Files\Java\jdk1.8.0_261;C:\Program Files\Java\jdk1.8.0_261\bin;C:\cmder\vendor\git-for-windows\mingw64\bin;C:\cmder\vendor\git-for-windows\usr\bin, CMDER_ROOT=C:\cmder, CONEMUDRAWHWND=0x00020020, PATHEXT=.COM;.EXE;.BAT;.CMD;.VBS;.VBE;.JS;.JSE;.WSF;.WSH;.MSC, SVN_SSH=C:\\cmder\\vendor\\git-for-windows\\bin\\ssh.exe, CONEMUTASK={cmd::Cmder}, CONEMUDIR=C:\cmder\vendor\conemu-maximus5, CONEMUPID=9544, FAST_INIT=0, VERBOSE_OUTPUT=0, USER_BUILD=windows.2, HOMEPATH=\Users\adoba, PROCESSOR_IDENTIFIER=Intel64 Family 6 Model 61 Stepping 4, GenuineIntel, PUBLIC=C:\Users\Public, =::=::\, =EXITCODE=00000001, LIB_PATH=call "C:\cmder\vendor\lib\lib_path.cmd", CLINK_ARCHITECTURE=x64, CMDER_SHELL=cmd, TIME_INIT=0, JAVA_HOME=C:\Program Files\Java\jdk1.8.0_261, PROMPT=C&amp#8;L&amp#8;I&amp#8;N&amp#8;K&amp#8; &amp#8;$P$G, ARCHITECTURE_BITS=64, PROGRAMFILES(X86)=C:\Program Files (x86), TERM=cygwin, =C:=C:\Users\adoba\eclipse-workspace\JavaDA_PROJECT7_RESTAPI\Poseiden-skeleton, APPDATA=C:\Users\adoba\AppData\Roaming, CONEMUARGS=/Icon "C:\cmder\icons\cmder.ico" /Title Cmder, CONEMUBACKHWND=0x000200E6, PATH_POSITION=append, USER_MAJOR=2, USER_MINOR=24, LIB_GIT=call "C:\cmder\vendor\lib\lib_git.cmd", COMPUTERNAME=DESKTOP-1N3M7NR, MAVEN_PROJECTBASEDIR=C:\Users\adoba\eclipse-workspace\JavaDA_PROJECT7_RESTAPI\Poseiden-skeleton, GIT_VERSION_USER=2.24.1.windows.2, CLASSWORLDS_LAUNCHER=org.codehaus.plexus.classworlds.launcher.Launcher, HOMEDRIVE=C:, CONEMUBASEDIR=C:\cmder\vendor\conemu-maximus5\ConEmu, NUMBER_OF_PROCESSORS=4, CONEMUWORKDRIVE=C:, JVMCONFIG=\.mvn\jvm.config, ANSICON=168x1000 (168x41), DEPTH=1, USERDOMAIN_ROAMINGPROFILE=DESKTOP-1N3M7NR, CMDER_CONFIGURED=1, PROCESSOR_LEVEL=6, SYSTEMDRIVE=C:, CEXEC=^"C:\cmder\vendor\bin\cexec.cmd", PROCESSOR_ARCHITECTURE=AMD64, DEBUG_OUTPUT=0, DRIVERDATA=C:\Windows\System32\Drivers\DriverData, MAVEN_HOME=C:\apache-maven-3.6.3\bin\.., ALIASES=C:\cmder\config\user_aliases.cmd, PROGRAMDATA=C:\ProgramData, FOUND=1, ADD_PATH=C:\cmder, WDIR=C:\, ADD_TO_PATH=C:\cmder, ONEDRIVE=C:\Users\adoba\OneDrive, VENDORED_MINOR=28, CMDER_USER_FLAGS= , CONEMUANSILOG=, CONEMUHWND=0x000502B6, ONEDRIVECONSUMER=C:\Users\adoba\OneDrive, CLASSWORLDS_JAR="C:\apache-maven-3.6.3\bin\..\boot\plexus-classworlds-2.6.0.jar", WINDIR=C:\WINDOWS, CONEMUSERVERPID=4140, FIND_QUERY=C:\\cmder, ANSICON_DEF=7, CMDER_CLINK=1, GIT_VERSION_VENDORED=2.28.0.windows.1, LOCALAPPDATA=C:\Users\adoba\AppData\Local, COMMONPROGRAMFILES(X86)=C:\Program Files (x86)\Common Files, CMDER_INIT_START=17:07:44,37, USERDOMAIN=DESKTOP-1N3M7NR, LOGONSERVER=\\DESKTOP-1N3M7NR, PLINK_PROTOCOL=ssh, LIB_PROFILE=call "C:\cmder\vendor\lib\lib_profile.cmd", SONAR_TOKEN=ccf09af7260053b1ba3180b338d73cdbf6be2e7e, LANG=fr_FR.UTF-8, ERROR_CODE=0, EXEC_DIR=C:\Users\adoba\eclipse-workspace\JavaDA_PROJECT7_RESTAPI\Poseiden-skeleton, LIB_CONSOLE=call "C:\cmder\vendor\lib\lib_console.cmd", PROGRAMW6432=C:\Program Files, SYSTEMROOT=C:\WINDOWS, VENDORED_MAJOR=2, GIT_LOCALE="C:\cmder\vendor\git-for-windows\usr\bin\locale.exe", USER_ALIASES=C:\cmder\config\user_aliases.cmd, FEFLAGNAME= , MAVEN_CMD_LINE_ARGS=test, VBOX_MSI_INSTALL_PATH=C:\Program Files\Oracle\VirtualBox\, CONEMUARGS2=, GIT_EXECUTABLE=C:\Program Files\Git\cmd\git.exe, OS=Windows_NT, COMMONPROGRAMW6432=C:\Program Files\Common Files, COMMONPROGRAMFILES=C:\Program Files\Common Files, COMSPEC=C:\WINDOWS\system32\cmd.exe, CMDER_INIT_END=17:07:52,65, JAVACMD=C:\Program Files\Java\jdk1.8.0_261\bin\java.exe, NIX_TOOLS=1, PROCESSOR_REVISION=3d04, CONEMUPALETTE=Monokai, CCALL=call ^"C:\cmder\vendor\bin\cexec.cmd", CMDER_ALIASES=1, CONEMUCONFIG=, VENDORED_BUILD=windows.1, CONEMUWORKDIR=C:\cmder, TEMP=C:\Users\adoba\AppData\Local\Temp, USERPROFILE=C:\Users\adoba, CONEMUBASEDIRSHORT=C:\cmder\vendor\conemu-maximus5\ConEmu, TMP=C:\Users\adoba\AppData\Local\Temp, CONEMUANSI=ON, HOME=C:\Users\adoba}}]
20:54:22.350 [main] DEBUG org.springframework.core.io.support.PathMatchingResourcePatternResolver - Resolved classpath location [com/nnk/springboot/] to resources [URL [file:/C:/Users/adoba/eclipse-workspace/JavaDA_PROJECT7_RESTAPI/Poseiden-skeleton/target/test-classes/com/nnk/springboot/], URL [file:/C:/Users/adoba/eclipse-workspace/JavaDA_PROJECT7_RESTAPI/Poseiden-skeleton/target/classes/com/nnk/springboot/]]
20:54:22.352 [main] DEBUG org.springframework.core.io.support.PathMatchingResourcePatternResolver - Looking for matching resources in directory tree [C:\Users\adoba\eclipse-workspace\JavaDA_PROJECT7_RESTAPI\Poseiden-skeleton\target\test-classes\com\nnk\springboot]
20:54:22.353 [main] DEBUG org.springframework.core.io.support.PathMatchingResourcePatternResolver - Searching directory [C:\Users\adoba\eclipse-workspace\JavaDA_PROJECT7_RESTAPI\Poseiden-skeleton\target\test-classes\com\nnk\springboot] for files matching pattern [C:/Users/adoba/eclipse-workspace/JavaDA_PROJECT7_RESTAPI/Poseiden-skeleton/target/test-classes/com/nnk/springboot/*.class]
20:54:22.367 [main] DEBUG org.springframework.core.io.support.PathMatchingResourcePatternResolver - Looking for matching resources in directory tree [C:\Users\adoba\eclipse-workspace\JavaDA_PROJECT7_RESTAPI\Poseiden-skeleton\target\classes\com\nnk\springboot]
20:54:22.368 [main] DEBUG org.springframework.core.io.support.PathMatchingResourcePatternResolver - Searching directory [C:\Users\adoba\eclipse-workspace\JavaDA_PROJECT7_RESTAPI\Poseiden-skeleton\target\classes\com\nnk\springboot] for files matching pattern [C:/Users/adoba/eclipse-workspace/JavaDA_PROJECT7_RESTAPI/Poseiden-skeleton/target/classes/com/nnk/springboot/*.class]
20:54:22.386 [main] DEBUG org.springframework.core.io.support.PathMatchingResourcePatternResolver - Resolved location pattern [classpath*:com/nnk/springboot/*.class] to resources [file [C:\Users\adoba\eclipse-workspace\JavaDA_PROJECT7_RESTAPI\Poseiden-skeleton\target\test-classes\com\nnk\springboot\BidTests.class], file [C:\Users\adoba\eclipse-workspace\JavaDA_PROJECT7_RESTAPI\Poseiden-skeleton\target\test-classes\com\nnk\springboot\CurvePointTests.class], file [C:\Users\adoba\eclipse-workspace\JavaDA_PROJECT7_RESTAPI\Poseiden-skeleton\target\test-classes\com\nnk\springboot\PasswordEncodeTest.class], file [C:\Users\adoba\eclipse-workspace\JavaDA_PROJECT7_RESTAPI\Poseiden-skeleton\target\test-classes\com\nnk\springboot\RatingTests.class], file [C:\Users\adoba\eclipse-workspace\JavaDA_PROJECT7_RESTAPI\Poseiden-skeleton\target\test-classes\com\nnk\springboot\RuleTests.class], file [C:\Users\adoba\eclipse-workspace\JavaDA_PROJECT7_RESTAPI\Poseiden-skeleton\target\test-classes\com\nnk\springboot\TradeTests.class], file [C:\Users\adoba\eclipse-workspace\JavaDA_PROJECT7_RESTAPI\Poseiden-skeleton\target\test-classes\com\nnk\springboot\UserTest.class], file [C:\Users\adoba\eclipse-workspace\JavaDA_PROJECT7_RESTAPI\Poseiden-skeleton\target\test-classes\com\nnk\springboot\ValidatorTest.class], file [C:\Users\adoba\eclipse-workspace\JavaDA_PROJECT7_RESTAPI\Poseiden-skeleton\target\classes\com\nnk\springboot\Application.class]]
20:54:22.764 [main] DEBUG org.springframework.context.annotation.ClassPathScanningCandidateComponentProvider - Identified candidate component class: file [C:\Users\adoba\eclipse-workspace\JavaDA_PROJECT7_RESTAPI\Poseiden-skeleton\target\classes\com\nnk\springboot\Application.class]
20:54:22.767 [main] INFO org.springframework.boot.test.context.SpringBootTestContextBootstrapper - Found @SpringBootConfiguration com.nnk.springboot.Application for test class com.nnk.springboot.BidTests
20:54:23.353 [main] DEBUG org.springframework.boot.test.context.SpringBootTestContextBootstrapper - @TestExecutionListeners is not present for class [com.nnk.springboot.BidTests]: using defaults.
20:54:23.355 [main] INFO org.springframework.boot.test.context.SpringBootTestContextBootstrapper - Loaded default TestExecutionListener class names from location [META-INF/spring.factories]: [org.springframework.boot.test.mock.mockito.MockitoTestExecutionListener, org.springframework.boot.test.mock.mockito.ResetMocksTestExecutionListener, org.springframework.boot.test.autoconfigure.restdocs.RestDocsTestExecutionListener, org.springframework.boot.test.autoconfigure.web.client.MockRestServiceServerResetTestExecutionListener, org.springframework.boot.test.autoconfigure.web.servlet.MockMvcPrintOnlyOnFailureTestExecutionListener, org.springframework.boot.test.autoconfigure.web.servlet.WebDriverTestExecutionListener, org.springframework.test.context.web.ServletTestExecutionListener, org.springframework.test.context.support.DirtiesContextBeforeModesTestExecutionListener, org.springframework.test.context.support.DependencyInjectionTestExecutionListener, org.springframework.test.context.support.DirtiesContextTestExecutionListener, org.springframework.test.context.transaction.TransactionalTestExecutionListener, org.springframework.test.context.jdbc.SqlScriptsTestExecutionListener]
20:54:23.450 [main] INFO org.springframework.boot.test.context.SpringBootTestContextBootstrapper - Using TestExecutionListeners: [org.springframework.test.context.web.ServletTestExecutionListener@698d6d30, org.springframework.test.context.support.DirtiesContextBeforeModesTestExecutionListener@78065fcd, org.springframework.boot.test.mock.mockito.MockitoTestExecutionListener@3407aa4f, org.springframework.boot.test.autoconfigure.SpringBootDependencyInjectionTestExecutionListener@51ed2f68, org.springframework.test.context.support.DirtiesContextTestExecutionListener@538b3c88, org.springframework.test.context.transaction.TransactionalTestExecutionListener@19b9f903, org.springframework.test.context.jdbc.SqlScriptsTestExecutionListener@10e56da9, org.springframework.boot.test.mock.mockito.ResetMocksTestExecutionListener@28cb86b2, org.springframework.boot.test.autoconfigure.restdocs.RestDocsTestExecutionListener@22ae905f, org.springframework.boot.test.autoconfigure.web.client.MockRestServiceServerResetTestExecutionListener@748904e8, org.springframework.boot.test.autoconfigure.web.servlet.MockMvcPrintOnlyOnFailureTestExecutionListener@4fbaa7f5, org.springframework.boot.test.autoconfigure.web.servlet.WebDriverTestExecutionListener@3b3056a6]
20:54:23.458 [main] DEBUG org.springframework.test.annotation.ProfileValueUtils - Retrieved @ProfileValueSourceConfiguration [null] for test class [com.nnk.springboot.BidTests]
20:54:23.460 [main] DEBUG org.springframework.test.annotation.ProfileValueUtils - Retrieved ProfileValueSource type [class org.springframework.test.annotation.SystemProfileValueSource] for class [com.nnk.springboot.BidTests]
20:54:23.469 [main] DEBUG org.springframework.test.annotation.ProfileValueUtils - Retrieved @ProfileValueSourceConfiguration [null] for test class [com.nnk.springboot.BidTests]
20:54:23.470 [main] DEBUG org.springframework.test.annotation.ProfileValueUtils - Retrieved ProfileValueSource type [class org.springframework.test.annotation.SystemProfileValueSource] for class [com.nnk.springboot.BidTests]
20:54:23.471 [main] DEBUG org.springframework.test.annotation.ProfileValueUtils - Retrieved @ProfileValueSourceConfiguration [null] for test class [com.nnk.springboot.BidTests]
20:54:23.472 [main] DEBUG org.springframework.test.annotation.ProfileValueUtils - Retrieved ProfileValueSource type [class org.springframework.test.annotation.SystemProfileValueSource] for class [com.nnk.springboot.BidTests]
20:54:23.491 [main] DEBUG org.springframework.test.context.support.AbstractDirtiesContextTestExecutionListener - Before test class: context [DefaultTestContext@3302035b testClass = BidTests, testInstance = [null], testMethod = [null], testException = [null], mergedContextConfiguration = [WebMergedContextConfiguration@6c5747db testClass = BidTests, locations = '{}', classes = '{class com.nnk.springboot.Application}', contextInitializerClasses = '[]', activeProfiles = '{}', propertySourceLocations = '{}', propertySourceProperties = '{org.springframework.boot.test.context.SpringBootTestContextBootstrapper=true}', contextCustomizers = set[org.springframework.boot.test.context.filter.ExcludeFilterContextCustomizer@11b377c5, org.springframework.boot.test.json.DuplicateJsonObjectContextCustomizerFactory$DuplicateJsonObjectContextCustomizer@763cf5b9, org.springframework.boot.test.mock.mockito.MockitoContextCustomizer@0, org.springframework.boot.test.web.client.TestRestTemplateContextCustomizer@6c518474, org.springframework.boot.test.autoconfigure.properties.PropertyMappingContextCustomizer@0, org.springframework.boot.test.autoconfigure.web.servlet.WebDriverContextCustomizerFactory$Customizer@56913163], resourceBasePath = 'src/main/webapp', contextLoader = 'org.springframework.boot.test.context.SpringBootContextLoader', parent = [null]], attributes = map['org.springframework.test.context.web.ServletTestExecutionListener.activateListener' -> true]], class annotated with @DirtiesContext [false] with mode [null].
20:54:23.493 [main] DEBUG org.springframework.test.annotation.ProfileValueUtils - Retrieved @ProfileValueSourceConfiguration [null] for test class [com.nnk.springboot.BidTests]
20:54:23.493 [main] DEBUG org.springframework.test.annotation.ProfileValueUtils - Retrieved ProfileValueSource type [class org.springframework.test.annotation.SystemProfileValueSource] for class [com.nnk.springboot.BidTests]
20:54:23.611 [main] DEBUG org.springframework.core.env.StandardEnvironment - Adding PropertySource 'systemProperties' with lowest search precedence
20:54:23.611 [main] DEBUG org.springframework.core.env.StandardEnvironment - Adding PropertySource 'systemEnvironment' with lowest search precedence
20:54:23.612 [main] DEBUG org.springframework.core.env.StandardEnvironment - Initialized StandardEnvironment with PropertySources [MapPropertySource@103788407 {name='systemProperties', properties={java.runtime.name=Java(TM) SE Runtime Environment, sun.boot.library.path=C:\Program Files\Java\jdk1.8.0_261\jre\bin, java.vm.version=25.261-b12, java.vm.vendor=Oracle Corporation, java.vendor.url=http://java.oracle.com/, path.separator=;, java.vm.name=Java HotSpot(TM) 64-Bit Server VM, file.encoding.pkg=sun.io, user.country=FR, user.script=, sun.java.launcher=SUN_STANDARD, sun.os.patch.level=, java.vm.specification.name=Java Virtual Machine Specification, user.dir=C:\Users\adoba\eclipse-workspace\JavaDA_PROJECT7_RESTAPI\Poseiden-skeleton, java.runtime.version=1.8.0_261-b12, basedir=C:\Users\adoba\eclipse-workspace\JavaDA_PROJECT7_RESTAPI\Poseiden-skeleton, java.awt.graphicsenv=sun.awt.Win32GraphicsEnvironment, java.endorsed.dirs=C:\Program Files\Java\jdk1.8.0_261\jre\lib\endorsed, os.arch=amd64, surefire.real.class.path=C:\Users\adoba\AppData\Local\Temp\surefire6191266030503073023\surefirebooter5012710993884844240.jar;C:\\Users\\adoba\\.m2\\repository\\org\\jacoco\\org.jacoco.agent\\0.8.5\\org.jacoco.agent-0.8.5-runtime.jar, java.io.tmpdir=C:\Users\adoba\AppData\Local\Temp\, line.separator=
, java.vm.specification.vendor=Oracle Corporation, user.variant=, os.name=Windows 10, sun.jnu.encoding=Cp1252, java.library.path=C:\Program Files\Java\jdk1.8.0_261\jre\bin;C:\WINDOWS\Sun\Java\bin;C:\WINDOWS\system32;C:\WINDOWS;C:\cmder\vendor\bin;C:\cmder\vendor\git-for-windows\cmd;C:\cmder\vendor\conemu-maximus5\ConEmu\Scripts;C:\cmder\vendor\conemu-maximus5;C:\cmder\vendor\conemu-maximus5\ConEmu;C:\WINDOWS\system32;C:\WINDOWS;C:\WINDOWS\System32\Wbem;C:\WINDOWS\System32\WindowsPowerShell\v1.0\;C:\WINDOWS\System32\OpenSSH\;C:\Program Files\Git\cmd;C:\Program Files\nodejs\;C:\ProgramData\ComposerSetup\bin;C:\Program Files\Symfony;C:\apache-maven-3.6.3\bin;C:\Program Files\Java\jdk1.8.0_261\bin;C:\Program Files\Java\jdk1.8.0_261;C:\Program Files\MySQL\MySQL Shell 8.0\bin\;C:\Users\adoba\AppData\Local\Microsoft\WindowsApps;C:\Users\adoba\AppData\Local\Programs\Microsoft VS Code\bin;C:\Users\adoba\AppData\Roaming\npm;C:\xampp\php;C:\Users\adoba\AppData\Roaming\Composer\vendor\bin;C:\Program Files\Java\jdk1.8.0_261;C:\Program Files\Java\jdk1.8.0_261\bin;C:\cmder\vendor\git-for-windows\mingw64\bin;C:\cmder\vendor\git-for-windows\usr\bin;C:\cmder;., surefire.test.class.path=C:\Users\adoba\eclipse-workspace\JavaDA_PROJECT7_RESTAPI\Poseiden-skeleton\target\test-classes;C:\Users\adoba\eclipse-workspace\JavaDA_PROJECT7_RESTAPI\Poseiden-skeleton\target\classes;C:\Users\adoba\.m2\repository\org\springframework\boot\spring-boot-starter-test\2.0.4.RELEASE\spring-boot-starter-test-2.0.4.RELEASE.jar;C:\Users\adoba\.m2\repository\org\springframework\boot\spring-boot-starter\2.0.4.RELEASE\spring-boot-starter-2.0.4.RELEASE.jar;C:\Users\adoba\.m2\repository\org\springframework\boot\spring-boot-starter-logging\2.0.4.RELEASE\spring-boot-starter-logging-2.0.4.RELEASE.jar;C:\Users\adoba\.m2\repository\ch\qos\logback\logback-classic\1.2.3\logback-classic-1.2.3.jar;C:\Users\adoba\.m2\repository\ch\qos\logback\logback-core\1.2.3\logback-core-1.2.3.jar;C:\Users\adoba\.m2\repository\org\apache\logging\log4j\log4j-to-slf4j\2.10.0\log4j-to-slf4j-2.10.0.jar;C:\Users\adoba\.m2\repository\org\apache\logging\log4j\log4j-api\2.10.0\log4j-api-2.10.0.jar;C:\Users\adoba\.m2\repository\org\slf4j\jul-to-slf4j\1.7.25\jul-to-slf4j-1.7.25.jar;C:\Users\adoba\.m2\repository\javax\annotation\javax.annotation-api\1.3.2\javax.annotation-api-1.3.2.jar;C:\Users\adoba\.m2\repository\org\yaml\snakeyaml\1.19\snakeyaml-1.19.jar;C:\Users\adoba\.m2\repository\org\springframework\boot\spring-boot-test\2.0.4.RELEASE\spring-boot-test-2.0.4.RELEASE.jar;C:\Users\adoba\.m2\repository\org\springframework\boot\spring-boot-test-autoconfigure\2.0.4.RELEASE\spring-boot-test-autoconfigure-2.0.4.RELEASE.jar;C:\Users\adoba\.m2\repository\com\jayway\jsonpath\json-path\2.4.0\json-path-2.4.0.jar;C:\Users\adoba\.m2\repository\net\minidev\json-smart\2.3\json-smart-2.3.jar;C:\Users\adoba\.m2\repository\net\minidev\accessors-smart\1.2\accessors-smart-1.2.jar;C:\Users\adoba\.m2\repository\org\slf4j\slf4j-api\1.7.25\slf4j-api-1.7.25.jar;C:\Users\adoba\.m2\repository\junit\junit\4.12\junit-4.12.jar;C:\Users\adoba\.m2\repository\org\assertj\assertj-core\3.9.1\assertj-core-3.9.1.jar;C:\Users\adoba\.m2\repository\org\mockito\mockito-core\2.15.0\mockito-core-2.15.0.jar;C:\Users\adoba\.m2\repository\net\bytebuddy\byte-buddy\1.7.11\byte-buddy-1.7.11.jar;C:\Users\adoba\.m2\repository\net\bytebuddy\byte-buddy-agent\1.7.11\byte-buddy-agent-1.7.11.jar;C:\Users\adoba\.m2\repository\org\objenesis\objenesis\2.6\objenesis-2.6.jar;C:\Users\adoba\.m2\repository\org\hamcrest\hamcrest-core\1.3\hamcrest-core-1.3.jar;C:\Users\adoba\.m2\repository\org\hamcrest\hamcrest-library\1.3\hamcrest-library-1.3.jar;C:\Users\adoba\.m2\repository\org\skyscreamer\jsonassert\1.5.0\jsonassert-1.5.0.jar;C:\Users\adoba\.m2\repository\com\vaadin\external\google\android-json\0.0.20131108.vaadin1\android-json-0.0.20131108.vaadin1.jar;C:\Users\adoba\.m2\repository\org\springframework\spring-core\5.0.8.RELEASE\spring-core-5.0.8.RELEASE.jar;C:\Users\adoba\.m2\repository\org\springframework\spring-jcl\5.0.8.RELEASE\spring-jcl-5.0.8.RELEASE.jar;C:\Users\adoba\.m2\repository\org\springframework\spring-test\5.0.8.RELEASE\spring-test-5.0.8.RELEASE.jar;C:\Users\adoba\.m2\repository\org\xmlunit\xmlunit-core\2.5.1\xmlunit-core-2.5.1.jar;C:\Users\adoba\.m2\repository\org\springframework\boot\spring-boot-starter-data-jpa\2.0.4.RELEASE\spring-boot-starter-data-jpa-2.0.4.RELEASE.jar;C:\Users\adoba\.m2\repository\org\springframework\boot\spring-boot-starter-aop\2.0.4.RELEASE\spring-boot-starter-aop-2.0.4.RELEASE.jar;C:\Users\adoba\.m2\repository\org\aspectj\aspectjweaver\1.8.13\aspectjweaver-1.8.13.jar;C:\Users\adoba\.m2\repository\org\springframework\boot\spring-boot-starter-jdbc\2.0.4.RELEASE\spring-boot-starter-jdbc-2.0.4.RELEASE.jar;C:\Users\adoba\.m2\repository\com\zaxxer\HikariCP\2.7.9\HikariCP-2.7.9.jar;C:\Users\adoba\.m2\repository\org\springframework\spring-jdbc\5.0.8.RELEASE\spring-jdbc-5.0.8.RELEASE.jar;C:\Users\adoba\.m2\repository\org\hibernate\hibernate-core\5.2.17.Final\hibernate-core-5.2.17.Final.jar;C:\Users\adoba\.m2\repository\org\jboss\logging\jboss-logging\3.3.2.Final\jboss-logging-3.3.2.Final.jar;C:\Users\adoba\.m2\repository\org\hibernate\javax\persistence\hibernate-jpa-2.1-api\1.0.2.Final\hibernate-jpa-2.1-api-1.0.2.Final.jar;C:\Users\adoba\.m2\repository\org\javassist\javassist\3.22.0-GA\javassist-3.22.0-GA.jar;C:\Users\adoba\.m2\repository\antlr\antlr\2.7.7\antlr-2.7.7.jar;C:\Users\adoba\.m2\repository\org\jboss\jandex\2.0.3.Final\jandex-2.0.3.Final.jar;C:\Users\adoba\.m2\repository\com\fasterxml\classmate\1.3.4\classmate-1.3.4.jar;C:\Users\adoba\.m2\repository\dom4j\dom4j\1.6.1\dom4j-1.6.1.jar;C:\Users\adoba\.m2\repository\org\hibernate\common\hibernate-commons-annotations\5.0.1.Final\hibernate-commons-annotations-5.0.1.Final.jar;C:\Users\adoba\.m2\repository\javax\transaction\javax.transaction-api\1.2\javax.transaction-api-1.2.jar;C:\Users\adoba\.m2\repository\org\springframework\data\spring-data-jpa\2.0.9.RELEASE\spring-data-jpa-2.0.9.RELEASE.jar;C:\Users\adoba\.m2\repository\org\springframework\data\spring-data-commons\2.0.9.RELEASE\spring-data-commons-2.0.9.RELEASE.jar;C:\Users\adoba\.m2\repository\org\springframework\spring-orm\5.0.8.RELEASE\spring-orm-5.0.8.RELEASE.jar;C:\Users\adoba\.m2\repository\org\springframework\spring-context\5.0.8.RELEASE\spring-context-5.0.8.RELEASE.jar;C:\Users\adoba\.m2\repository\org\springframework\spring-tx\5.0.8.RELEASE\spring-tx-5.0.8.RELEASE.jar;C:\Users\adoba\.m2\repository\org\springframework\spring-beans\5.0.8.RELEASE\spring-beans-5.0.8.RELEASE.jar;C:\Users\adoba\.m2\repository\org\springframework\spring-aspects\5.0.8.RELEASE\spring-aspects-5.0.8.RELEASE.jar;C:\Users\adoba\.m2\repository\org\springframework\boot\spring-boot-starter-web\2.0.4.RELEASE\spring-boot-starter-web-2.0.4.RELEASE.jar;C:\Users\adoba\.m2\repository\org\springframework\boot\spring-boot-starter-json\2.0.4.RELEASE\spring-boot-starter-json-2.0.4.RELEASE.jar;C:\Users\adoba\.m2\repository\com\fasterxml\jackson\core\jackson-databind\2.9.6\jackson-databind-2.9.6.jar;C:\Users\adoba\.m2\repository\com\fasterxml\jackson\core\jackson-annotations\2.9.0\jackson-annotations-2.9.0.jar;C:\Users\adoba\.m2\repository\com\fasterxml\jackson\core\jackson-core\2.9.6\jackson-core-2.9.6.jar;C:\Users\adoba\.m2\repository\com\fasterxml\jackson\datatype\jackson-datatype-jdk8\2.9.6\jackson-datatype-jdk8-2.9.6.jar;C:\Users\adoba\.m2\repository\com\fasterxml\jackson\datatype\jackson-datatype-jsr310\2.9.6\jackson-datatype-jsr310-2.9.6.jar;C:\Users\adoba\.m2\repository\com\fasterxml\jackson\module\jackson-module-parameter-names\2.9.6\jackson-module-parameter-names-2.9.6.jar;C:\Users\adoba\.m2\repository\org\springframework\boot\spring-boot-starter-tomcat\2.0.4.RELEASE\spring-boot-starter-tomcat-2.0.4.RELEASE.jar;C:\Users\adoba\.m2\repository\org\apache\tomcat\embed\tomcat-embed-core\8.5.32\tomcat-embed-core-8.5.32.jar;C:\Users\adoba\.m2\repository\org\apache\tomcat\embed\tomcat-embed-el\8.5.32\tomcat-embed-el-8.5.32.jar;C:\Users\adoba\.m2\repository\org\apache\tomcat\embed\tomcat-embed-websocket\8.5.32\tomcat-embed-websocket-8.5.32.jar;C:\Users\adoba\.m2\repository\org\hibernate\validator\hibernate-validator\6.0.11.Final\hibernate-validator-6.0.11.Final.jar;C:\Users\adoba\.m2\repository\javax\validation\validation-api\2.0.1.Final\validation-api-2.0.1.Final.jar;C:\Users\adoba\.m2\repository\org\springframework\spring-web\5.0.8.RELEASE\spring-web-5.0.8.RELEASE.jar;C:\Users\adoba\.m2\repository\org\springframework\spring-webmvc\5.0.8.RELEASE\spring-webmvc-5.0.8.RELEASE.jar;C:\Users\adoba\.m2\repository\org\springframework\spring-expression\5.0.8.RELEASE\spring-expression-5.0.8.RELEASE.jar;C:\Users\adoba\.m2\repository\org\springframework\boot\spring-boot-starter-thymeleaf\2.0.4.RELEASE\spring-boot-starter-thymeleaf-2.0.4.RELEASE.jar;C:\Users\adoba\.m2\repository\org\thymeleaf\thymeleaf-spring5\3.0.9.RELEASE\thymeleaf-spring5-3.0.9.RELEASE.jar;C:\Users\adoba\.m2\repository\org\thymeleaf\thymeleaf\3.0.9.RELEASE\thymeleaf-3.0.9.RELEASE.jar;C:\Users\adoba\.m2\repository\org\attoparser\attoparser\2.0.4.RELEASE\attoparser-2.0.4.RELEASE.jar;C:\Users\adoba\.m2\repository\org\unbescape\unbescape\1.1.5.RELEASE\unbescape-1.1.5.RELEASE.jar;C:\Users\adoba\.m2\repository\org\thymeleaf\extras\thymeleaf-extras-java8time\3.0.1.RELEASE\thymeleaf-extras-java8time-3.0.1.RELEASE.jar;C:\Users\adoba\.m2\repository\org\springframework\boot\spring-boot-starter-security\2.0.4.RELEASE\spring-boot-starter-security-2.0.4.RELEASE.jar;C:\Users\adoba\.m2\repository\org\springframework\spring-aop\5.0.8.RELEASE\spring-aop-5.0.8.RELEASE.jar;C:\Users\adoba\.m2\repository\org\springframework\security\spring-security-config\5.0.7.RELEASE\spring-security-config-5.0.7.RELEASE.jar;C:\Users\adoba\.m2\repository\org\springframework\security\spring-security-core\5.0.7.RELEASE\spring-security-core-5.0.7.RELEASE.jar;C:\Users\adoba\.m2\repository\org\springframework\security\spring-security-web\5.0.7.RELEASE\spring-security-web-5.0.7.RELEASE.jar;C:\Users\adoba\.m2\repository\org\springframework\boot\spring-boot-devtools\2.0.4.RELEASE\spring-boot-devtools-2.0.4.RELEASE.jar;C:\Users\adoba\.m2\repository\org\springframework\boot\spring-boot\2.0.4.RELEASE\spring-boot-2.0.4.RELEASE.jar;C:\Users\adoba\.m2\repository\org\springframework\boot\spring-boot-autoconfigure\2.0.4.RELEASE\spring-boot-autoconfigure-2.0.4.RELEASE.jar;C:\Users\adoba\.m2\repository\mysql\mysql-connector-java\5.1.46\mysql-connector-java-5.1.46.jar;C:\Users\adoba\.m2\repository\com\h2database\h2\1.4.197\h2-1.4.197.jar;C:\Users\adoba\.m2\repository\org\apache\maven\plugins\maven-surefire-plugin\3.0.0-M4\maven-surefire-plugin-3.0.0-M4.jar;C:\Users\adoba\.m2\repository\org\apache\maven\surefire\maven-surefire-common\3.0.0-M4\maven-surefire-common-3.0.0-M4.jar;C:\Users\adoba\.m2\repository\org\apache\maven\surefire\surefire-api\3.0.0-M4\surefire-api-3.0.0-M4.jar;C:\Users\adoba\.m2\repository\org\apache\maven\surefire\surefire-logger-api\3.0.0-M4\surefire-logger-api-3.0.0-M4.jar;C:\Users\adoba\.m2\repository\org\apache\maven\surefire\surefire-extensions-api\3.0.0-M4\surefire-extensions-api-3.0.0-M4.jar;C:\Users\adoba\.m2\repository\org\apache\maven\surefire\surefire-booter\3.0.0-M4\surefire-booter-3.0.0-M4.jar;C:\Users\adoba\.m2\repository\org\apache\maven\maven-toolchain\3.0-alpha-2\maven-toolchain-3.0-alpha-2.jar;C:\Users\adoba\.m2\repository\org\apache\maven\shared\maven-artifact-transfer\0.11.0\maven-artifact-transfer-0.11.0.jar;C:\Users\adoba\.m2\repository\org\apache\maven\shared\maven-common-artifact-filters\3.0.1\maven-common-artifact-filters-3.0.1.jar;C:\Users\adoba\.m2\repository\org\apache\maven\shared\maven-shared-utils\3.1.0\maven-shared-utils-3.1.0.jar;C:\Users\adoba\.m2\repository\commons-io\commons-io\2.5\commons-io-2.5.jar;C:\Users\adoba\.m2\repository\commons-codec\commons-codec\1.11\commons-codec-1.11.jar;C:\Users\adoba\.m2\repository\org\codehaus\plexus\plexus-java\1.0.3\plexus-java-1.0.3.jar;C:\Users\adoba\.m2\repository\com\thoughtworks\qdox\qdox\2.0-M9\qdox-2.0-M9.jar;C:\Users\adoba\.m2\repository\org\jacoco\jacoco-maven-plugin\0.8.5\jacoco-maven-plugin-0.8.5.jar;C:\Users\adoba\.m2\repository\org\apache\maven\maven-plugin-api\3.0\maven-plugin-api-3.0.jar;C:\Users\adoba\.m2\repository\org\apache\maven\maven-model\3.0\maven-model-3.0.jar;C:\Users\adoba\.m2\repository\org\apache\maven\maven-artifact\3.0\maven-artifact-3.0.jar;C:\Users\adoba\.m2\repository\org\sonatype\sisu\sisu-inject-plexus\1.4.2\sisu-inject-plexus-1.4.2.jar;C:\Users\adoba\.m2\repository\org\sonatype\sisu\sisu-inject-bean\1.4.2\sisu-inject-bean-1.4.2.jar;C:\Users\adoba\.m2\repository\org\sonatype\sisu\sisu-guice\2.1.7\sisu-guice-2.1.7-noaop.jar;C:\Users\adoba\.m2\repository\org\apache\maven\maven-core\3.0\maven-core-3.0.jar;C:\Users\adoba\.m2\repository\org\apache\maven\maven-settings\3.0\maven-settings-3.0.jar;C:\Users\adoba\.m2\repository\org\apache\maven\maven-settings-builder\3.0\maven-settings-builder-3.0.jar;C:\Users\adoba\.m2\repository\org\apache\maven\maven-repository-metadata\3.0\maven-repository-metadata-3.0.jar;C:\Users\adoba\.m2\repository\org\apache\maven\maven-model-builder\3.0\maven-model-builder-3.0.jar;C:\Users\adoba\.m2\repository\org\apache\maven\maven-aether-provider\3.0\maven-aether-provider-3.0.jar;C:\Users\adoba\.m2\repository\org\sonatype\aether\aether-impl\1.7\aether-impl-1.7.jar;C:\Users\adoba\.m2\repository\org\sonatype\aether\aether-spi\1.7\aether-spi-1.7.jar;C:\Users\adoba\.m2\repository\org\sonatype\aether\aether-api\1.7\aether-api-1.7.jar;C:\Users\adoba\.m2\repository\org\sonatype\aether\aether-util\1.7\aether-util-1.7.jar;C:\Users\adoba\.m2\repository\org\codehaus\plexus\plexus-interpolation\1.14\plexus-interpolation-1.14.jar;C:\Users\adoba\.m2\repository\org\codehaus\plexus\plexus-classworlds\2.2.3\plexus-classworlds-2.2.3.jar;C:\Users\adoba\.m2\repository\org\codehaus\plexus\plexus-component-annotations\1.5.5\plexus-component-annotations-1.5.5.jar;C:\Users\adoba\.m2\repository\org\sonatype\plexus\plexus-sec-dispatcher\1.3\plexus-sec-dispatcher-1.3.jar;C:\Users\adoba\.m2\repository\org\sonatype\plexus\plexus-cipher\1.4\plexus-cipher-1.4.jar;C:\Users\adoba\.m2\repository\org\codehaus\plexus\plexus-utils\3.0.22\plexus-utils-3.0.22.jar;C:\Users\adoba\.m2\repository\org\apache\maven\shared\file-management\1.2.1\file-management-1.2.1.jar;C:\Users\adoba\.m2\repository\org\apache\maven\shared\maven-shared-io\1.1\maven-shared-io-1.1.jar;C:\Users\adoba\.m2\repository\org\apache\maven\maven-artifact-manager\2.0.2\maven-artifact-manager-2.0.2.jar;C:\Users\adoba\.m2\repository\org\apache\maven\wagon\wagon-provider-api\1.0-alpha-6\wagon-provider-api-1.0-alpha-6.jar;C:\Users\adoba\.m2\repository\org\codehaus\plexus\plexus-container-default\1.0-alpha-9\plexus-container-default-1.0-alpha-9.jar;C:\Users\adoba\.m2\repository\classworlds\classworlds\1.1-alpha-2\classworlds-1.1-alpha-2.jar;C:\Users\adoba\.m2\repository\org\apache\maven\reporting\maven-reporting-api\3.0\maven-reporting-api-3.0.jar;C:\Users\adoba\.m2\repository\org\apache\maven\doxia\doxia-sink-api\1.0\doxia-sink-api-1.0.jar;C:\Users\adoba\.m2\repository\org\apache\maven\reporting\maven-reporting-impl\2.1\maven-reporting-impl-2.1.jar;C:\Users\adoba\.m2\repository\org\apache\maven\maven-project\2.0.10\maven-project-2.0.10.jar;C:\Users\adoba\.m2\repository\org\apache\maven\maven-profile\2.0.10\maven-profile-2.0.10.jar;C:\Users\adoba\.m2\repository\org\apache\maven\maven-plugin-registry\2.0.10\maven-plugin-registry-2.0.10.jar;C:\Users\adoba\.m2\repository\org\apache\maven\doxia\doxia-core\1.1.2\doxia-core-1.1.2.jar;C:\Users\adoba\.m2\repository\org\apache\maven\doxia\doxia-logging-api\1.1.2\doxia-logging-api-1.1.2.jar;C:\Users\adoba\.m2\repository\xerces\xercesImpl\2.8.1\xercesImpl-2.8.1.jar;C:\Users\adoba\.m2\repository\commons-lang\commons-lang\2.4\commons-lang-2.4.jar;C:\Users\adoba\.m2\repository\commons-httpclient\commons-httpclient\3.1\commons-httpclient-3.1.jar;C:\Users\adoba\.m2\repository\org\apache\maven\doxia\doxia-site-renderer\1.1.2\doxia-site-renderer-1.1.2.jar;C:\Users\adoba\.m2\repository\org\apache\maven\doxia\doxia-decoration-model\1.1.2\doxia-decoration-model-1.1.2.jar;C:\Users\adoba\.m2\repository\org\apache\maven\doxia\doxia-module-xhtml\1.1.2\doxia-module-xhtml-1.1.2.jar;C:\Users\adoba\.m2\repository\org\apache\maven\doxia\doxia-module-fml\1.1.2\doxia-module-fml-1.1.2.jar;C:\Users\adoba\.m2\repository\org\codehaus\plexus\plexus-i18n\1.0-beta-7\plexus-i18n-1.0-beta-7.jar;C:\Users\adoba\.m2\repository\org\codehaus\plexus\plexus-velocity\1.1.7\plexus-velocity-1.1.7.jar;C:\Users\adoba\.m2\repository\org\apache\velocity\velocity\1.5\velocity-1.5.jar;C:\Users\adoba\.m2\repository\commons-collections\commons-collections\3.2\commons-collections-3.2.jar;C:\Users\adoba\.m2\repository\commons-validator\commons-validator\1.2.0\commons-validator-1.2.0.jar;C:\Users\adoba\.m2\repository\commons-beanutils\commons-beanutils\1.7.0\commons-beanutils-1.7.0.jar;C:\Users\adoba\.m2\repository\commons-digester\commons-digester\1.6\commons-digester-1.6.jar;C:\Users\adoba\.m2\repository\commons-logging\commons-logging\1.0.4\commons-logging-1.0.4.jar;C:\Users\adoba\.m2\repository\oro\oro\2.0.8\oro-2.0.8.jar;C:\Users\adoba\.m2\repository\xml-apis\xml-apis\1.4.01\xml-apis-1.4.01.jar;C:\Users\adoba\.m2\repository\org\jacoco\org.jacoco.agent\0.8.5\org.jacoco.agent-0.8.5-runtime.jar;C:\Users\adoba\.m2\repository\org\jacoco\org.jacoco.core\0.8.5\org.jacoco.core-0.8.5.jar;C:\Users\adoba\.m2\repository\org\ow2\asm\asm\7.2\asm-7.2.jar;C:\Users\adoba\.m2\repository\org\ow2\asm\asm-commons\7.2\asm-commons-7.2.jar;C:\Users\adoba\.m2\repository\org\ow2\asm\asm-analysis\7.2\asm-analysis-7.2.jar;C:\Users\adoba\.m2\repository\org\ow2\asm\asm-tree\7.2\asm-tree-7.2.jar;C:\Users\adoba\.m2\repository\org\jacoco\org.jacoco.report\0.8.5\org.jacoco.report-0.8.5.jar;, java.specification.name=Java Platform API Specification, java.class.version=52.0, sun.management.compiler=HotSpot 64-Bit Tiered Compilers, os.version=10.0, user.home=C:\Users\adoba, user.timezone=Europe/Paris, java.awt.printerjob=sun.awt.windows.WPrinterJob, file.encoding=Cp1252, java.specification.version=1.8, java.class.path=C:\Users\adoba\eclipse-workspace\JavaDA_PROJECT7_RESTAPI\Poseiden-skeleton\target\test-classes;C:\Users\adoba\eclipse-workspace\JavaDA_PROJECT7_RESTAPI\Poseiden-skeleton\target\classes;C:\Users\adoba\.m2\repository\org\springframework\boot\spring-boot-starter-test\2.0.4.RELEASE\spring-boot-starter-test-2.0.4.RELEASE.jar;C:\Users\adoba\.m2\repository\org\springframework\boot\spring-boot-starter\2.0.4.RELEASE\spring-boot-starter-2.0.4.RELEASE.jar;C:\Users\adoba\.m2\repository\org\springframework\boot\spring-boot-starter-logging\2.0.4.RELEASE\spring-boot-starter-logging-2.0.4.RELEASE.jar;C:\Users\adoba\.m2\repository\ch\qos\logback\logback-classic\1.2.3\logback-classic-1.2.3.jar;C:\Users\adoba\.m2\repository\ch\qos\logback\logback-core\1.2.3\logback-core-1.2.3.jar;C:\Users\adoba\.m2\repository\org\apache\logging\log4j\log4j-to-slf4j\2.10.0\log4j-to-slf4j-2.10.0.jar;C:\Users\adoba\.m2\repository\org\apache\logging\log4j\log4j-api\2.10.0\log4j-api-2.10.0.jar;C:\Users\adoba\.m2\repository\org\slf4j\jul-to-slf4j\1.7.25\jul-to-slf4j-1.7.25.jar;C:\Users\adoba\.m2\repository\javax\annotation\javax.annotation-api\1.3.2\javax.annotation-api-1.3.2.jar;C:\Users\adoba\.m2\repository\org\yaml\snakeyaml\1.19\snakeyaml-1.19.jar;C:\Users\adoba\.m2\repository\org\springframework\boot\spring-boot-test\2.0.4.RELEASE\spring-boot-test-2.0.4.RELEASE.jar;C:\Users\adoba\.m2\repository\org\springframework\boot\spring-boot-test-autoconfigure\2.0.4.RELEASE\spring-boot-test-autoconfigure-2.0.4.RELEASE.jar;C:\Users\adoba\.m2\repository\com\jayway\jsonpath\json-path\2.4.0\json-path-2.4.0.jar;C:\Users\adoba\.m2\repository\net\minidev\json-smart\2.3\json-smart-2.3.jar;C:\Users\adoba\.m2\repository\net\minidev\accessors-smart\1.2\accessors-smart-1.2.jar;C:\Users\adoba\.m2\repository\org\slf4j\slf4j-api\1.7.25\slf4j-api-1.7.25.jar;C:\Users\adoba\.m2\repository\junit\junit\4.12\junit-4.12.jar;C:\Users\adoba\.m2\repository\org\assertj\assertj-core\3.9.1\assertj-core-3.9.1.jar;C:\Users\adoba\.m2\repository\org\mockito\mockito-core\2.15.0\mockito-core-2.15.0.jar;C:\Users\adoba\.m2\repository\net\bytebuddy\byte-buddy\1.7.11\byte-buddy-1.7.11.jar;C:\Users\adoba\.m2\repository\net\bytebuddy\byte-buddy-agent\1.7.11\byte-buddy-agent-1.7.11.jar;C:\Users\adoba\.m2\repository\org\objenesis\objenesis\2.6\objenesis-2.6.jar;C:\Users\adoba\.m2\repository\org\hamcrest\hamcrest-core\1.3\hamcrest-core-1.3.jar;C:\Users\adoba\.m2\repository\org\hamcrest\hamcrest-library\1.3\hamcrest-library-1.3.jar;C:\Users\adoba\.m2\repository\org\skyscreamer\jsonassert\1.5.0\jsonassert-1.5.0.jar;C:\Users\adoba\.m2\repository\com\vaadin\external\google\android-json\0.0.20131108.vaadin1\android-json-0.0.20131108.vaadin1.jar;C:\Users\adoba\.m2\repository\org\springframework\spring-core
[...]
	at org.springframework.beans.factory.support.DefaultListableBeanFactory.raiseNoMatchingBeanFound(DefaultListableBeanFactory.java:1506) ~[spring-beans-5.0.8.RELEASE.jar:5.0.8.RELEASE]
	at org.springframework.beans.factory.support.DefaultListableBeanFactory.doResolveDependency(DefaultListableBeanFactory.java:1101) ~[spring-beans-5.0.8.RELEASE.jar:5.0.8.RELEASE]
	at org.springframework.beans.factory.support.DefaultListableBeanFactory.resolveDependency(DefaultListableBeanFactory.java:1062) ~[spring-beans-5.0.8.RELEASE.jar:5.0.8.RELEASE]
	at org.springframework.beans.factory.annotation.AutowiredAnnotationBeanPostProcessor$AutowiredFieldElement.inject(AutowiredAnnotationBeanPostProcessor.java:583) ~[spring-beans-5.0.8.RELEASE.jar:5.0.8.RELEASE]
	... 45 common frames omitted

]]></system-out>
    <system-err><![CDATA[Wed Jan 27 20:54:32 CET 2021 WARN: Establishing SSL connection without server's identity verification is not recommended. According to MySQL 5.5.45+, 5.6.26+ and 5.7.6+ requirements SSL connection must be established by default if explicit option isn't set. For compliance with existing applications not using SSL the verifyServerCertificate property is set to 'false'. You need either to explicitly disable SSL by setting useSSL=false, or set useSSL=true and provide truststore for server certificate verification.
Wed Jan 27 20:54:34 CET 2021 WARN: Establishing SSL connection without server's identity verification is not recommended. According to MySQL 5.5.45+, 5.6.26+ and 5.7.6+ requirements SSL connection must be established by default if explicit option isn't set. For compliance with existing applications not using SSL the verifyServerCertificate property is set to 'false'. You need either to explicitly disable SSL by setting useSSL=false, or set useSSL=true and provide truststore for server certificate verification.
Wed Jan 27 20:54:34 CET 2021 WARN: Establishing SSL connection without server's identity verification is not recommended. According to MySQL 5.5.45+, 5.6.26+ and 5.7.6+ requirements SSL connection must be established by default if explicit option isn't set. For compliance with existing applications not using SSL the verifyServerCertificate property is set to 'false'. You need either to explicitly disable SSL by setting useSSL=false, or set useSSL=true and provide truststore for server certificate verification.
Wed Jan 27 20:54:34 CET 2021 WARN: Establishing SSL connection without server's identity verification is not recommended. According to MySQL 5.5.45+, 5.6.26+ and 5.7.6+ requirements SSL connection must be established by default if explicit option isn't set. For compliance with existing applications not using SSL the verifyServerCertificate property is set to 'false'. You need either to explicitly disable SSL by setting useSSL=false, or set useSSL=true and provide truststore for server certificate verification.
Wed Jan 27 20:54:35 CET 2021 WARN: Establishing SSL connection without server's identity verification is not recommended. According to MySQL 5.5.45+, 5.6.26+ and 5.7.6+ requirements SSL connection must be established by default if explicit option isn't set. For compliance with existing applications not using SSL the verifyServerCertificate property is set to 'false'. You need either to explicitly disable SSL by setting useSSL=false, or set useSSL=true and provide truststore for server certificate verification.
Wed Jan 27 20:54:35 CET 2021 WARN: Establishing SSL connection without server's identity verification is not recommended. According to MySQL 5.5.45+, 5.6.26+ and 5.7.6+ requirements SSL connection must be established by default if explicit option isn't set. For compliance with existing applications not using SSL the verifyServerCertificate property is set to 'false'. You need either to explicitly disable SSL by setting useSSL=false, or set useSSL=true and provide truststore for server certificate verification.
Wed Jan 27 20:54:35 CET 2021 WARN: Establishing SSL connection without server's identity verification is not recommended. According to MySQL 5.5.45+, 5.6.26+ and 5.7.6+ requirements SSL connection must be established by default if explicit option isn't set. For compliance with existing applications not using SSL the verifyServerCertificate property is set to 'false'. You need either to explicitly disable SSL by setting useSSL=false, or set useSSL=true and provide truststore for server certificate verification.
Wed Jan 27 20:54:35 CET 2021 WARN: Establishing SSL connection without server's identity verification is not recommended. According to MySQL 5.5.45+, 5.6.26+ and 5.7.6+ requirements SSL connection must be established by default if explicit option isn't set. For compliance with existing applications not using SSL the verifyServerCertificate property is set to 'false'. You need either to explicitly disable SSL by setting useSSL=false, or set useSSL=true and provide truststore for server certificate verification.
Wed Jan 27 20:54:35 CET 2021 WARN: Establishing SSL connection without server's identity verification is not recommended. According to MySQL 5.5.45+, 5.6.26+ and 5.7.6+ requirements SSL connection must be established by default if explicit option isn't set. For compliance with existing applications not using SSL the verifyServerCertificate property is set to 'false'. You need either to explicitly disable SSL by setting useSSL=false, or set useSSL=true and provide truststore for server certificate verification.
Wed Jan 27 20:54:35 CET 2021 WARN: Establishing SSL connection without server's identity verification is not recommended. According to MySQL 5.5.45+, 5.6.26+ and 5.7.6+ requirements SSL connection must be established by default if explicit option isn't set. For compliance with existing applications not using SSL the verifyServerCertificate property is set to 'false'. You need either to explicitly disable SSL by setting useSSL=false, or set useSSL=true and provide truststore for server certificate verification.
Wed Jan 27 20:54:41 CET 2021 WARN: Caught while disconnecting...

EXCEPTION STACK TRACE:



** BEGIN NESTED EXCEPTION ** 

javax.net.ssl.SSLException
MESSAGE: closing inbound before receiving peer's close_notify

STACKTRACE:

javax.net.ssl.SSLException: closing inbound before receiving peer's close_notify
	at sun.security.ssl.Alert.createSSLException(Alert.java:133)
	at sun.security.ssl.Alert.createSSLException(Alert.java:117)
	at sun.security.ssl.TransportContext.fatal(TransportContext.java:314)
	at sun.security.ssl.TransportContext.fatal(TransportContext.java:270)
	at sun.security.ssl.TransportContext.fatal(TransportContext.java:261)
	at sun.security.ssl.SSLSocketImpl.shutdownInput(SSLSocketImpl.java:656)
	at sun.security.ssl.SSLSocketImpl.shutdownInput(SSLSocketImpl.java:635)
	at com.mysql.jdbc.MysqlIO.quit(MysqlIO.java:2249)
	at com.mysql.jdbc.ConnectionImpl.realClose(ConnectionImpl.java:4221)
	at com.mysql.jdbc.ConnectionImpl.close(ConnectionImpl.java:1464)
	at com.zaxxer.hikari.pool.PoolBase.quietlyCloseConnection(PoolBase.java:132)
	at com.zaxxer.hikari.pool.HikariPool.lambda$closeConnection$1(HikariPool.java:434)
	at java.util.concurrent.ThreadPoolExecutor.runWorker(ThreadPoolExecutor.java:1149)
	at java.util.concurrent.ThreadPoolExecutor$Worker.run(ThreadPoolExecutor.java:624)
	at java.lang.Thread.run(Thread.java:748)


** END NESTED EXCEPTION **


Wed Jan 27 20:54:41 CET 2021 WARN: Caught while disconnecting...

EXCEPTION STACK TRACE:



** BEGIN NESTED EXCEPTION ** 

javax.net.ssl.SSLException
MESSAGE: closing inbound before receiving peer's close_notify

STACKTRACE:

javax.net.ssl.SSLException: closing inbound before receiving peer's close_notify
	at sun.security.ssl.Alert.createSSLException(Alert.java:133)
	at sun.security.ssl.Alert.createSSLException(Alert.java:117)
	at sun.security.ssl.TransportContext.fatal(TransportContext.java:314)
	at sun.security.ssl.TransportContext.fatal(TransportContext.java:270)
	at sun.security.ssl.TransportContext.fatal(TransportContext.java:261)
	at sun.security.ssl.SSLSocketImpl.shutdownInput(SSLSocketImpl.java:656)
	at sun.security.ssl.SSLSocketImpl.shutdownInput(SSLSocketImpl.java:635)
	at com.mysql.jdbc.MysqlIO.quit(MysqlIO.java:2249)
	at com.mysql.jdbc.ConnectionImpl.realClose(ConnectionImpl.java:4221)
	at com.mysql.jdbc.ConnectionImpl.close(ConnectionImpl.java:1464)
	at com.zaxxer.hikari.pool.PoolBase.quietlyCloseConnection(PoolBase.java:132)
	at com.zaxxer.hikari.pool.HikariPool.lambda$closeConnection$1(HikariPool.java:434)
	at java.util.concurrent.ThreadPoolExecutor.runWorker(ThreadPoolExecutor.java:1149)
	at java.util.concurrent.ThreadPoolExecutor$Worker.run(ThreadPoolExecutor.java:624)
	at java.lang.Thread.run(Thread.java:748)


** END NESTED EXCEPTION **


Wed Jan 27 20:54:41 CET 2021 WARN: Caught while disconnecting...

EXCEPTION STACK TRACE:



** BEGIN NESTED EXCEPTION ** 

javax.net.ssl.SSLException
MESSAGE: closing inbound before receiving peer's close_notify

STACKTRACE:

javax.net.ssl.SSLException: closing inbound before receiving peer's close_notify
	at sun.security.ssl.Alert.createSSLException(Alert.java:133)
	at sun.security.ssl.Alert.createSSLException(Alert.java:117)
	at sun.security.ssl.TransportContext.fatal(TransportContext.java:314)
	at sun.security.ssl.TransportContext.fatal(TransportContext.java:270)
	at sun.security.ssl.TransportContext.fatal(TransportContext.java:261)
	at sun.security.ssl.SSLSocketImpl.shutdownInput(SSLSocketImpl.java:656)
	at sun.security.ssl.SSLSocketImpl.shutdownInput(SSLSocketImpl.java:635)
	at com.mysql.jdbc.MysqlIO.quit(MysqlIO.java:2249)
	at com.mysql.jdbc.ConnectionImpl.realClose(ConnectionImpl.java:4221)
	at com.mysql.jdbc.ConnectionImpl.close(ConnectionImpl.java:1464)
	at com.zaxxer.hikari.pool.PoolBase.quietlyCloseConnection(PoolBase.java:132)
	at com.zaxxer.hikari.pool.HikariPool.lambda$closeConnection$1(HikariPool.java:434)
	at java.util.concurrent.ThreadPoolExecutor.runWorker(ThreadPoolExecutor.java:1149)
	at java.util.concurrent.ThreadPoolExecutor$Worker.run(ThreadPoolExecutor.java:624)
	at java.lang.Thread.run(Thread.java:748)


** END NESTED EXCEPTION **


Wed Jan 27 20:54:41 CET 2021 WARN: Caught while disconnecting...

EXCEPTION STACK TRACE:



** BEGIN NESTED EXCEPTION ** 

javax.net.ssl.SSLException
MESSAGE: closing inbound before receiving peer's close_notify

STACKTRACE:

javax.net.ssl.SSLException: closing inbound before receiving peer's close_notify
	at sun.security.ssl.Alert.createSSLException(Alert.java:133)
	at sun.security.ssl.Alert.createSSLException(Alert.java:117)
	at sun.security.ssl.TransportContext.fatal(TransportContext.java:314)
	at sun.security.ssl.TransportContext.fatal(TransportContext.java:270)
	at sun.security.ssl.TransportContext.fatal(TransportContext.java:261)
	at sun.security.ssl.SSLSocketImpl.shutdownInput(SSLSocketImpl.java:656)
	at sun.security.ssl.SSLSocketImpl.shutdownInput(SSLSocketImpl.java:635)
	at com.mysql.jdbc.MysqlIO.quit(MysqlIO.java:2249)
	at com.mysql.jdbc.ConnectionImpl.realClose(ConnectionImpl.java:4221)
	at com.mysql.jdbc.ConnectionImpl.close(ConnectionImpl.java:1464)
	at com.zaxxer.hikari.pool.PoolBase.quietlyCloseConnection(PoolBase.java:132)
	at com.zaxxer.hikari.pool.HikariPool.lambda$closeConnection$1(HikariPool.java:434)
	at java.util.concurrent.ThreadPoolExecutor.runWorker(ThreadPoolExecutor.java:1149)
	at java.util.concurrent.ThreadPoolExecutor$Worker.run(ThreadPoolExecutor.java:624)
	at java.lang.Thread.run(Thread.java:748)


** END NESTED EXCEPTION **


Wed Jan 27 20:54:41 CET 2021 WARN: Caught while disconnecting...

EXCEPTION STACK TRACE:



** BEGIN NESTED EXCEPTION ** 

javax.net.ssl.SSLException
MESSAGE: closing inbound before receiving peer's close_notify

STACKTRACE:

javax.net.ssl.SSLException: closing inbound before receiving peer's close_notify
	at sun.security.ssl.Alert.createSSLException(Alert.java:133)
	at sun.security.ssl.Alert.createSSLException(Alert.java:117)
	at sun.security.ssl.TransportContext.fatal(TransportContext.java:314)
	at sun.security.ssl.TransportContext.fatal(TransportContext.java:270)
	at sun.security.ssl.TransportContext.fatal(TransportContext.java:261)
	at sun.security.ssl.SSLSocketImpl.shutdownInput(SSLSocketImpl.java:656)
	at sun.security.ssl.SSLSocketImpl.shutdownInput(SSLSocketImpl.java:635)
	at com.mysql.jdbc.MysqlIO.quit(MysqlIO.java:2249)
	at com.mysql.jdbc.ConnectionImpl.realClose(ConnectionImpl.java:4221)
	at com.mysql.jdbc.ConnectionImpl.close(ConnectionImpl.java:1464)
	at com.zaxxer.hikari.pool.PoolBase.quietlyCloseConnection(PoolBase.java:132)
	at com.zaxxer.hikari.pool.HikariPool.lambda$closeConnection$1(HikariPool.java:434)
	at java.util.concurrent.ThreadPoolExecutor.runWorker(ThreadPoolExecutor.java:1149)
	at java.util.concurrent.ThreadPoolExecutor$Worker.run(ThreadPoolExecutor.java:624)
	at java.lang.Thread.run(Thread.java:748)


** END NESTED EXCEPTION **


Wed Jan 27 20:54:41 CET 2021 WARN: Caught while disconnecting...

EXCEPTION STACK TRACE:



** BEGIN NESTED EXCEPTION ** 

javax.net.ssl.SSLException
MESSAGE: closing inbound before receiving peer's close_notify

STACKTRACE:

javax.net.ssl.SSLException: closing inbound before receiving peer's close_notify
	at sun.security.ssl.Alert.createSSLException(Alert.java:133)
	at sun.security.ssl.Alert.createSSLException(Alert.java:117)
	at sun.security.ssl.TransportContext.fatal(TransportContext.java:314)
	at sun.security.ssl.TransportContext.fatal(TransportContext.java:270)
	at sun.security.ssl.TransportContext.fatal(TransportContext.java:261)
	at sun.security.ssl.SSLSocketImpl.shutdownInput(SSLSocketImpl.java:656)
	at sun.security.ssl.SSLSocketImpl.shutdownInput(SSLSocketImpl.java:635)
	at com.mysql.jdbc.MysqlIO.quit(MysqlIO.java:2249)
	at com.mysql.jdbc.ConnectionImpl.realClose(ConnectionImpl.java:4221)
	at com.mysql.jdbc.ConnectionImpl.close(ConnectionImpl.java:1464)
	at com.zaxxer.hikari.pool.PoolBase.quietlyCloseConnection(PoolBase.java:132)
	at com.zaxxer.hikari.pool.HikariPool.lambda$closeConnection$1(HikariPool.java:434)
	at java.util.concurrent.ThreadPoolExecutor.runWorker(ThreadPoolExecutor.java:1149)
	at java.util.concurrent.ThreadPoolExecutor$Worker.run(ThreadPoolExecutor.java:624)
	at java.lang.Thread.run(Thread.java:748)


** END NESTED EXCEPTION **


Wed Jan 27 20:54:41 CET 2021 WARN: Caught while disconnecting...

EXCEPTION STACK TRACE:



** BEGIN NESTED EXCEPTION ** 

javax.net.ssl.SSLException
MESSAGE: closing inbound before receiving peer's close_notify

STACKTRACE:

javax.net.ssl.SSLException: closing inbound before receiving peer's close_notify
	at sun.security.ssl.Alert.createSSLException(Alert.java:133)
	at sun.security.ssl.Alert.createSSLException(Alert.java:117)
	at sun.security.ssl.TransportContext.fatal(TransportContext.java:314)
	at sun.security.ssl.TransportContext.fatal(TransportContext.java:270)
	at sun.security.ssl.TransportContext.fatal(TransportContext.java:261)
	at sun.security.ssl.SSLSocketImpl.shutdownInput(SSLSocketImpl.java:656)
	at sun.security.ssl.SSLSocketImpl.shutdownInput(SSLSocketImpl.java:635)
	at com.mysql.jdbc.MysqlIO.quit(MysqlIO.java:2249)
	at com.mysql.jdbc.ConnectionImpl.realClose(ConnectionImpl.java:4221)
	at com.mysql.jdbc.ConnectionImpl.close(ConnectionImpl.java:1464)
	at com.zaxxer.hikari.pool.PoolBase.quietlyCloseConnection(PoolBase.java:132)
	at com.zaxxer.hikari.pool.HikariPool.lambda$closeConnection$1(HikariPool.java:434)
	at java.util.concurrent.ThreadPoolExecutor.runWorker(ThreadPoolExecutor.java:1149)
	at java.util.concurrent.ThreadPoolExecutor$Worker.run(ThreadPoolExecutor.java:624)
	at java.lang.Thread.run(Thread.java:748)


** END NESTED EXCEPTION **


Wed Jan 27 20:54:41 CET 2021 WARN: Caught while disconnecting...

EXCEPTION STACK TRACE:



** BEGIN NESTED EXCEPTION ** 

javax.net.ssl.SSLException
MESSAGE: closing inbound before receiving peer's close_notify

STACKTRACE:

javax.net.ssl.SSLException: closing inbound before receiving peer's close_notify
	at sun.security.ssl.Alert.createSSLException(Alert.java:133)
	at sun.security.ssl.Alert.createSSLException(Alert.java:117)
	at sun.security.ssl.TransportContext.fatal(TransportContext.java:314)
	at sun.security.ssl.TransportContext.fatal(TransportContext.java:270)
	at sun.security.ssl.TransportContext.fatal(TransportContext.java:261)
	at sun.security.ssl.SSLSocketImpl.shutdownInput(SSLSocketImpl.java:656)
	at sun.security.ssl.SSLSocketImpl.shutdownInput(SSLSocketImpl.java:635)
	at com.mysql.jdbc.MysqlIO.quit(MysqlIO.java:2249)
	at com.mysql.jdbc.ConnectionImpl.realClose(ConnectionImpl.java:4221)
	at com.mysql.jdbc.ConnectionImpl.close(ConnectionImpl.java:1464)
	at com.zaxxer.hikari.pool.PoolBase.quietlyCloseConnection(PoolBase.java:132)
	at com.zaxxer.hikari.pool.HikariPool.lambda$closeConnection$1(HikariPool.java:434)
	at java.util.concurrent.ThreadPoolExecutor.runWorker(ThreadPoolExecutor.java:1149)
	at java.util.concurrent.ThreadPoolExecutor$Worker.run(ThreadPoolExecutor.java:624)
	at java.lang.Thread.run(Thread.java:748)


** END NESTED EXCEPTION **


Wed Jan 27 20:54:41 CET 2021 WARN: Caught while disconnecting...

EXCEPTION STACK TRACE:



** BEGIN NESTED EXCEPTION ** 

javax.net.ssl.SSLException
MESSAGE: closing inbound before receiving peer's close_notify

STACKTRACE:

javax.net.ssl.SSLException: closing inbound before receiving peer's close_notify
	at sun.security.ssl.Alert.createSSLException(Alert.java:133)
	at sun.security.ssl.Alert.createSSLException(Alert.java:117)
	at sun.security.ssl.TransportContext.fatal(TransportContext.java:314)
	at sun.security.ssl.TransportContext.fatal(TransportContext.java:270)
	at sun.security.ssl.TransportContext.fatal(TransportContext.java:261)
	at sun.security.ssl.SSLSocketImpl.shutdownInput(SSLSocketImpl.java:656)
	at sun.security.ssl.SSLSocketImpl.shutdownInput(SSLSocketImpl.java:635)
	at com.mysql.jdbc.MysqlIO.quit(MysqlIO.java:2249)
	at com.mysql.jdbc.ConnectionImpl.realClose(ConnectionImpl.java:4221)
	at com.mysql.jdbc.ConnectionImpl.close(ConnectionImpl.java:1464)
	at com.zaxxer.hikari.pool.PoolBase.quietlyCloseConnection(PoolBase.java:132)
	at com.zaxxer.hikari.pool.HikariPool.lambda$closeConnection$1(HikariPool.java:434)
	at java.util.concurrent.ThreadPoolExecutor.runWorker(ThreadPoolExecutor.java:1149)
	at java.util.concurrent.ThreadPoolExecutor$Worker.run(ThreadPoolExecutor.java:624)
	at java.lang.Thread.run(Thread.java:748)


** END NESTED EXCEPTION **


Wed Jan 27 20:54:41 CET 2021 WARN: Caught while disconnecting...

EXCEPTION STACK TRACE:



** BEGIN NESTED EXCEPTION ** 

javax.net.ssl.SSLException
MESSAGE: closing inbound before receiving peer's close_notify

STACKTRACE:

javax.net.ssl.SSLException: closing inbound before receiving peer's close_notify
	at sun.security.ssl.Alert.createSSLException(Alert.java:133)
	at sun.security.ssl.Alert.createSSLException(Alert.java:117)
	at sun.security.ssl.TransportContext.fatal(TransportContext.java:314)
	at sun.security.ssl.TransportContext.fatal(TransportContext.java:270)
	at sun.security.ssl.TransportContext.fatal(TransportContext.java:261)
	at sun.security.ssl.SSLSocketImpl.shutdownInput(SSLSocketImpl.java:656)
	at sun.security.ssl.SSLSocketImpl.shutdownInput(SSLSocketImpl.java:635)
	at com.mysql.jdbc.MysqlIO.quit(MysqlIO.java:2249)
	at com.mysql.jdbc.ConnectionImpl.realClose(ConnectionImpl.java:4221)
	at com.mysql.jdbc.ConnectionImpl.close(ConnectionImpl.java:1464)
	at com.zaxxer.hikari.pool.PoolBase.quietlyCloseConnection(PoolBase.java:132)
	at com.zaxxer.hikari.pool.HikariPool.lambda$closeConnection$1(HikariPool.java:434)
	at java.util.concurrent.ThreadPoolExecutor.runWorker(ThreadPoolExecutor.java:1149)
	at java.util.concurrent.ThreadPoolExecutor$Worker.run(ThreadPoolExecutor.java:624)
	at java.lang.Thread.run(Thread.java:748)


** END NESTED EXCEPTION **


]]></system-err>
  </testcase>
</testsuite>